     1 00000000                                 [FORMAT "WCOFF"]
     2 00000000                                 [INSTRSET "i486p"]
     3 00000000                                 [OPTIMIZE 1]
     4 00000000                                 [OPTION 1]
     5 00000000                                 [BITS 32]
     6 00000000                                 	EXTERN	__alloca
     7 00000000                                 	EXTERN	_api_cmdline
     8 00000000                                 	EXTERN	_api_openwin
     9 00000000                                 	EXTERN	_api_putstrwin
    10 00000000                                 	EXTERN	_api_boxfilwin
    11 00000000                                 	EXTERN	_api_fopen
    12 00000000                                 	EXTERN	_api_fsize
    13 00000000                                 	EXTERN	_api_fread
    14 00000000                                 	EXTERN	_api_fclose
    15 00000000                                 	EXTERN	_api_alloctimer
    16 00000000                                 	EXTERN	_api_inittimer
    17 00000000                                 	EXTERN	_api_refreshwin
    18 00000000                                 	EXTERN	_strtol
    19 00000000                                 	EXTERN	_tonetable.0
    20 00000000                                 	EXTERN	_api_beep
    21 00000000                                 	EXTERN	_notetable.1
    22 00000000                                 	EXTERN	_api_settimer
    23 00000000                                 	EXTERN	_api_getkey
    24 00000000                                 	EXTERN	_api_end
    25 00000000                                 	EXTERN	_api_putstr0
    26 00000000                                 [FILE "mmlplay.c"]
    27                                          [SECTION .data]
    28 00000000                                 _tonetable.0:
    29 00000000 3FDF990B                        	DD	1071618315
    30 00000004 43ABEA18                        	DD	1135340056
    31 00000008 47B20C49                        	DD	1202850889
    32 0000000C 4BF56FBD                        	DD	1274376125
    33 00000010 5079B8E9                        	DD	1350154473
    34 00000014 5542C3B4                        	DD	1430438836
    35 00000018 5A54A6C3                        	DD	1515497155
    36 0000001C 5FB3B6FA                        	DD	1605613306
    37 00000020 65648B29                        	DD	1701088041
    38 00000024 6B6C0000                        	DD	1802240000
    39 00000028 71CF3C2F                        	DD	1909406767
    40 0000002C 7893B4D2                        	DD	2022946002
    41 00000030                                 	ALIGNB	4
    42 00000030                                 _notetable.1:
    43 00000030 00000009                        	DD	9
    44 00000034 0000000B                        	DD	11
    45 00000038 00000000                        	DD	0
    46 0000003C 00000002                        	DD	2
    47 00000040 00000004                        	DD	4
    48 00000044 00000005                        	DD	5
    49 00000048 00000007                        	DD	7
    50 0000004C                                 LC0:
    51 0000004C 66 69 6C 65 20 6F 70 65 6E 20   	DB	"file open error.",0x0A,0x00
       00000056 65 72 72 6F 72 2E 0A 00 
    52 0000005E                                 LC1:
    53 0000005E 6D 6D 6C 70 6C 61 79 00         	DB	"mmlplay",0x00
    54 00000066                                 LC3:
    55 00000066 6D 6D 6C 20 73 79 6E 74 61 78   	DB	"mml syntax error.",0x0A,0x00
       00000070 20 65 72 72 6F 72 2E 0A 00 
    56 00000079                                 LC2:
    57 00000079 6B 61 72 61 6F 6B 65 20 74 6F   	DB	"karaoke too long.",0x0A,0x00
       00000083 6F 20 6C 6F 6E 67 2E 0A 00 
    58                                          [SECTION .text]
    59 00000000                                 	GLOBAL	_HighMain
    60 00000000                                 _HighMain:
    61 00000000 55                              	PUSH	EBP
    62 00000001 B8 00020044                     	MOV	EAX,131140
    63 00000006 89 E5                           	MOV	EBP,ESP
    64 00000008 57                              	PUSH	EDI
    65 00000009 56                              	PUSH	ESI
    66 0000000A 53                              	PUSH	EBX
    67 0000000B 8D 9D FFFDFFD4                  	LEA	EBX,DWORD [-131116+EBP]
    68 00000011 E8 [00000000]                   	CALL	__alloca
    69 00000016 6A 1E                           	PUSH	30
    70 00000018 53                              	PUSH	EBX
    71 00000019 C7 85 FFFDFFC4 00000078         	MOV	DWORD [-131132+EBP],120
    72 00000023 C7 85 FFFDFFC0 00000030         	MOV	DWORD [-131136+EBP],48
    73 0000002D C7 85 FFFDFFBC 00000004         	MOV	DWORD [-131140+EBP],4
    74 00000037 C7 85 FFFDFFB8 00000007         	MOV	DWORD [-131144+EBP],7
    75 00000041 C7 85 FFFDFFB4 00000000         	MOV	DWORD [-131148+EBP],0
    76 0000004B E8 [00000000]                   	CALL	_api_cmdline
    77 00000050 89 D9                           	MOV	ECX,EBX
    78 00000052 58                              	POP	EAX
    79 00000053 89 9D FFFDFFD0                  	MOV	DWORD [-131120+EBP],EBX
    80 00000059 5A                              	POP	EDX
    81 0000005A 80 BD FFFDFFD4 20               	CMP	BYTE [-131116+EBP],32
    82 00000061 7E 19                           	JLE	L118
    83 00000063 8D 95 FFFDFFD5                  	LEA	EDX,DWORD [-131115+EBP]
    84 00000069                                 L6:
    85 00000069 89 D0                           	MOV	EAX,EDX
    86 0000006B 89 95 FFFDFFD0                  	MOV	DWORD [-131120+EBP],EDX
    87 00000071 8D 51 02                        	LEA	EDX,DWORD [2+ECX]
    88 00000074 89 C1                           	MOV	ECX,EAX
    89 00000076 80 7A FF 20                     	CMP	BYTE [-1+EDX],32
    90 0000007A 7F ED                           	JG	L6
    91 0000007C                                 L118:
    92 0000007C 8B 8D FFFDFFD0                  	MOV	ECX,DWORD [-131120+EBP]
    93 00000082 80 39 20                        	CMP	BYTE [ECX],32
    94 00000085 0F 84 00000787                  	JE	L139
    95 0000008B                                 L120:
    96 0000008B FC                              	CLD
    97 0000008C 83 C9 FF                        	OR	ECX,-1
    98 0000008F 31 C0                           	XOR	EAX,EAX
    99 00000091 8B BD FFFDFFD0                  	MOV	EDI,DWORD [-131120+EBP]
   100 00000097 F2                              	REPNE
   101 00000098 AE                              	SCASB
   102 00000099 F7 D1                           	NOT	ECX
   103 0000009B 8D 71 FF                        	LEA	ESI,DWORD [-1+ECX]
   104 0000009E 83 FE 0C                        	CMP	ESI,12
   105 000000A1 7E 0B                           	JLE	L12
   106 000000A3                                 L13:
   107 000000A3 68 [0000004C]                   	PUSH	LC0
   108 000000A8 E8 000007BE                     	CALL	_end
   109 000000AD 5F                              	POP	EDI
   110 000000AE                                 L12:
   111 000000AE 85 F6                           	TEST	ESI,ESI
   112 000000B0 75 08                           	JNE	L14
   113 000000B2 6A 00                           	PUSH	0
   114 000000B4 E8 000007B2                     	CALL	_end
   115 000000B9 5B                              	POP	EBX
   116 000000BA                                 L14:
   117 000000BA 68 [0000005E]                   	PUSH	LC1
   118 000000BF 8D 85 FFFF8FF4                  	LEA	EAX,DWORD [-28684+EBP]
   119 000000C5 6A 70                           	PUSH	112
   120 000000C7 68 00000100                     	PUSH	256
   121 000000CC 50                              	PUSH	EAX
   122 000000CD E8 [00000000]                   	CALL	_api_openwin
   123 000000D2 FF B5 FFFDFFD0                  	PUSH	DWORD [-131120+EBP]
   124 000000D8 56                              	PUSH	ESI
   125 000000D9 89 85 FFFDFFCC                  	MOV	DWORD [-131124+EBP],EAX
   126 000000DF 6A 00                           	PUSH	0
   127 000000E1 6A 20                           	PUSH	32
   128 000000E3 68 00000080                     	PUSH	128
   129 000000E8 50                              	PUSH	EAX
   130 000000E9 E8 [00000000]                   	CALL	_api_putstrwin
   131 000000EE 83 C4 28                        	ADD	ESP,40
   132 000000F1 6A 07                           	PUSH	7
   133 000000F3 6A 4C                           	PUSH	76
   134 000000F5 68 000000F7                     	PUSH	247
   135 000000FA 6A 3C                           	PUSH	60
   136 000000FC 6A 08                           	PUSH	8
   137 000000FE FF B5 FFFDFFCC                  	PUSH	DWORD [-131124+EBP]
   138 00000104 E8 [00000000]                   	CALL	_api_boxfilwin
   139 00000109 6A 07                           	PUSH	7
   140 0000010B 6A 69                           	PUSH	105
   141 0000010D 68 000000F9                     	PUSH	249
   142 00000112 6A 56                           	PUSH	86
   143 00000114 6A 06                           	PUSH	6
   144 00000116 FF B5 FFFDFFCC                  	PUSH	DWORD [-131124+EBP]
   145 0000011C E8 [00000000]                   	CALL	_api_boxfilwin
   146 00000121 83 C4 30                        	ADD	ESP,48
   147 00000124 FF B5 FFFDFFD0                  	PUSH	DWORD [-131120+EBP]
   148 0000012A E8 [00000000]                   	CALL	_api_fopen
   149 0000012F 59                              	POP	ECX
   150 00000130 89 C6                           	MOV	ESI,EAX
   151 00000132 85 C0                           	TEST	EAX,EAX
   152 00000134 0F 84 FFFFFF69                  	JE	L13
   153 0000013A 6A 00                           	PUSH	0
   154 0000013C 50                              	PUSH	EAX
   155 0000013D E8 [00000000]                   	CALL	_api_fsize
   156 00000142 89 C7                           	MOV	EDI,EAX
   157 00000144 58                              	POP	EAX
   158 00000145 5A                              	POP	EDX
   159 00000146 81 FF 00018FFF                  	CMP	EDI,102399
   160 0000014C 7E 05                           	JLE	L16
   161 0000014E BF 00018FFF                     	MOV	EDI,102399
   162 00000153                                 L16:
   163 00000153 56                              	PUSH	ESI
   164 00000154 8D 9D FFFDFFF4                  	LEA	EBX,DWORD [-131084+EBP]
   165 0000015A 57                              	PUSH	EDI
   166 0000015B 53                              	PUSH	EBX
   167 0000015C E8 [00000000]                   	CALL	_api_fread
   168 00000161 56                              	PUSH	ESI
   169 00000162 31 F6                           	XOR	ESI,ESI
   170 00000164 E8 [00000000]                   	CALL	_api_fclose
   171 00000169 C6 84 3D FFFDFFF4 00            	MOV	BYTE [-131084+EBP+EDI*1],0
   172 00000171 83 C4 10                        	ADD	ESP,16
   173 00000174 89 D9                           	MOV	ECX,EBX
   174 00000176 89 9D FFFDFFD0                  	MOV	DWORD [-131120+EBP],EBX
   175 0000017C 80 BD FFFDFFF4 00               	CMP	BYTE [-131084+EBP],0
   176 00000183 74 40                           	JE	L122
   177 00000185                                 L40:
   178 00000185 85 F6                           	TEST	ESI,ESI
   179 00000187 0F 85 00000614                  	JNE	L21
   180 0000018D 8B 95 FFFDFFD0                  	MOV	EDX,DWORD [-131120+EBP]
   181 00000193 8A 02                           	MOV	AL,BYTE [EDX]
   182 00000195 3C 20                           	CMP	AL,32
   183 00000197 0F 8E 00000604                  	JLE	L21
   184 0000019D 3C 2F                           	CMP	AL,47
   185 0000019F 0F 84 000005BF                  	JE	L140
   186 000001A5 3C 22                           	CMP	AL,34
   187 000001A7 0F 84 000005A9                  	JE	L141
   188 000001AD                                 L133:
   189 000001AD 88 01                           	MOV	BYTE [ECX],AL
   190 000001AF                                 L134:
   191 000001AF 41                              	INC	ECX
   192 000001B0                                 L19:
   193 000001B0 8B 95 FFFDFFD0                  	MOV	EDX,DWORD [-131120+EBP]
   194 000001B6 8D 42 01                        	LEA	EAX,DWORD [1+EDX]
   195 000001B9 89 85 FFFDFFD0                  	MOV	DWORD [-131120+EBP],EAX
   196 000001BF 80 7A 01 00                     	CMP	BYTE [1+EDX],0
   197 000001C3 75 C0                           	JNE	L40
   198 000001C5                                 L122:
   199 000001C5 C6 01 00                        	MOV	BYTE [ECX],0
   200 000001C8 E8 [00000000]                   	CALL	_api_alloctimer
   201 000001CD 68 00000080                     	PUSH	128
   202 000001D2 50                              	PUSH	EAX
   203 000001D3 89 85 FFFDFFC8                  	MOV	DWORD [-131128+EBP],EAX
   204 000001D9 E8 [00000000]                   	CALL	_api_inittimer
   205 000001DE 8D 85 FFFDFFF4                  	LEA	EAX,DWORD [-131084+EBP]
   206 000001E4 89 85 FFFDFFD0                  	MOV	DWORD [-131120+EBP],EAX
   207 000001EA                                 L136:
   208 000001EA 5E                              	POP	ESI
   209 000001EB 5F                              	POP	EDI
   210 000001EC                                 L41:
   211 000001EC 8B 8D FFFDFFD0                  	MOV	ECX,DWORD [-131120+EBP]
   212 000001F2 8A 11                           	MOV	DL,BYTE [ECX]
   213 000001F4 8D 42 BF                        	LEA	EAX,DWORD [-65+EDX]
   214 000001F7 3C 06                           	CMP	AL,6
   215 000001F9 0F 86 00000509                  	JBE	L45
   216 000001FF 80 FA 52                        	CMP	DL,82
   217 00000202 0F 84 00000272                  	JE	L131
   218 00000208 80 FA 3C                        	CMP	DL,60
   219 0000020B 0F 84 00000255                  	JE	L143
   220 00000211 80 FA 3E                        	CMP	DL,62
   221 00000214 0F 84 00000238                  	JE	L144
   222 0000021A 80 FA 4F                        	CMP	DL,79
   223 0000021D 0F 84 00000212                  	JE	L145
   224 00000223 80 FA 51                        	CMP	DL,81
   225 00000226 0F 84 000001EC                  	JE	L146
   226 0000022C 80 FA 4C                        	CMP	DL,76
   227 0000022F 0F 84 00000174                  	JE	L147
   228 00000235 8A 01                           	MOV	AL,BYTE [ECX]
   229 00000237 3C 54                           	CMP	AL,84
   230 00000239 0F 84 0000014A                  	JE	L148
   231 0000023F 3C 24                           	CMP	AL,36
   232 00000241 74 1F                           	JE	L149
   233 00000243 84 C0                           	TEST	AL,AL
   234 00000245 75 0E                           	JNE	L80
   235 00000247 8D 85 FFFDFFF4                  	LEA	EAX,DWORD [-131084+EBP]
   236 0000024D 89 85 FFFDFFD0                  	MOV	DWORD [-131120+EBP],EAX
   237 00000253 EB 97                           	JMP	L41
   238 00000255                                 L80:
   239 00000255 68 [00000066]                   	PUSH	LC3
   240 0000025A E8 0000060C                     	CALL	_end
   241 0000025F 58                              	POP	EAX
   242 00000260 EB 8A                           	JMP	L41
   243 00000262                                 L149:
   244 00000262 80 79 01 4B                     	CMP	BYTE [1+ECX],75
   245 00000266 74 30                           	JE	L150
   246 00000268                                 L90:
   247 00000268 8B 85 FFFDFFD0                  	MOV	EAX,DWORD [-131120+EBP]
   248 0000026E 80 38 3B                        	CMP	BYTE [EAX],59
   249 00000271 74 1A                           	JE	L130
   250 00000273                                 L113:
   251 00000273 8B 95 FFFDFFD0                  	MOV	EDX,DWORD [-131120+EBP]
   252 00000279 80 3A 00                        	CMP	BYTE [EDX],0
   253 0000027C 74 D7                           	JE	L80
   254 0000027E 8D 42 01                        	LEA	EAX,DWORD [1+EDX]
   255 00000281 89 85 FFFDFFD0                  	MOV	DWORD [-131120+EBP],EAX
   256 00000287 80 7A 01 3B                     	CMP	BYTE [1+EDX],59
   257 0000028B 75 E6                           	JNE	L113
   258 0000028D                                 L130:
   259 0000028D FF 85 FFFDFFD0                  	INC	DWORD [-131120+EBP]
   260 00000293 E9 FFFFFF54                     	JMP	L41
   261 00000298                                 L150:
   262 00000298 8D 41 02                        	LEA	EAX,DWORD [2+ECX]
   263 0000029B 89 85 FFFDFFD0                  	MOV	DWORD [-131120+EBP],EAX
   264 000002A1 80 79 02 22                     	CMP	BYTE [2+ECX],34
   265 000002A5 74 1A                           	JE	L127
   266 000002A7                                 L96:
   267 000002A7 8B 95 FFFDFFD0                  	MOV	EDX,DWORD [-131120+EBP]
   268 000002AD 80 3A 00                        	CMP	BYTE [EDX],0
   269 000002B0 74 A3                           	JE	L80
   270 000002B2 8D 42 01                        	LEA	EAX,DWORD [1+EDX]
   271 000002B5 89 85 FFFDFFD0                  	MOV	DWORD [-131120+EBP],EAX
   272 000002BB 80 7A 01 22                     	CMP	BYTE [1+EDX],34
   273 000002BF 75 E6                           	JNE	L96
   274 000002C1                                 L127:
   275 000002C1 FF 85 FFFDFFD0                  	INC	DWORD [-131120+EBP]
   276 000002C7 31 F6                           	XOR	ESI,ESI
   277 000002C9                                 L105:
   278 000002C9 8B 95 FFFDFFD0                  	MOV	EDX,DWORD [-131120+EBP]
   279 000002CF 8A 02                           	MOV	AL,BYTE [EDX]
   280 000002D1 84 C0                           	TEST	AL,AL
   281 000002D3 0F 84 FFFFFF7C                  	JE	L80
   282 000002D9 3C 22                           	CMP	AL,34
   283 000002DB 74 1B                           	JE	L98
   284 000002DD 3C 25                           	CMP	AL,37
   285 000002DF 0F 84 0000008E                  	JE	L151
   286 000002E5 88 84 35 FFFDFFD4               	MOV	BYTE [-131116+EBP+ESI*1],AL
   287 000002EC FF 85 FFFDFFD0                  	INC	DWORD [-131120+EBP]
   288 000002F2                                 L99:
   289 000002F2 46                              	INC	ESI
   290 000002F3 83 FE 1F                        	CMP	ESI,31
   291 000002F6 7E D1                           	JLE	L105
   292 000002F8                                 L98:
   293 000002F8 83 FE 1E                        	CMP	ESI,30
   294 000002FB 7E 0B                           	JLE	L106
   295 000002FD 68 [00000079]                   	PUSH	LC2
   296 00000302 E8 00000564                     	CALL	_end
   297 00000307 5A                              	POP	EDX
   298 00000308                                 L106:
   299 00000308 6A 07                           	PUSH	7
   300 0000030A 8B 9D FFFDFFCC                  	MOV	EBX,DWORD [-131124+EBP]
   301 00000310 6A 67                           	PUSH	103
   302 00000312 43                              	INC	EBX
   303 00000313 68 000000F7                     	PUSH	247
   304 00000318 6A 58                           	PUSH	88
   305 0000031A 6A 08                           	PUSH	8
   306 0000031C 53                              	PUSH	EBX
   307 0000031D E8 [00000000]                   	CALL	_api_boxfilwin
   308 00000322 83 C4 18                        	ADD	ESP,24
   309 00000325 C6 84 35 FFFDFFD4 00            	MOV	BYTE [-131116+EBP+ESI*1],0
   310 0000032D 85 F6                           	TEST	ESI,ESI
   311 0000032F 74 24                           	JE	L107
   312 00000331 8D 85 FFFDFFD4                  	LEA	EAX,DWORD [-131116+EBP]
   313 00000337 8D 14 B5 00000000               	LEA	EDX,DWORD [0+ESI*4]
   314 0000033E 50                              	PUSH	EAX
   315 0000033F B8 00000080                     	MOV	EAX,128
   316 00000344 56                              	PUSH	ESI
   317 00000345 29 D0                           	SUB	EAX,EDX
   318 00000347 6A 00                           	PUSH	0
   319 00000349 6A 58                           	PUSH	88
   320 0000034B 50                              	PUSH	EAX
   321 0000034C 53                              	PUSH	EBX
   322 0000034D E8 [00000000]                   	CALL	_api_putstrwin
   323 00000352 83 C4 18                        	ADD	ESP,24
   324 00000355                                 L107:
   325 00000355 6A 68                           	PUSH	104
   326 00000357 68 000000F8                     	PUSH	248
   327 0000035C 6A 58                           	PUSH	88
   328 0000035E 6A 08                           	PUSH	8
   329 00000360 FF B5 FFFDFFCC                  	PUSH	DWORD [-131124+EBP]
   330 00000366 E8 [00000000]                   	CALL	_api_refreshwin
   331 0000036B 83 C4 14                        	ADD	ESP,20
   332 0000036E E9 FFFFFEF5                     	JMP	L90
   333 00000373                                 L151:
   334 00000373 8A 42 01                        	MOV	AL,BYTE [1+EDX]
   335 00000376 88 84 35 FFFDFFD4               	MOV	BYTE [-131116+EBP+ESI*1],AL
   336 0000037D 83 85 FFFDFFD0 02               	ADD	DWORD [-131120+EBP],2
   337 00000384 E9 FFFFFF69                     	JMP	L99
   338 00000389                                 L148:
   339 00000389 6A 0A                           	PUSH	10
   340 0000038B 8D 85 FFFDFFD0                  	LEA	EAX,DWORD [-131120+EBP]
   341 00000391 50                              	PUSH	EAX
   342 00000392 8D 41 01                        	LEA	EAX,DWORD [1+ECX]
   343 00000395 50                              	PUSH	EAX
   344 00000396 E8 [00000000]                   	CALL	_strtol
   345 0000039B 89 85 FFFDFFC4                  	MOV	DWORD [-131132+EBP],EAX
   346 000003A1                                 L135:
   347 000003A1 83 C4 0C                        	ADD	ESP,12
   348 000003A4 E9 FFFFFE43                     	JMP	L41
   349 000003A9                                 L147:
   350 000003A9 6A 0A                           	PUSH	10
   351 000003AB 8D 85 FFFDFFD0                  	LEA	EAX,DWORD [-131120+EBP]
   352 000003B1 50                              	PUSH	EAX
   353 000003B2 8D 41 01                        	LEA	EAX,DWORD [1+ECX]
   354 000003B5 50                              	PUSH	EAX
   355 000003B6 E8 [00000000]                   	CALL	_strtol
   356 000003BB 83 C4 0C                        	ADD	ESP,12
   357 000003BE 85 C0                           	TEST	EAX,EAX
   358 000003C0 89 85 FFFDFFC0                  	MOV	DWORD [-131136+EBP],EAX
   359 000003C6 0F 84 FFFFFE89                  	JE	L80
   360 000003CC BA 000000C0                     	MOV	EDX,192
   361 000003D1 89 D0                           	MOV	EAX,EDX
   362 000003D3 99                              	CDQ
   363 000003D4 F7 BD FFFDFFC0                  	IDIV	DWORD [-131136+EBP]
   364 000003DA 89 85 FFFDFFC0                  	MOV	DWORD [-131136+EBP],EAX
   365 000003E0 8B 85 FFFDFFD0                  	MOV	EAX,DWORD [-131120+EBP]
   366 000003E6 80 38 2E                        	CMP	BYTE [EAX],46
   367 000003E9                                 L138:
   368 000003E9 0F 85 FFFFFDFD                  	JNE	L41
   369 000003EF 8B 8D FFFDFFD0                  	MOV	ECX,DWORD [-131120+EBP]
   370 000003F5 BB 00000002                     	MOV	EBX,2
   371 000003FA 8D 41 01                        	LEA	EAX,DWORD [1+ECX]
   372 000003FD 89 85 FFFDFFD0                  	MOV	DWORD [-131120+EBP],EAX
   373 00000403 8B 85 FFFDFFC0                  	MOV	EAX,DWORD [-131136+EBP]
   374 00000409 99                              	CDQ
   375 0000040A F7 FB                           	IDIV	EBX
   376 0000040C 01 85 FFFDFFC0                  	ADD	DWORD [-131136+EBP],EAX
   377 00000412 80 79 01 2E                     	CMP	BYTE [1+ECX],46
   378 00000416 EB D1                           	JMP	L138
   379 00000418                                 L146:
   380 00000418 6A 0A                           	PUSH	10
   381 0000041A 8D 85 FFFDFFD0                  	LEA	EAX,DWORD [-131120+EBP]
   382 00000420 50                              	PUSH	EAX
   383 00000421 8D 41 01                        	LEA	EAX,DWORD [1+ECX]
   384 00000424 50                              	PUSH	EAX
   385 00000425 E8 [00000000]                   	CALL	_strtol
   386 0000042A 89 85 FFFDFFB8                  	MOV	DWORD [-131144+EBP],EAX
   387 00000430 E9 FFFFFF6C                     	JMP	L135
   388 00000435                                 L145:
   389 00000435 6A 0A                           	PUSH	10
   390 00000437 8D 85 FFFDFFD0                  	LEA	EAX,DWORD [-131120+EBP]
   391 0000043D 50                              	PUSH	EAX
   392 0000043E 8D 41 01                        	LEA	EAX,DWORD [1+ECX]
   393 00000441 50                              	PUSH	EAX
   394 00000442 E8 [00000000]                   	CALL	_strtol
   395 00000447 89 85 FFFDFFBC                  	MOV	DWORD [-131140+EBP],EAX
   396 0000044D E9 FFFFFF4F                     	JMP	L135
   397 00000452                                 L144:
   398 00000452 8D 41 01                        	LEA	EAX,DWORD [1+ECX]
   399 00000455 FF 85 FFFDFFBC                  	INC	DWORD [-131140+EBP]
   400 0000045B 89 85 FFFDFFD0                  	MOV	DWORD [-131120+EBP],EAX
   401 00000461 E9 FFFFFD86                     	JMP	L41
   402 00000466                                 L143:
   403 00000466 8D 41 01                        	LEA	EAX,DWORD [1+ECX]
   404 00000469 FF 8D FFFDFFBC                  	DEC	DWORD [-131140+EBP]
   405 0000046F 89 85 FFFDFFD0                  	MOV	DWORD [-131120+EBP],EAX
   406 00000475 E9 FFFFFD72                     	JMP	L41
   407 0000047A                                 L131:
   408 0000047A 31 F6                           	XOR	ESI,ESI
   409 0000047C C6 85 FFFDFFD4 00               	MOV	BYTE [-131116+EBP],0
   410 00000483                                 L47:
   411 00000483 8D 41 01                        	LEA	EAX,DWORD [1+ECX]
   412 00000486 89 85 FFFDFFD0                  	MOV	DWORD [-131120+EBP],EAX
   413 0000048C 89 C2                           	MOV	EDX,EAX
   414 0000048E 8A 41 01                        	MOV	AL,BYTE [1+ECX]
   415 00000491 3C 2B                           	CMP	AL,43
   416 00000493 0F 84 00000250                  	JE	L49
   417 00000499 3C 2D                           	CMP	AL,45
   418 0000049B 0F 84 00000248                  	JE	L49
   419 000004A1 3C 23                           	CMP	AL,35
   420 000004A3 0F 84 00000240                  	JE	L49
   421 000004A9                                 L48:
   422 000004A9 3B B5 FFFDFFB4                  	CMP	ESI,DWORD [-131148+EBP]
   423 000004AF 0F 84 000000DF                  	JE	L52
   424 000004B5 6A 08                           	PUSH	8
   425 000004B7 8B 9D FFFDFFCC                  	MOV	EBX,DWORD [-131124+EBP]
   426 000004BD 6A 33                           	PUSH	51
   427 000004BF 43                              	INC	EBX
   428 000004C0 6A 3F                           	PUSH	63
   429 000004C2 6A 24                           	PUSH	36
   430 000004C4 6A 20                           	PUSH	32
   431 000004C6 53                              	PUSH	EBX
   432 000004C7 E8 [00000000]                   	CALL	_api_boxfilwin
   433 000004CC 83 C4 18                        	ADD	ESP,24
   434 000004CF 80 BD FFFDFFD4 00               	CMP	BYTE [-131116+EBP],0
   435 000004D6 74 18                           	JE	L53
   436 000004D8 8D 85 FFFDFFD4                  	LEA	EAX,DWORD [-131116+EBP]
   437 000004DE 50                              	PUSH	EAX
   438 000004DF 6A 04                           	PUSH	4
   439 000004E1 6A 0A                           	PUSH	10
   440 000004E3 6A 24                           	PUSH	36
   441 000004E5 6A 20                           	PUSH	32
   442 000004E7 53                              	PUSH	EBX
   443 000004E8 E8 [00000000]                   	CALL	_api_putstrwin
   444 000004ED 83 C4 18                        	ADD	ESP,24
   445 000004F0                                 L53:
   446 000004F0 6A 34                           	PUSH	52
   447 000004F2 6A 40                           	PUSH	64
   448 000004F4 6A 24                           	PUSH	36
   449 000004F6 6A 20                           	PUSH	32
   450 000004F8 FF B5 FFFDFFCC                  	PUSH	DWORD [-131124+EBP]
   451 000004FE E8 [00000000]                   	CALL	_api_refreshwin
   452 00000503 83 C4 14                        	ADD	ESP,20
   453 00000506 8B 85 FFFDFFB4                  	MOV	EAX,DWORD [-131148+EBP]
   454 0000050C 83 E8 1C                        	SUB	EAX,28
   455 0000050F 83 F8 4F                        	CMP	EAX,79
   456 00000512 77 23                           	JA	L54
   457 00000514 6B 85 FFFDFFB4 03               	IMUL	EAX,DWORD [-131148+EBP],3
   458 0000051B 6A 07                           	PUSH	7
   459 0000051D 6A 4C                           	PUSH	76
   460 0000051F 8D 50 B6                        	LEA	EDX,DWORD [-74+EAX]
   461 00000522 52                              	PUSH	EDX
   462 00000523 83 E8 4C                        	SUB	EAX,76
   463 00000526 6A 3C                           	PUSH	60
   464 00000528 50                              	PUSH	EAX
   465 00000529 FF B5 FFFDFFCC                  	PUSH	DWORD [-131124+EBP]
   466 0000052F E8 [00000000]                   	CALL	_api_boxfilwin
   467 00000534 83 C4 18                        	ADD	ESP,24
   468 00000537                                 L54:
   469 00000537 8D 46 E4                        	LEA	EAX,DWORD [-28+ESI]
   470 0000053A 83 F8 4F                        	CMP	EAX,79
   471 0000053D 77 1F                           	JA	L55
   472 0000053F 6B C6 03                        	IMUL	EAX,ESI,3
   473 00000542 6A 04                           	PUSH	4
   474 00000544 6A 4C                           	PUSH	76
   475 00000546 8D 50 B6                        	LEA	EDX,DWORD [-74+EAX]
   476 00000549 52                              	PUSH	EDX
   477 0000054A 83 E8 4C                        	SUB	EAX,76
   478 0000054D 6A 3C                           	PUSH	60
   479 0000054F 50                              	PUSH	EAX
   480 00000550 FF B5 FFFDFFCC                  	PUSH	DWORD [-131124+EBP]
   481 00000556 E8 [00000000]                   	CALL	_api_boxfilwin
   482 0000055B 83 C4 18                        	ADD	ESP,24
   483 0000055E                                 L55:
   484 0000055E 80 BD FFFDFFD4 00               	CMP	BYTE [-131116+EBP],0
   485 00000565 0F 84 00000177                  	JE	L56
   486 0000056B BA 0000000C                     	MOV	EDX,12
   487 00000570 89 F0                           	MOV	EAX,ESI
   488 00000572 89 D1                           	MOV	ECX,EDX
   489 00000574 99                              	CDQ
   490 00000575 F7 F9                           	IDIV	ECX
   491 00000577 B9 00000011                     	MOV	ECX,17
   492 0000057C 29 C1                           	SUB	ECX,EAX
   493 0000057E 8B 04 95 [00000000]             	MOV	EAX,DWORD [_tonetable.0+EDX*4]
   494 00000585 D3 F8                           	SAR	EAX,CL
   495 00000587 50                              	PUSH	EAX
   496 00000588                                 L137:
   497 00000588 E8 [00000000]                   	CALL	_api_beep
   498 0000058D 89 B5 FFFDFFB4                  	MOV	DWORD [-131148+EBP],ESI
   499 00000593 5B                              	POP	EBX
   500 00000594                                 L52:
   501 00000594 8B 95 FFFDFFD0                  	MOV	EDX,DWORD [-131120+EBP]
   502 0000059A 8A 02                           	MOV	AL,BYTE [EDX]
   503 0000059C 83 E8 30                        	SUB	EAX,48
   504 0000059F 3C 09                           	CMP	AL,9
   505 000005A1 0F 87 00000130                  	JA	L58
   506 000005A7 6A 0A                           	PUSH	10
   507 000005A9 8D 85 FFFDFFD0                  	LEA	EAX,DWORD [-131120+EBP]
   508 000005AF 50                              	PUSH	EAX
   509 000005B0 52                              	PUSH	EDX
   510 000005B1 E8 [00000000]                   	CALL	_strtol
   511 000005B6 83 C4 0C                        	ADD	ESP,12
   512 000005B9 BA 000000C0                     	MOV	EDX,192
   513 000005BE 89 C1                           	MOV	ECX,EAX
   514 000005C0 89 D0                           	MOV	EAX,EDX
   515 000005C2 99                              	CDQ
   516 000005C3 F7 F9                           	IDIV	ECX
   517 000005C5 89 C6                           	MOV	ESI,EAX
   518 000005C7                                 L59:
   519 000005C7 8B 85 FFFDFFD0                  	MOV	EAX,DWORD [-131120+EBP]
   520 000005CD 80 38 2E                        	CMP	BYTE [EAX],46
   521 000005D0 0F 84 000000DE                  	JE	L64
   522 000005D6                                 L124:
   523 000005D6 6B F6 7D                        	IMUL	ESI,ESI,125
   524 000005D9 89 F0                           	MOV	EAX,ESI
   525 000005DB 99                              	CDQ
   526 000005DC F7 BD FFFDFFC4                  	IDIV	DWORD [-131132+EBP]
   527 000005E2 80 BD FFFDFFD4 00               	CMP	BYTE [-131116+EBP],0
   528 000005E9 89 C3                           	MOV	EBX,EAX
   529 000005EB 89 C6                           	MOV	ESI,EAX
   530 000005ED 0F 84 000000AB                  	JE	L65
   531 000005F3 83 BD FFFDFFB8 07               	CMP	DWORD [-131144+EBP],7
   532 000005FA 0F 8F 0000009E                  	JG	L65
   533 00000600 8B 85 FFFDFFD0                  	MOV	EAX,DWORD [-131120+EBP]
   534 00000606 80 38 26                        	CMP	BYTE [EAX],38
   535 00000609 0F 84 0000008F                  	JE	L65
   536 0000060F 0F AF B5 FFFDFFB8               	IMUL	ESI,DWORD [-131144+EBP]
   537 00000616 BA 00000008                     	MOV	EDX,8
   538 0000061B 89 F0                           	MOV	EAX,ESI
   539 0000061D 89 D1                           	MOV	ECX,EDX
   540 0000061F 99                              	CDQ
   541 00000620 F7 F9                           	IDIV	ECX
   542 00000622 50                              	PUSH	EAX
   543 00000623 89 C7                           	MOV	EDI,EAX
   544 00000625 FF B5 FFFDFFC8                  	PUSH	DWORD [-131128+EBP]
   545 0000062B E8 000001FD                     	CALL	_waittimer
   546 00000630 6A 08                           	PUSH	8
   547 00000632 6A 33                           	PUSH	51
   548 00000634 6A 3F                           	PUSH	63
   549 00000636 6A 24                           	PUSH	36
   550 00000638 6A 20                           	PUSH	32
   551 0000063A FF B5 FFFDFFCC                  	PUSH	DWORD [-131124+EBP]
   552 00000640 E8 [00000000]                   	CALL	_api_boxfilwin
   553 00000645 83 C4 20                        	ADD	ESP,32
   554 00000648 8B 85 FFFDFFB4                  	MOV	EAX,DWORD [-131148+EBP]
   555 0000064E 83 E8 1C                        	SUB	EAX,28
   556 00000651 83 F8 4F                        	CMP	EAX,79
   557 00000654 77 23                           	JA	L66
   558 00000656 6B 85 FFFDFFB4 03               	IMUL	EAX,DWORD [-131148+EBP],3
   559 0000065D 6A 07                           	PUSH	7
   560 0000065F 6A 4C                           	PUSH	76
   561 00000661 8D 50 B6                        	LEA	EDX,DWORD [-74+EAX]
   562 00000664 52                              	PUSH	EDX
   563 00000665 83 E8 4C                        	SUB	EAX,76
   564 00000668 6A 3C                           	PUSH	60
   565 0000066A 50                              	PUSH	EAX
   566 0000066B FF B5 FFFDFFCC                  	PUSH	DWORD [-131124+EBP]
   567 00000671 E8 [00000000]                   	CALL	_api_boxfilwin
   568 00000676 83 C4 18                        	ADD	ESP,24
   569 00000679                                 L66:
   570 00000679 6A 00                           	PUSH	0
   571 0000067B C7 85 FFFDFFB4 00000000         	MOV	DWORD [-131148+EBP],0
   572 00000685 E8 [00000000]                   	CALL	_api_beep
   573 0000068A 59                              	POP	ECX
   574 0000068B                                 L67:
   575 0000068B 29 FB                           	SUB	EBX,EDI
   576 0000068D 53                              	PUSH	EBX
   577 0000068E FF B5 FFFDFFC8                  	PUSH	DWORD [-131128+EBP]
   578 00000694 E8 00000194                     	CALL	_waittimer
   579 00000699 E9 FFFFFB4C                     	JMP	L136
   580 0000069E                                 L65:
   581 0000069E 8B 85 FFFDFFD0                  	MOV	EAX,DWORD [-131120+EBP]
   582 000006A4 31 FF                           	XOR	EDI,EDI
   583 000006A6 80 38 26                        	CMP	BYTE [EAX],38
   584 000006A9 75 E0                           	JNE	L67
   585 000006AB 40                              	INC	EAX
   586 000006AC 89 85 FFFDFFD0                  	MOV	DWORD [-131120+EBP],EAX
   587 000006B2 EB D7                           	JMP	L67
   588 000006B4                                 L64:
   589 000006B4 8D 78 01                        	LEA	EDI,DWORD [1+EAX]
   590 000006B7 BA 00000002                     	MOV	EDX,2
   591 000006BC 89 F0                           	MOV	EAX,ESI
   592 000006BE 89 D3                           	MOV	EBX,EDX
   593 000006C0 99                              	CDQ
   594 000006C1 F7 FB                           	IDIV	EBX
   595 000006C3 89 BD FFFDFFD0                  	MOV	DWORD [-131120+EBP],EDI
   596 000006C9 01 C6                           	ADD	ESI,EAX
   597 000006CB 89 F8                           	MOV	EAX,EDI
   598 000006CD 80 3F 2E                        	CMP	BYTE [EDI],46
   599 000006D0 74 E2                           	JE	L64
   600 000006D2 E9 FFFFFEFF                     	JMP	L124
   601 000006D7                                 L58:
   602 000006D7 8B B5 FFFDFFC0                  	MOV	ESI,DWORD [-131136+EBP]
   603 000006DD E9 FFFFFEE5                     	JMP	L59
   604 000006E2                                 L56:
   605 000006E2 6A 00                           	PUSH	0
   606 000006E4 E9 FFFFFE9F                     	JMP	L137
   607 000006E9                                 L49:
   608 000006E9 8A 02                           	MOV	AL,BYTE [EDX]
   609 000006EB 88 85 FFFDFFD7                  	MOV	BYTE [-131113+EBP],AL
   610 000006F1 80 3A 2D                        	CMP	BYTE [EDX],45
   611 000006F4 74 0F                           	JE	L152
   612 000006F6 46                              	INC	ESI
   613 000006F7                                 L51:
   614 000006F7 8D 42 01                        	LEA	EAX,DWORD [1+EDX]
   615 000006FA 89 85 FFFDFFD0                  	MOV	DWORD [-131120+EBP],EAX
   616 00000700 E9 FFFFFDA4                     	JMP	L48
   617 00000705                                 L152:
   618 00000705 4E                              	DEC	ESI
   619 00000706 EB EF                           	JMP	L51
   620 00000708                                 L45:
   621 00000708 80 FA 52                        	CMP	DL,82
   622 0000070B 0F 84 FFFFFD69                  	JE	L131
   623 00000711 6B 85 FFFDFFBC 0C               	IMUL	EAX,DWORD [-131140+EBP],12
   624 00000718 0F BE D2                        	MOVSX	EDX,DL
   625 0000071B C6 85 FFFDFFD4 4F               	MOV	BYTE [-131116+EBP],79
   626 00000722 03 04 95 [FFFFFF2C]             	ADD	EAX,DWORD [_notetable.1-260+EDX*4]
   627 00000729 8D 70 0C                        	LEA	ESI,DWORD [12+EAX]
   628 0000072C 8A 85 FFFDFFBC                  	MOV	AL,BYTE [-131140+EBP]
   629 00000732 83 C0 30                        	ADD	EAX,48
   630 00000735 88 85 FFFDFFD5                  	MOV	BYTE [-131115+EBP],AL
   631 0000073B 8A 01                           	MOV	AL,BYTE [ECX]
   632 0000073D 88 85 FFFDFFD6                  	MOV	BYTE [-131114+EBP],AL
   633 00000743 C6 85 FFFDFFD7 20               	MOV	BYTE [-131113+EBP],32
   634 0000074A C6 85 FFFDFFD8 00               	MOV	BYTE [-131112+EBP],0
   635 00000751 E9 FFFFFD2D                     	JMP	L47
   636 00000756                                 L141:
   637 00000756 C6 01 22                        	MOV	BYTE [ECX],34
   638 00000759 BE 00000003                     	MOV	ESI,3
   639 0000075E 41                              	INC	ECX
   640 0000075F E9 FFFFFA4C                     	JMP	L19
   641 00000764                                 L140:
   642 00000764 8A 42 01                        	MOV	AL,BYTE [1+EDX]
   643 00000767 3C 2A                           	CMP	AL,42
   644 00000769 74 2C                           	JE	L153
   645 0000076B 3C 2F                           	CMP	AL,47
   646 0000076D 74 1E                           	JE	L154
   647 0000076F C6 01 2F                        	MOV	BYTE [ECX],47
   648 00000772 8B 85 FFFDFFD0                  	MOV	EAX,DWORD [-131120+EBP]
   649 00000778 8A 00                           	MOV	AL,BYTE [EAX]
   650 0000077A 83 E8 61                        	SUB	EAX,97
   651 0000077D 3C 19                           	CMP	AL,25
   652 0000077F 0F 87 FFFFFA2A                  	JA	L134
   653 00000785 C6 01 0F                        	MOV	BYTE [ECX],15
   654 00000788 E9 FFFFFA22                     	JMP	L134
   655 0000078D                                 L154:
   656 0000078D BE 00000002                     	MOV	ESI,2
   657 00000792 E9 FFFFFA19                     	JMP	L19
   658 00000797                                 L153:
   659 00000797 BE 00000001                     	MOV	ESI,1
   660 0000079C E9 FFFFFA0F                     	JMP	L19
   661 000007A1                                 L21:
   662 000007A1 83 FE 01                        	CMP	ESI,1
   663 000007A4 74 52                           	JE	L155
   664 000007A6                                 L32:
   665 000007A6 83 FE 02                        	CMP	ESI,2
   666 000007A9 74 40                           	JE	L156
   667 000007AB                                 L34:
   668 000007AB 83 FE 03                        	CMP	ESI,3
   669 000007AE 0F 85 FFFFF9FC                  	JNE	L19
   670 000007B4 8B 85 FFFDFFD0                  	MOV	EAX,DWORD [-131120+EBP]
   671 000007BA 8A 00                           	MOV	AL,BYTE [EAX]
   672 000007BC 88 01                           	MOV	BYTE [ECX],AL
   673 000007BE 41                              	INC	ECX
   674 000007BF 8B 95 FFFDFFD0                  	MOV	EDX,DWORD [-131120+EBP]
   675 000007C5 8A 02                           	MOV	AL,BYTE [EDX]
   676 000007C7 3C 22                           	CMP	AL,34
   677 000007C9 74 19                           	JE	L132
   678 000007CB 3C 25                           	CMP	AL,37
   679 000007CD 0F 85 FFFFF9DD                  	JNE	L19
   680 000007D3 8D 42 01                        	LEA	EAX,DWORD [1+EDX]
   681 000007D6 89 85 FFFDFFD0                  	MOV	DWORD [-131120+EBP],EAX
   682 000007DC 8A 42 01                        	MOV	AL,BYTE [1+EDX]
   683 000007DF E9 FFFFF9C9                     	JMP	L133
   684 000007E4                                 L132:
   685 000007E4 31 F6                           	XOR	ESI,ESI
   686 000007E6 E9 FFFFF9C5                     	JMP	L19
   687 000007EB                                 L156:
   688 000007EB 8B 85 FFFDFFD0                  	MOV	EAX,DWORD [-131120+EBP]
   689 000007F1 80 38 0A                        	CMP	BYTE [EAX],10
   690 000007F4 75 B5                           	JNE	L34
   691 000007F6 EB EC                           	JMP	L132
   692 000007F8                                 L155:
   693 000007F8 8B 85 FFFDFFD0                  	MOV	EAX,DWORD [-131120+EBP]
   694 000007FE 80 38 2A                        	CMP	BYTE [EAX],42
   695 00000801 75 A3                           	JNE	L32
   696 00000803 80 78 01 2F                     	CMP	BYTE [1+EAX],47
   697 00000807 75 9D                           	JNE	L32
   698 00000809 40                              	INC	EAX
   699 0000080A 89 85 FFFDFFD0                  	MOV	DWORD [-131120+EBP],EAX
   700 00000810 EB D2                           	JMP	L132
   701 00000812                                 L139:
   702 00000812 8D 51 01                        	LEA	EDX,DWORD [1+ECX]
   703 00000815                                 L11:
   704 00000815 89 D0                           	MOV	EAX,EDX
   705 00000817 89 95 FFFDFFD0                  	MOV	DWORD [-131120+EBP],EDX
   706 0000081D 8D 51 02                        	LEA	EDX,DWORD [2+ECX]
   707 00000820 89 C1                           	MOV	ECX,EAX
   708 00000822 80 7A FF 20                     	CMP	BYTE [-1+EDX],32
   709 00000826 74 ED                           	JE	L11
   710 00000828 E9 FFFFF85E                     	JMP	L120
   711 0000082D                                 	GLOBAL	_waittimer
   712 0000082D                                 _waittimer:
   713 0000082D 55                              	PUSH	EBP
   714 0000082E 89 E5                           	MOV	EBP,ESP
   715 00000830 53                              	PUSH	EBX
   716 00000831 FF 75 0C                        	PUSH	DWORD [12+EBP]
   717 00000834 FF 75 08                        	PUSH	DWORD [8+EBP]
   718 00000837 E8 [00000000]                   	CALL	_api_settimer
   719 0000083C 58                              	POP	EAX
   720 0000083D 5A                              	POP	EDX
   721 0000083E                                 L158:
   722 0000083E 6A 01                           	PUSH	1
   723 00000840 E8 [00000000]                   	CALL	_api_getkey
   724 00000845 89 C3                           	MOV	EBX,EAX
   725 00000847 58                              	POP	EAX
   726 00000848 83 FB 51                        	CMP	EBX,81
   727 0000084B 74 0F                           	JE	L162
   728 0000084D 83 FB 71                        	CMP	EBX,113
   729 00000850 74 0A                           	JE	L162
   730 00000852                                 L161:
   731 00000852 83 C3 80                        	ADD	EBX,-128
   732 00000855 75 E7                           	JNE	L158
   733 00000857 8B 5D FC                        	MOV	EBX,DWORD [-4+EBP]
   734 0000085A C9                              	LEAVE
   735 0000085B C3                              	RET
   736 0000085C                                 L162:
   737 0000085C 6A 00                           	PUSH	0
   738 0000085E E8 [00000000]                   	CALL	_api_beep
   739 00000863 E8 [00000000]                   	CALL	_api_end
   740 00000868 59                              	POP	ECX
   741 00000869 EB E7                           	JMP	L161
   742 0000086B                                 	GLOBAL	_end
   743 0000086B                                 _end:
   744 0000086B 55                              	PUSH	EBP
   745 0000086C 89 E5                           	MOV	EBP,ESP
   746 0000086E 8B 45 08                        	MOV	EAX,DWORD [8+EBP]
   747 00000871 85 C0                           	TEST	EAX,EAX
   748 00000873 74 07                           	JE	L165
   749 00000875 50                              	PUSH	EAX
   750 00000876 E8 [00000000]                   	CALL	_api_putstr0
   751 0000087B 58                              	POP	EAX
   752 0000087C                                 L165:
   753 0000087C 6A 00                           	PUSH	0
   754 0000087E E8 [00000000]                   	CALL	_api_beep
   755 00000883 59                              	POP	ECX
   756 00000884 C9                              	LEAVE
   757 00000885 E9 [00000000]                   	JMP	_api_end
