     1 00000000                                 [FORMAT "WCOFF"]
     2 00000000                                 [INSTRSET "i486p"]
     3 00000000                                 [OPTIMIZE 1]
     4 00000000                                 [OPTION 1]
     5 00000000                                 [BITS 32]
     6 00000000                                 	EXTERN	__alloca
     7 00000000                                 	EXTERN	_api_openwin
     8 00000000                                 	EXTERN	_api_boxfilwin
     9 00000000                                 	EXTERN	_api_alloctimer
    10 00000000                                 	EXTERN	_api_inittimer
    11 00000000                                 	EXTERN	_invstr0.0
    12 00000000                                 	EXTERN	_charset
    13 00000000                                 	EXTERN	_api_putstrwin
    14 00000000                                 	EXTERN	_api_refreshwin
    15 00000000                                 	EXTERN	_api_settimer
    16 00000000                                 	EXTERN	_api_getkey
    17 00000000                                 [FILE "invader.c"]
    18                                          [SECTION .data]
    19 00000000                                 _charset:
    20 00000000 00                              	DB	0
    21 00000001 00                              	DB	0
    22 00000002 00                              	DB	0
    23 00000003 43                              	DB	67
    24 00000004 5F                              	DB	95
    25 00000005 5F                              	DB	95
    26 00000006 5F                              	DB	95
    27 00000007 7F                              	DB	127
    28 00000008 1F                              	DB	31
    29 00000009 1F                              	DB	31
    30 0000000A 1F                              	DB	31
    31 0000000B 1F                              	DB	31
    32 0000000C 00                              	DB	0
    33 0000000D 20                              	DB	32
    34 0000000E 3F                              	DB	63
    35 0000000F 00                              	DB	0
    36 00000010 00                              	DB	0
    37 00000011 0F                              	DB	15
    38 00000012 7F                              	DB	127
    39 00000013 FF                              	DB	-1
    40 00000014 CF                              	DB	-49
    41 00000015 CF                              	DB	-49
    42 00000016 CF                              	DB	-49
    43 00000017 FF                              	DB	-1
    44 00000018 FF                              	DB	-1
    45 00000019 E0                              	DB	-32
    46 0000001A FF                              	DB	-1
    47 0000001B FF                              	DB	-1
    48 0000001C C0                              	DB	-64
    49 0000001D C0                              	DB	-64
    50 0000001E C0                              	DB	-64
    51 0000001F 00                              	DB	0
    52 00000020 00                              	DB	0
    53 00000021 F0                              	DB	-16
    54 00000022 FE                              	DB	-2
    55 00000023 FF                              	DB	-1
    56 00000024 F3                              	DB	-13
    57 00000025 F3                              	DB	-13
    58 00000026 F3                              	DB	-13
    59 00000027 FF                              	DB	-1
    60 00000028 FF                              	DB	-1
    61 00000029 07                              	DB	7
    62 0000002A FF                              	DB	-1
    63 0000002B FF                              	DB	-1
    64 0000002C 03                              	DB	3
    65 0000002D 03                              	DB	3
    66 0000002E 03                              	DB	3
    67 0000002F 00                              	DB	0
    68 00000030 00                              	DB	0
    69 00000031 00                              	DB	0
    70 00000032 00                              	DB	0
    71 00000033 C2                              	DB	-62
    72 00000034 FA                              	DB	-6
    73 00000035 FA                              	DB	-6
    74 00000036 FA                              	DB	-6
    75 00000037 FE                              	DB	-2
    76 00000038 F8                              	DB	-8
    77 00000039 F8                              	DB	-8
    78 0000003A F8                              	DB	-8
    79 0000003B F8                              	DB	-8
    80 0000003C 00                              	DB	0
    81 0000003D 04                              	DB	4
    82 0000003E FC                              	DB	-4
    83 0000003F 00                              	DB	0
    84 00000040 00                              	DB	0
    85 00000041 00                              	DB	0
    86 00000042 01                              	DB	1
    87 00000043 01                              	DB	1
    88 00000044 01                              	DB	1
    89 00000045 01                              	DB	1
    90 00000046 01                              	DB	1
    91 00000047 01                              	DB	1
    92 00000048 01                              	DB	1
    93 00000049 43                              	DB	67
    94 0000004A 47                              	DB	71
    95 0000004B 4F                              	DB	79
    96 0000004C 5F                              	DB	95
    97 0000004D 7F                              	DB	127
    98 0000004E 7F                              	DB	127
    99 0000004F 00                              	DB	0
   100 00000050 18                              	DB	24
   101 00000051 7E                              	DB	126
   102 00000052 FF                              	DB	-1
   103 00000053 C3                              	DB	-61
   104 00000054 C3                              	DB	-61
   105 00000055 C3                              	DB	-61
   106 00000056 C3                              	DB	-61
   107 00000057 FF                              	DB	-1
   108 00000058 FF                              	DB	-1
   109 00000059 FF                              	DB	-1
   110 0000005A E7                              	DB	-25
   111 0000005B E7                              	DB	-25
   112 0000005C E7                              	DB	-25
   113 0000005D E7                              	DB	-25
   114 0000005E FF                              	DB	-1
   115 0000005F 00                              	DB	0
   116 00000060 00                              	DB	0
   117 00000061 00                              	DB	0
   118 00000062 80                              	DB	-128
   119 00000063 80                              	DB	-128
   120 00000064 80                              	DB	-128
   121 00000065 80                              	DB	-128
   122 00000066 80                              	DB	-128
   123 00000067 80                              	DB	-128
   124 00000068 80                              	DB	-128
   125 00000069 C2                              	DB	-62
   126 0000006A E2                              	DB	-30
   127 0000006B F2                              	DB	-14
   128 0000006C FA                              	DB	-6
   129 0000006D FE                              	DB	-2
   130 0000006E FE                              	DB	-2
   131 0000006F 00                              	DB	0
   132 00000070 00                              	DB	0
   133 00000071 18                              	DB	24
   134 00000072 18                              	DB	24
   135 00000073 18                              	DB	24
   136 00000074 18                              	DB	24
   137 00000075 18                              	DB	24
   138 00000076 18                              	DB	24
   139 00000077 18                              	DB	24
   140 00000078 18                              	DB	24
   141 00000079 18                              	DB	24
   142 0000007A 18                              	DB	24
   143 0000007B 18                              	DB	24
   144 0000007C 18                              	DB	24
   145 0000007D 18                              	DB	24
   146 0000007E 18                              	DB	24
   147 0000007F 00                              	DB	0
   148 00000080                                 _invstr0.0:
   149 00000080 20 61 62 63 64 20 61 62 63 64   	DB	" abcd abcd abcd abcd abcd ",0x00
       0000008A 20 61 62 63 64 20 61 62 63 64 
       00000094 20 61 62 63 64 20 00 
   150 0000009B 00 00 00 00 00                  	RESB	5
   151 000000A0                                 LC0:
   152 000000A0 69 6E 76 61 64 65 72 00         	DB	"invader",0x00
   153 000000A8                                 LC1:
   154 000000A8 48 49 47 48 3A 30 30 30 30 30   	DB	"HIGH:00000000",0x00
       000000B2 30 30 30 00 
   155 000000B6                                 LC2:
   156 000000B6 53 43 4F 52 45 3A 30 30 30 30   	DB	"SCORE:00000000",0x00
       000000C0 30 30 30 30 00 
   157 000000C5                                 LC3:
   158 000000C5 65 66 67 00                     	DB	"efg",0x00
   159 000000C9                                 LC4:
   160 000000C9 65 66 67 20 00                  	DB	"efg ",0x00
   161 000000CE                                 LC5:
   162 000000CE 20 65 66 67 00                  	DB	" efg",0x00
   163 000000D3                                 LC8:
   164 000000D3 68 00                           	DB	"h",0x00
   165 000000D5                                 LC7:
   166 000000D5 20 00                           	DB	" ",0x00
   167 000000D7                                 LC6:
   168 000000D7 20 20 20 20 20 20 20 20 20 20   	DB	"                         ",0x00
       000000E1 20 20 20 20 20 20 20 20 20 20 
       000000EB 20 20 20 20 20 00 
   169 000000F1                                 LC9:
   170 000000F1 47 41 4D 45 20 4F 56 45 52 00   	DB	"GAME OVER",0x00
   171 000000FB                                 LC10:
   172 000000FB 20 20 20 20 20 20 20 20 20 20   	DB	"                                        ",0x00
       00000105 20 20 20 20 20 20 20 20 20 20 
       0000010F 20 20 20 20 20 20 20 20 20 20 
       00000119 20 20 20 20 20 20 20 20 20 20 
       00000123 00 
   173                                          [SECTION .text]
   174 00000000                                 	GLOBAL	_HighMain
   175 00000000                                 _HighMain:
   176 00000000 55                              	PUSH	EBP
   177 00000001 B8 0001579C                     	MOV	EAX,87964
   178 00000006 89 E5                           	MOV	EBP,ESP
   179 00000008 57                              	PUSH	EDI
   180 00000009 56                              	PUSH	ESI
   181 0000000A 53                              	PUSH	EBX
   182 0000000B 8D 9D FFFEA964                  	LEA	EBX,DWORD [-87708+EBP]
   183 00000011 E8 [00000000]                   	CALL	__alloca
   184 00000016 68 [000000A0]                   	PUSH	LC0
   185 0000001B 68 00000105                     	PUSH	261
   186 00000020 68 00000150                     	PUSH	336
   187 00000025 53                              	PUSH	EBX
   188 00000026 C7 85 FFFEA880 00000000         	MOV	DWORD [-87936+EBP],0
   189 00000030 E8 [00000000]                   	CALL	_api_openwin
   190 00000035 6A 00                           	PUSH	0
   191 00000037 68 000000FE                     	PUSH	254
   192 0000003C 89 C7                           	MOV	EDI,EAX
   193 0000003E 68 00000149                     	PUSH	329
   194 00000043 6A 1B                           	PUSH	27
   195 00000045 6A 06                           	PUSH	6
   196 00000047 50                              	PUSH	EAX
   197 00000048 E8 [00000000]                   	CALL	_api_boxfilwin
   198 0000004D 83 C4 28                        	ADD	ESP,40
   199 00000050 E8 [00000000]                   	CALL	_api_alloctimer
   200 00000055 68 00000080                     	PUSH	128
   201 0000005A 50                              	PUSH	EAX
   202 0000005B 89 85 FFFEA88C                  	MOV	DWORD [-87924+EBP],EAX
   203 00000061 E8 [00000000]                   	CALL	_api_inittimer
   204 00000066 68 [000000A8]                   	PUSH	LC1
   205 0000006B 6A 07                           	PUSH	7
   206 0000006D 6A 00                           	PUSH	0
   207 0000006F 6A 16                           	PUSH	22
   208 00000071 53                              	PUSH	EBX
   209 00000072 57                              	PUSH	EDI
   210 00000073 C7 85 FFFEA85C 00000000         	MOV	DWORD [-87972+EBP],0
   211 0000007D E8 000005D8                     	CALL	_putstr
   212 00000082 83 C4 20                        	ADD	ESP,32
   213 00000085                                 L2:
   214 00000085 68 [000000B6]                   	PUSH	LC2
   215 0000008A 8D 9D FFFEA964                  	LEA	EBX,DWORD [-87708+EBP]
   216 00000090 6A 07                           	PUSH	7
   217 00000092 6A 00                           	PUSH	0
   218 00000094 6A 04                           	PUSH	4
   219 00000096 53                              	PUSH	EBX
   220 00000097 57                              	PUSH	EDI
   221 00000098 C7 85 FFFEA860 00000000         	MOV	DWORD [-87968+EBP],0
   222 000000A2 C7 85 FFFEA858 00000001         	MOV	DWORD [-87976+EBP],1
   223 000000AC E8 000005A9                     	CALL	_putstr
   224 000000B1 68 [000000C5]                   	PUSH	LC3
   225 000000B6 6A 06                           	PUSH	6
   226 000000B8 6A 0D                           	PUSH	13
   227 000000BA 6A 12                           	PUSH	18
   228 000000BC 53                              	PUSH	EBX
   229 000000BD 57                              	PUSH	EDI
   230 000000BE C7 85 FFFEA870 00000014         	MOV	DWORD [-87952+EBP],20
   231 000000C8 C7 85 FFFEA888 00000012         	MOV	DWORD [-87928+EBP],18
   232 000000D2 E8 00000583                     	CALL	_putstr
   233 000000D7 8D 85 FFFEA890                  	LEA	EAX,DWORD [-87920+EBP]
   234 000000DD 83 C4 30                        	ADD	ESP,48
   235 000000E0 50                              	PUSH	EAX
   236 000000E1 FF B5 FFFEA88C                  	PUSH	DWORD [-87924+EBP]
   237 000000E7 6A 64                           	PUSH	100
   238 000000E9 E8 000006D8                     	CALL	_wait
   239 000000EE 83 C4 0C                        	ADD	ESP,12
   240 000000F1                                 L3:
   241 000000F1 8D 85 FFFEA890                  	LEA	EAX,DWORD [-87920+EBP]
   242 000000F7 31 F6                           	XOR	ESI,ESI
   243 000000F9 50                              	PUSH	EAX
   244 000000FA FF B5 FFFEA88C                  	PUSH	DWORD [-87924+EBP]
   245 00000100 6A 64                           	PUSH	100
   246 00000102 E8 000006BF                     	CALL	_wait
   247 00000107 83 C4 0C                        	ADD	ESP,12
   248 0000010A C7 85 FFFEA878 00000007         	MOV	DWORD [-87944+EBP],7
   249 00000114 C7 85 FFFEA874 00000001         	MOV	DWORD [-87948+EBP],1
   250 0000011E C7 85 FFFEA864 00000006         	MOV	DWORD [-87964+EBP],6
   251 00000128                                 L13:
   252 00000128 31 C9                           	XOR	ECX,ECX
   253 0000012A                                 L12:
   254 0000012A 89 F3                           	MOV	EBX,ESI
   255 0000012C 8D 45 F4                        	LEA	EAX,DWORD [-12+EBP]
   256 0000012F C1 E3 05                        	SAL	EBX,5
   257 00000132 8D 14 18                        	LEA	EDX,DWORD [EAX+EBX*1]
   258 00000135 8A 81 [00000080]                	MOV	AL,BYTE [_invstr0.0+ECX]
   259 0000013B 88 84 11 FFFEA8B0               	MOV	BYTE [-87888+ECX+EDX*1],AL
   260 00000142 41                              	INC	ECX
   261 00000143 83 F9 1A                        	CMP	ECX,26
   262 00000146 7E E2                           	JLE	L12
   263 00000148 8D 84 2B FFFEA8A4               	LEA	EAX,DWORD [-87900+EBX+EBP*1]
   264 0000014F 8D 5E 01                        	LEA	EBX,DWORD [1+ESI]
   265 00000152 50                              	PUSH	EAX
   266 00000153 89 DE                           	MOV	ESI,EBX
   267 00000155 6A 02                           	PUSH	2
   268 00000157 8D 85 FFFEA964                  	LEA	EAX,DWORD [-87708+EBP]
   269 0000015D 53                              	PUSH	EBX
   270 0000015E 6A 07                           	PUSH	7
   271 00000160 50                              	PUSH	EAX
   272 00000161 57                              	PUSH	EDI
   273 00000162 E8 000004F3                     	CALL	_putstr
   274 00000167 83 C4 18                        	ADD	ESP,24
   275 0000016A 83 FB 05                        	CMP	EBX,5
   276 0000016D 7E B9                           	JLE	L13
   277 0000016F 8D 85 FFFEA890                  	LEA	EAX,DWORD [-87920+EBP]
   278 00000175 8B 9D FFFEA870                  	MOV	EBX,DWORD [-87952+EBP]
   279 0000017B 50                              	PUSH	EAX
   280 0000017C 89 9D FFFEA86C                  	MOV	DWORD [-87956+EBP],EBX
   281 00000182 FF B5 FFFEA88C                  	PUSH	DWORD [-87924+EBP]
   282 00000188 6A 64                           	PUSH	100
   283 0000018A C6 85 FFFEA890 00               	MOV	BYTE [-87920+EBP],0
   284 00000191 C6 85 FFFEA891 00               	MOV	BYTE [-87919+EBP],0
   285 00000198 C6 85 FFFEA892 00               	MOV	BYTE [-87918+EBP],0
   286 0000019F C7 85 FFFEA87C 00000000         	MOV	DWORD [-87940+EBP],0
   287 000001A9 C7 85 FFFEA884 00000000         	MOV	DWORD [-87932+EBP],0
   288 000001B3 C7 85 FFFEA868 00000001         	MOV	DWORD [-87960+EBP],1
   289 000001BD E8 00000604                     	CALL	_wait
   290 000001C2 83 C4 0C                        	ADD	ESP,12
   291 000001C5                                 L14:
   292 000001C5 83 BD FFFEA884 00               	CMP	DWORD [-87932+EBP],0
   293 000001CC 74 0D                           	JE	L17
   294 000001CE FF 8D FFFEA884                  	DEC	DWORD [-87932+EBP]
   295 000001D4 C6 85 FFFEA892 00               	MOV	BYTE [-87918+EBP],0
   296 000001DB                                 L17:
   297 000001DB 8D 9D FFFEA890                  	LEA	EBX,DWORD [-87920+EBP]
   298 000001E1 53                              	PUSH	EBX
   299 000001E2 FF B5 FFFEA88C                  	PUSH	DWORD [-87924+EBP]
   300 000001E8 6A 04                           	PUSH	4
   301 000001EA E8 000005D7                     	CALL	_wait
   302 000001EF 83 C4 0C                        	ADD	ESP,12
   303 000001F2 80 BD FFFEA890 00               	CMP	BYTE [-87920+EBP],0
   304 000001F9 74 35                           	JE	L18
   305 000001FB 83 BD FFFEA888 00               	CMP	DWORD [-87928+EBP],0
   306 00000202 7E 2C                           	JLE	L18
   307 00000204 68 [000000C9]                   	PUSH	LC4
   308 00000209 FF 8D FFFEA888                  	DEC	DWORD [-87928+EBP]
   309 0000020F 6A 06                           	PUSH	6
   310 00000211 8D 85 FFFEA964                  	LEA	EAX,DWORD [-87708+EBP]
   311 00000217 6A 0D                           	PUSH	13
   312 00000219 FF B5 FFFEA888                  	PUSH	DWORD [-87928+EBP]
   313 0000021F 50                              	PUSH	EAX
   314 00000220 57                              	PUSH	EDI
   315 00000221 E8 00000434                     	CALL	_putstr
   316 00000226 83 C4 18                        	ADD	ESP,24
   317 00000229 C6 85 FFFEA890 00               	MOV	BYTE [-87920+EBP],0
   318 00000230                                 L18:
   319 00000230 80 7B 01 00                     	CMP	BYTE [1+EBX],0
   320 00000234 74 32                           	JE	L19
   321 00000236 83 BD FFFEA888 24               	CMP	DWORD [-87928+EBP],36
   322 0000023D 7F 29                           	JG	L19
   323 0000023F 68 [000000CE]                   	PUSH	LC5
   324 00000244 8D 85 FFFEA964                  	LEA	EAX,DWORD [-87708+EBP]
   325 0000024A 6A 06                           	PUSH	6
   326 0000024C 6A 0D                           	PUSH	13
   327 0000024E FF B5 FFFEA888                  	PUSH	DWORD [-87928+EBP]
   328 00000254 50                              	PUSH	EAX
   329 00000255 57                              	PUSH	EDI
   330 00000256 E8 000003FF                     	CALL	_putstr
   331 0000025B 83 C4 18                        	ADD	ESP,24
   332 0000025E FF 85 FFFEA888                  	INC	DWORD [-87928+EBP]
   333 00000264 C6 43 01 00                     	MOV	BYTE [1+EBX],0
   334 00000268                                 L19:
   335 00000268 80 7B 02 00                     	CMP	BYTE [2+EBX],0
   336 0000026C 74 2A                           	JE	L20
   337 0000026E 83 BD FFFEA884 00               	CMP	DWORD [-87932+EBP],0
   338 00000275 75 21                           	JNE	L20
   339 00000277 8B 85 FFFEA888                  	MOV	EAX,DWORD [-87928+EBP]
   340 0000027D 40                              	INC	EAX
   341 0000027E C7 85 FFFEA884 0000000F         	MOV	DWORD [-87932+EBP],15
   342 00000288 89 85 FFFEA880                  	MOV	DWORD [-87936+EBP],EAX
   343 0000028E C7 85 FFFEA87C 0000000D         	MOV	DWORD [-87940+EBP],13
   344 00000298                                 L20:
   345 00000298 83 BD FFFEA86C 00               	CMP	DWORD [-87956+EBP],0
   346 0000029F 0F 84 000002AA                  	JE	L21
   347 000002A5 FF 8D FFFEA86C                  	DEC	DWORD [-87956+EBP]
   348 000002AB                                 L22:
   349 000002AB 83 BD FFFEA87C 00               	CMP	DWORD [-87940+EBP],0
   350 000002B2 0F 8E FFFFFF0D                  	JLE	L14
   351 000002B8 83 BD FFFEA87C 0C               	CMP	DWORD [-87940+EBP],12
   352 000002BF 0F 8F 00000082                  	JG	L32
   353 000002C5 8B 9D FFFEA880                  	MOV	EBX,DWORD [-87936+EBP]
   354 000002CB 39 9D FFFEA878                  	CMP	DWORD [-87944+EBP],EBX
   355 000002D1 0F 8D 00000260                  	JGE	L33
   356 000002D7 8B 85 FFFEA878                  	MOV	EAX,DWORD [-87944+EBP]
   357 000002DD 83 C0 19                        	ADD	EAX,25
   358 000002E0 39 C3                           	CMP	EBX,EAX
   359 000002E2 0F 8D 0000024F                  	JGE	L33
   360 000002E8 8B 85 FFFEA87C                  	MOV	EAX,DWORD [-87940+EBP]
   361 000002EE 39 85 FFFEA874                  	CMP	DWORD [-87948+EBP],EAX
   362 000002F4 0F 8F 0000023D                  	JG	L33
   363 000002FA 8B 85 FFFEA874                  	MOV	EAX,DWORD [-87948+EBP]
   364 00000300 03 85 FFFEA864                  	ADD	EAX,DWORD [-87964+EBP]
   365 00000306 39 85 FFFEA87C                  	CMP	DWORD [-87940+EBP],EAX
   366 0000030C 0F 8D 00000225                  	JGE	L33
   367 00000312 8B 85 FFFEA87C                  	MOV	EAX,DWORD [-87940+EBP]
   368 00000318 2B 85 FFFEA874                  	SUB	EAX,DWORD [-87948+EBP]
   369 0000031E C1 E0 05                        	SAL	EAX,5
   370 00000321 8D 84 28 FFFEA8A4               	LEA	EAX,DWORD [-87900+EAX+EBP*1]
   371 00000328 50                              	PUSH	EAX
   372 00000329 6A 02                           	PUSH	2
   373 0000032B FF B5 FFFEA87C                  	PUSH	DWORD [-87940+EBP]
   374 00000331 FF B5 FFFEA878                  	PUSH	DWORD [-87944+EBP]
   375 00000337                                 L82:
   376 00000337 8D 85 FFFEA964                  	LEA	EAX,DWORD [-87708+EBP]
   377 0000033D 50                              	PUSH	EAX
   378 0000033E 57                              	PUSH	EDI
   379 0000033F E8 00000316                     	CALL	_putstr
   380 00000344 83 C4 18                        	ADD	ESP,24
   381 00000347                                 L32:
   382 00000347 FF 8D FFFEA87C                  	DEC	DWORD [-87940+EBP]
   383 0000034D 83 BD FFFEA87C 00               	CMP	DWORD [-87940+EBP],0
   384 00000354 0F 8E 000001BA                  	JLE	L35
   385 0000035A 68 [000000D3]                   	PUSH	LC8
   386 0000035F 8D 85 FFFEA964                  	LEA	EAX,DWORD [-87708+EBP]
   387 00000365 6A 03                           	PUSH	3
   388 00000367 FF B5 FFFEA87C                  	PUSH	DWORD [-87940+EBP]
   389 0000036D FF B5 FFFEA880                  	PUSH	DWORD [-87936+EBP]
   390 00000373 50                              	PUSH	EAX
   391 00000374 57                              	PUSH	EDI
   392 00000375 E8 000002E0                     	CALL	_putstr
   393 0000037A 83 C4 18                        	ADD	ESP,24
   394 0000037D                                 L36:
   395 0000037D 8B 9D FFFEA880                  	MOV	EBX,DWORD [-87936+EBP]
   396 00000383 39 9D FFFEA878                  	CMP	DWORD [-87944+EBP],EBX
   397 00000389 0F 8D FFFFFE36                  	JGE	L14
   398 0000038F 8B 85 FFFEA878                  	MOV	EAX,DWORD [-87944+EBP]
   399 00000395 83 C0 19                        	ADD	EAX,25
   400 00000398 39 C3                           	CMP	EBX,EAX
   401 0000039A 0F 8D FFFFFE25                  	JGE	L14
   402 000003A0 8B 85 FFFEA87C                  	MOV	EAX,DWORD [-87940+EBP]
   403 000003A6 39 85 FFFEA874                  	CMP	DWORD [-87948+EBP],EAX
   404 000003AC 0F 8F FFFFFE13                  	JG	L14
   405 000003B2 8B 85 FFFEA874                  	MOV	EAX,DWORD [-87948+EBP]
   406 000003B8 03 85 FFFEA864                  	ADD	EAX,DWORD [-87964+EBP]
   407 000003BE 39 85 FFFEA87C                  	CMP	DWORD [-87940+EBP],EAX
   408 000003C4 0F 8D FFFFFDFB                  	JGE	L14
   409 000003CA 8B 85 FFFEA87C                  	MOV	EAX,DWORD [-87940+EBP]
   410 000003D0 2B 85 FFFEA874                  	SUB	EAX,DWORD [-87948+EBP]
   411 000003D6 C1 E0 05                        	SAL	EAX,5
   412 000003D9 8D 94 28 FFFEA8A4               	LEA	EDX,DWORD [-87900+EAX+EBP*1]
   413 000003E0 89 D8                           	MOV	EAX,EBX
   414 000003E2 2B 85 FFFEA878                  	SUB	EAX,DWORD [-87944+EBP]
   415 000003E8 8D 1C 10                        	LEA	EBX,DWORD [EAX+EDX*1]
   416 000003EB 80 3B 20                        	CMP	BYTE [EBX],32
   417 000003EE 0F 84 FFFFFDD1                  	JE	L14
   418 000003F4 8B 85 FFFEA858                  	MOV	EAX,DWORD [-87976+EBP]
   419 000003FA 8D B5 FFFEA894                  	LEA	ESI,DWORD [-87916+EBP]
   420 00000400 01 85 FFFEA860                  	ADD	DWORD [-87968+EBP],EAX
   421 00000406 40                              	INC	EAX
   422 00000407 89 85 FFFEA858                  	MOV	DWORD [-87976+EBP],EAX
   423 0000040D FF B5 FFFEA860                  	PUSH	DWORD [-87968+EBP]
   424 00000413 56                              	PUSH	ESI
   425 00000414 E8 00000406                     	CALL	_setdec8
   426 00000419 8D 85 FFFEA964                  	LEA	EAX,DWORD [-87708+EBP]
   427 0000041F 56                              	PUSH	ESI
   428 00000420 6A 07                           	PUSH	7
   429 00000422 6A 00                           	PUSH	0
   430 00000424 6A 0A                           	PUSH	10
   431 00000426 50                              	PUSH	EAX
   432 00000427 57                              	PUSH	EDI
   433 00000428 E8 0000022D                     	CALL	_putstr
   434 0000042D 8B 85 FFFEA860                  	MOV	EAX,DWORD [-87968+EBP]
   435 00000433 83 C4 20                        	ADD	ESP,32
   436 00000436 39 85 FFFEA85C                  	CMP	DWORD [-87972+EBP],EAX
   437 0000043C 7D 1D                           	JGE	L40
   438 0000043E 56                              	PUSH	ESI
   439 0000043F 89 85 FFFEA85C                  	MOV	DWORD [-87972+EBP],EAX
   440 00000445 6A 07                           	PUSH	7
   441 00000447 8D 85 FFFEA964                  	LEA	EAX,DWORD [-87708+EBP]
   442 0000044D 6A 00                           	PUSH	0
   443 0000044F 6A 1B                           	PUSH	27
   444 00000451 50                              	PUSH	EAX
   445 00000452 57                              	PUSH	EDI
   446 00000453 E8 00000202                     	CALL	_putstr
   447 00000458 83 C4 18                        	ADD	ESP,24
   448 0000045B                                 L40:
   449 0000045B 4B                              	DEC	EBX
   450 0000045C 80 3B 20                        	CMP	BYTE [EBX],32
   451 0000045F 74 06                           	JE	L74
   452 00000461                                 L45:
   453 00000461 4B                              	DEC	EBX
   454 00000462 80 3B 20                        	CMP	BYTE [EBX],32
   455 00000465 75 FA                           	JNE	L45
   456 00000467                                 L74:
   457 00000467 BE 00000001                     	MOV	ESI,1
   458 0000046C                                 L50:
   459 0000046C C6 04 1E 20                     	MOV	BYTE [ESI+EBX*1],32
   460 00000470 46                              	INC	ESI
   461 00000471 83 FE 04                        	CMP	ESI,4
   462 00000474 7E F6                           	JLE	L50
   463 00000476 8B 85 FFFEA87C                  	MOV	EAX,DWORD [-87940+EBP]
   464 0000047C 2B 85 FFFEA874                  	SUB	EAX,DWORD [-87948+EBP]
   465 00000482 C1 E0 05                        	SAL	EAX,5
   466 00000485 8D 84 28 FFFEA8A4               	LEA	EAX,DWORD [-87900+EAX+EBP*1]
   467 0000048C 50                              	PUSH	EAX
   468 0000048D 8D 85 FFFEA964                  	LEA	EAX,DWORD [-87708+EBP]
   469 00000493 6A 02                           	PUSH	2
   470 00000495 FF B5 FFFEA87C                  	PUSH	DWORD [-87940+EBP]
   471 0000049B FF B5 FFFEA878                  	PUSH	DWORD [-87944+EBP]
   472 000004A1 50                              	PUSH	EAX
   473 000004A2 57                              	PUSH	EDI
   474 000004A3 E8 000001B2                     	CALL	_putstr
   475 000004A8 83 C4 18                        	ADD	ESP,24
   476 000004AB 83 BD FFFEA864 00               	CMP	DWORD [-87964+EBP],0
   477 000004B2 7E 36                           	JLE	L78
   478 000004B4 8B 95 FFFEA864                  	MOV	EDX,DWORD [-87964+EBP]
   479 000004BA C1 E2 05                        	SAL	EDX,5
   480 000004BD                                 L62:
   481 000004BD 8D 84 2A FFFEA8A4               	LEA	EAX,DWORD [-87900+EDX+EBP*1]
   482 000004C4 8D 58 E0                        	LEA	EBX,DWORD [-32+EAX]
   483 000004C7 80 78 E0 00                     	CMP	BYTE [-32+EAX],0
   484 000004CB 74 0B                           	JE	L80
   485 000004CD                                 L61:
   486 000004CD 80 3B 20                        	CMP	BYTE [EBX],32
   487 000004D0 75 33                           	JNE	L60
   488 000004D2 43                              	INC	EBX
   489 000004D3 80 3B 00                        	CMP	BYTE [EBX],0
   490 000004D6 75 F5                           	JNE	L61
   491 000004D8                                 L80:
   492 000004D8 FF 8D FFFEA864                  	DEC	DWORD [-87964+EBP]
   493 000004DE 83 EA 20                        	SUB	EDX,32
   494 000004E1 83 BD FFFEA864 00               	CMP	DWORD [-87964+EBP],0
   495 000004E8 7F D3                           	JG	L62
   496 000004EA                                 L78:
   497 000004EA 8B 85 FFFEA870                  	MOV	EAX,DWORD [-87952+EBP]
   498 000004F0 BA 00000003                     	MOV	EDX,3
   499 000004F5 89 D3                           	MOV	EBX,EDX
   500 000004F7 99                              	CDQ
   501 000004F8 F7 FB                           	IDIV	EBX
   502 000004FA 29 85 FFFEA870                  	SUB	DWORD [-87952+EBP],EAX
   503 00000500 E9 FFFFFBEC                     	JMP	L3
   504 00000505                                 L60:
   505 00000505 C7 85 FFFEA87C 00000000         	MOV	DWORD [-87940+EBP],0
   506 0000050F E9 FFFFFCB1                     	JMP	L14
   507 00000514                                 L35:
   508 00000514 83 AD FFFEA858 0A               	SUB	DWORD [-87976+EBP],10
   509 0000051B 83 BD FFFEA858 00               	CMP	DWORD [-87976+EBP],0
   510 00000522 0F 8F FFFFFE55                  	JG	L36
   511 00000528 C7 85 FFFEA858 00000001         	MOV	DWORD [-87976+EBP],1
   512 00000532 E9 FFFFFE46                     	JMP	L36
   513 00000537                                 L33:
   514 00000537 68 [000000D5]                   	PUSH	LC7
   515 0000053C 6A 00                           	PUSH	0
   516 0000053E FF B5 FFFEA87C                  	PUSH	DWORD [-87940+EBP]
   517 00000544 FF B5 FFFEA880                  	PUSH	DWORD [-87936+EBP]
   518 0000054A E9 FFFFFDE8                     	JMP	L82
   519 0000054F                                 L21:
   520 0000054F 8B 85 FFFEA870                  	MOV	EAX,DWORD [-87952+EBP]
   521 00000555 89 85 FFFEA86C                  	MOV	DWORD [-87956+EBP],EAX
   522 0000055B 8B 85 FFFEA878                  	MOV	EAX,DWORD [-87944+EBP]
   523 00000561 03 85 FFFEA868                  	ADD	EAX,DWORD [-87960+EBP]
   524 00000567 83 F8 0E                        	CMP	EAX,14
   525 0000056A 0F 86 000000DF                  	JBE	L23
   526 00000570 8B 85 FFFEA874                  	MOV	EAX,DWORD [-87948+EBP]
   527 00000576 03 85 FFFEA864                  	ADD	EAX,DWORD [-87964+EBP]
   528 0000057C 83 F8 0D                        	CMP	EAX,13
   529 0000057F 74 7B                           	JE	L15
   530 00000581 68 [000000D7]                   	PUSH	LC6
   531 00000586 8B 85 FFFEA878                  	MOV	EAX,DWORD [-87944+EBP]
   532 0000058C 6A 00                           	PUSH	0
   533 0000058E 40                              	INC	EAX
   534 0000058F FF B5 FFFEA874                  	PUSH	DWORD [-87948+EBP]
   535 00000595 50                              	PUSH	EAX
   536 00000596 8D 85 FFFEA964                  	LEA	EAX,DWORD [-87708+EBP]
   537 0000059C 50                              	PUSH	EAX
   538 0000059D F7 9D FFFEA868                  	NEG	DWORD [-87960+EBP]
   539 000005A3 57                              	PUSH	EDI
   540 000005A4 E8 000000B1                     	CALL	_putstr
   541 000005A9 83 C4 18                        	ADD	ESP,24
   542 000005AC FF 85 FFFEA874                  	INC	DWORD [-87948+EBP]
   543 000005B2                                 L25:
   544 000005B2 31 F6                           	XOR	ESI,ESI
   545 000005B4 3B B5 FFFEA864                  	CMP	ESI,DWORD [-87964+EBP]
   546 000005BA 0F 8D FFFFFCEB                  	JGE	L22
   547 000005C0 31 DB                           	XOR	EBX,EBX
   548 000005C2                                 L30:
   549 000005C2 8D 84 2B FFFEA8A4               	LEA	EAX,DWORD [-87900+EBX+EBP*1]
   550 000005C9 83 C3 20                        	ADD	EBX,32
   551 000005CC 50                              	PUSH	EAX
   552 000005CD 8B 85 FFFEA874                  	MOV	EAX,DWORD [-87948+EBP]
   553 000005D3 6A 02                           	PUSH	2
   554 000005D5 01 F0                           	ADD	EAX,ESI
   555 000005D7 50                              	PUSH	EAX
   556 000005D8 46                              	INC	ESI
   557 000005D9 FF B5 FFFEA878                  	PUSH	DWORD [-87944+EBP]
   558 000005DF 8D 85 FFFEA964                  	LEA	EAX,DWORD [-87708+EBP]
   559 000005E5 50                              	PUSH	EAX
   560 000005E6 57                              	PUSH	EDI
   561 000005E7 E8 0000006E                     	CALL	_putstr
   562 000005EC 83 C4 18                        	ADD	ESP,24
   563 000005EF 3B B5 FFFEA864                  	CMP	ESI,DWORD [-87964+EBP]
   564 000005F5 7C CB                           	JL	L30
   565 000005F7 E9 FFFFFCAF                     	JMP	L22
   566 000005FC                                 L15:
   567 000005FC 68 [000000F1]                   	PUSH	LC9
   568 00000601 8D 85 FFFEA964                  	LEA	EAX,DWORD [-87708+EBP]
   569 00000607 6A 01                           	PUSH	1
   570 00000609 BE 00000001                     	MOV	ESI,1
   571 0000060E 6A 06                           	PUSH	6
   572 00000610 6A 0F                           	PUSH	15
   573 00000612 50                              	PUSH	EAX
   574 00000613 57                              	PUSH	EDI
   575 00000614 E8 00000041                     	CALL	_putstr
   576 00000619 53                              	PUSH	EBX
   577 0000061A FF B5 FFFEA88C                  	PUSH	DWORD [-87924+EBP]
   578 00000620 6A 00                           	PUSH	0
   579 00000622 E8 0000019F                     	CALL	_wait
   580 00000627 83 C4 24                        	ADD	ESP,36
   581 0000062A                                 L67:
   582 0000062A 68 [000000FB]                   	PUSH	LC10
   583 0000062F 8D 85 FFFEA964                  	LEA	EAX,DWORD [-87708+EBP]
   584 00000635 6A 00                           	PUSH	0
   585 00000637 56                              	PUSH	ESI
   586 00000638 46                              	INC	ESI
   587 00000639 6A 00                           	PUSH	0
   588 0000063B 50                              	PUSH	EAX
   589 0000063C 57                              	PUSH	EDI
   590 0000063D E8 00000018                     	CALL	_putstr
   591 00000642 83 C4 18                        	ADD	ESP,24
   592 00000645 83 FE 0D                        	CMP	ESI,13
   593 00000648 7E E0                           	JLE	L67
   594 0000064A E9 FFFFFA36                     	JMP	L2
   595 0000064F                                 L23:
   596 0000064F 89 85 FFFEA878                  	MOV	DWORD [-87944+EBP],EAX
   597 00000655 E9 FFFFFF58                     	JMP	L25
   598 0000065A                                 	GLOBAL	_putstr
   599 0000065A                                 _putstr:
   600 0000065A 55                              	PUSH	EBP
   601 0000065B 83 C9 FF                        	OR	ECX,-1
   602 0000065E 89 E5                           	MOV	EBP,ESP
   603 00000660 57                              	PUSH	EDI
   604 00000661 56                              	PUSH	ESI
   605 00000662 53                              	PUSH	EBX
   606 00000663 83 EC 0C                        	SUB	ESP,12
   607 00000666 8B 55 14                        	MOV	EDX,DWORD [20+EBP]
   608 00000669 8B 75 10                        	MOV	ESI,DWORD [16+EBP]
   609 0000066C C1 E2 04                        	SAL	EDX,4
   610 0000066F 8B 7D 1C                        	MOV	EDI,DWORD [28+EBP]
   611 00000672 8D 34 F5 00000008               	LEA	ESI,DWORD [8+ESI*8]
   612 00000679 8D 42 1D                        	LEA	EAX,DWORD [29+EDX]
   613 0000067C 89 75 E8                        	MOV	DWORD [-24+EBP],ESI
   614 0000067F FC                              	CLD
   615 00000680 89 45 EC                        	MOV	DWORD [-20+EBP],EAX
   616 00000683 83 C2 2C                        	ADD	EDX,44
   617 00000686 31 C0                           	XOR	EAX,EAX
   618 00000688 F2                              	REPNE
   619 00000689 AE                              	SCASB
   620 0000068A F7 D1                           	NOT	ECX
   621 0000068C 6A 00                           	PUSH	0
   622 0000068E 8B 45 08                        	MOV	EAX,DWORD [8+EBP]
   623 00000691 52                              	PUSH	EDX
   624 00000692 8D 4C CE F7                     	LEA	ECX,DWORD [-9+ESI+ECX*8]
   625 00000696 51                              	PUSH	ECX
   626 00000697 40                              	INC	EAX
   627 00000698 FF 75 EC                        	PUSH	DWORD [-20+EBP]
   628 0000069B 56                              	PUSH	ESI
   629 0000069C 8D 7D F2                        	LEA	EDI,DWORD [-14+EBP]
   630 0000069F 50                              	PUSH	EAX
   631 000006A0 E8 [00000000]                   	CALL	_api_boxfilwin
   632 000006A5 83 C4 18                        	ADD	ESP,24
   633 000006A8 8B 45 EC                        	MOV	EAX,DWORD [-20+EBP]
   634 000006AB 8B 5D 0C                        	MOV	EBX,DWORD [12+EBP]
   635 000006AE 69 C0 00000150                  	IMUL	EAX,EAX,336
   636 000006B4 C6 45 F3 00                     	MOV	BYTE [-13+EBP],0
   637 000006B8 01 C3                           	ADD	EBX,EAX
   638 000006BA                                 L84:
   639 000006BA 8B 45 1C                        	MOV	EAX,DWORD [28+EBP]
   640 000006BD 8A 08                           	MOV	CL,BYTE [EAX]
   641 000006BF 0F B6 D1                        	MOVZX	EDX,CL
   642 000006C2 85 D2                           	TEST	EDX,EDX
   643 000006C4 0F 84 000000DE                  	JE	L85
   644 000006CA 83 FA 20                        	CMP	EDX,32
   645 000006CD 0F 84 000000AE                  	JE	L88
   646 000006D3 8D 42 9F                        	LEA	EAX,DWORD [-97+EDX]
   647 000006D6 83 F8 07                        	CMP	EAX,7
   648 000006D9 0F 87 000000AD                  	JA	L89
   649 000006DF C1 E2 04                        	SAL	EDX,4
   650 000006E2 01 F3                           	ADD	EBX,ESI
   651 000006E4 81 C2 [FFFFF9F0]                	ADD	EDX,_charset-1552
   652 000006EA 31 C9                           	XOR	ECX,ECX
   653 000006EC                                 L102:
   654 000006EC 80 3C 11 00                     	CMP	BYTE [ECX+EDX*1],0
   655 000006F0 79 05                           	JNS	L94
   656 000006F2 8A 45 18                        	MOV	AL,BYTE [24+EBP]
   657 000006F5 88 03                           	MOV	BYTE [EBX],AL
   658 000006F7                                 L94:
   659 000006F7 8A 04 11                        	MOV	AL,BYTE [ECX+EDX*1]
   660 000006FA 83 E0 40                        	AND	EAX,64
   661 000006FD 84 C0                           	TEST	AL,AL
   662 000006FF 74 06                           	JE	L95
   663 00000701 8A 45 18                        	MOV	AL,BYTE [24+EBP]
   664 00000704 88 43 01                        	MOV	BYTE [1+EBX],AL
   665 00000707                                 L95:
   666 00000707 8A 04 11                        	MOV	AL,BYTE [ECX+EDX*1]
   667 0000070A 83 E0 20                        	AND	EAX,32
   668 0000070D 84 C0                           	TEST	AL,AL
   669 0000070F 74 06                           	JE	L96
   670 00000711 8A 45 18                        	MOV	AL,BYTE [24+EBP]
   671 00000714 88 43 02                        	MOV	BYTE [2+EBX],AL
   672 00000717                                 L96:
   673 00000717 8A 04 11                        	MOV	AL,BYTE [ECX+EDX*1]
   674 0000071A 83 E0 10                        	AND	EAX,16
   675 0000071D 84 C0                           	TEST	AL,AL
   676 0000071F 74 06                           	JE	L97
   677 00000721 8A 45 18                        	MOV	AL,BYTE [24+EBP]
   678 00000724 88 43 03                        	MOV	BYTE [3+EBX],AL
   679 00000727                                 L97:
   680 00000727 8A 04 11                        	MOV	AL,BYTE [ECX+EDX*1]
   681 0000072A 83 E0 08                        	AND	EAX,8
   682 0000072D 84 C0                           	TEST	AL,AL
   683 0000072F 74 06                           	JE	L98
   684 00000731 8A 45 18                        	MOV	AL,BYTE [24+EBP]
   685 00000734 88 43 04                        	MOV	BYTE [4+EBX],AL
   686 00000737                                 L98:
   687 00000737 8A 04 11                        	MOV	AL,BYTE [ECX+EDX*1]
   688 0000073A 83 E0 04                        	AND	EAX,4
   689 0000073D 84 C0                           	TEST	AL,AL
   690 0000073F 74 06                           	JE	L99
   691 00000741 8A 45 18                        	MOV	AL,BYTE [24+EBP]
   692 00000744 88 43 05                        	MOV	BYTE [5+EBX],AL
   693 00000747                                 L99:
   694 00000747 8A 04 11                        	MOV	AL,BYTE [ECX+EDX*1]
   695 0000074A 83 E0 02                        	AND	EAX,2
   696 0000074D 84 C0                           	TEST	AL,AL
   697 0000074F 74 06                           	JE	L100
   698 00000751 8A 45 18                        	MOV	AL,BYTE [24+EBP]
   699 00000754 88 43 06                        	MOV	BYTE [6+EBX],AL
   700 00000757                                 L100:
   701 00000757 8A 04 11                        	MOV	AL,BYTE [ECX+EDX*1]
   702 0000075A 83 E0 01                        	AND	EAX,1
   703 0000075D 84 C0                           	TEST	AL,AL
   704 0000075F 74 06                           	JE	L101
   705 00000761 8A 45 18                        	MOV	AL,BYTE [24+EBP]
   706 00000764 88 43 07                        	MOV	BYTE [7+EBX],AL
   707 00000767                                 L101:
   708 00000767 41                              	INC	ECX
   709 00000768 81 C3 00000150                  	ADD	EBX,336
   710 0000076E 83 F9 0F                        	CMP	ECX,15
   711 00000771 0F 8E FFFFFF75                  	JLE	L102
   712 00000777 89 D8                           	MOV	EAX,EBX
   713 00000779 29 F0                           	SUB	EAX,ESI
   714 0000077B 8D 98 FFFFEB00                  	LEA	EBX,DWORD [-5376+EAX]
   715 00000781                                 L88:
   716 00000781 FF 45 1C                        	INC	DWORD [28+EBP]
   717 00000784 83 C6 08                        	ADD	ESI,8
   718 00000787 E9 FFFFFF2E                     	JMP	L84
   719 0000078C                                 L89:
   720 0000078C 57                              	PUSH	EDI
   721 0000078D 8B 45 08                        	MOV	EAX,DWORD [8+EBP]
   722 00000790 6A 01                           	PUSH	1
   723 00000792 40                              	INC	EAX
   724 00000793 FF 75 18                        	PUSH	DWORD [24+EBP]
   725 00000796 FF 75 EC                        	PUSH	DWORD [-20+EBP]
   726 00000799 56                              	PUSH	ESI
   727 0000079A 88 4D F2                        	MOV	BYTE [-14+EBP],CL
   728 0000079D 50                              	PUSH	EAX
   729 0000079E E8 [00000000]                   	CALL	_api_putstrwin
   730 000007A3 83 C4 18                        	ADD	ESP,24
   731 000007A6 EB D9                           	JMP	L88
   732 000007A8                                 L85:
   733 000007A8 8B 45 EC                        	MOV	EAX,DWORD [-20+EBP]
   734 000007AB 83 C0 10                        	ADD	EAX,16
   735 000007AE 50                              	PUSH	EAX
   736 000007AF 56                              	PUSH	ESI
   737 000007B0 FF 75 EC                        	PUSH	DWORD [-20+EBP]
   738 000007B3 FF 75 E8                        	PUSH	DWORD [-24+EBP]
   739 000007B6 FF 75 08                        	PUSH	DWORD [8+EBP]
   740 000007B9 E8 [00000000]                   	CALL	_api_refreshwin
   741 000007BE 8D 65 F4                        	LEA	ESP,DWORD [-12+EBP]
   742 000007C1 5B                              	POP	EBX
   743 000007C2 5E                              	POP	ESI
   744 000007C3 5F                              	POP	EDI
   745 000007C4 5D                              	POP	EBP
   746 000007C5 C3                              	RET
   747 000007C6                                 	GLOBAL	_wait
   748 000007C6                                 _wait:
   749 000007C6 55                              	PUSH	EBP
   750 000007C7 89 E5                           	MOV	EBP,ESP
   751 000007C9 56                              	PUSH	ESI
   752 000007CA 53                              	PUSH	EBX
   753 000007CB 8B 5D 08                        	MOV	EBX,DWORD [8+EBP]
   754 000007CE 8B 75 10                        	MOV	ESI,DWORD [16+EBP]
   755 000007D1 85 DB                           	TEST	EBX,EBX
   756 000007D3 7E 43                           	JLE	L107
   757 000007D5 53                              	PUSH	EBX
   758 000007D6 BB 00000080                     	MOV	EBX,128
   759 000007DB FF 75 0C                        	PUSH	DWORD [12+EBP]
   760 000007DE E8 [00000000]                   	CALL	_api_settimer
   761 000007E3 59                              	POP	ECX
   762 000007E4 58                              	POP	EAX
   763 000007E5                                 L109:
   764 000007E5 6A 01                           	PUSH	1
   765 000007E7 E8 [00000000]                   	CALL	_api_getkey
   766 000007EC 5A                              	POP	EDX
   767 000007ED 39 C3                           	CMP	EBX,EAX
   768 000007EF 74 20                           	JE	L106
   769 000007F1 83 F8 34                        	CMP	EAX,52
   770 000007F4 74 16                           	JE	L116
   771 000007F6                                 L113:
   772 000007F6 83 F8 36                        	CMP	EAX,54
   773 000007F9 74 0B                           	JE	L117
   774 000007FB                                 L114:
   775 000007FB 83 F8 20                        	CMP	EAX,32
   776 000007FE 75 E5                           	JNE	L109
   777 00000800 C6 46 02 01                     	MOV	BYTE [2+ESI],1
   778 00000804 EB DF                           	JMP	L109
   779 00000806                                 L117:
   780 00000806 C6 46 01 01                     	MOV	BYTE [1+ESI],1
   781 0000080A EB EF                           	JMP	L114
   782 0000080C                                 L116:
   783 0000080C C6 06 01                        	MOV	BYTE [ESI],1
   784 0000080F EB E5                           	JMP	L113
   785 00000811                                 L106:
   786 00000811 8D 65 F8                        	LEA	ESP,DWORD [-8+EBP]
   787 00000814 5B                              	POP	EBX
   788 00000815 5E                              	POP	ESI
   789 00000816 5D                              	POP	EBP
   790 00000817 C3                              	RET
   791 00000818                                 L107:
   792 00000818 BB 0000000A                     	MOV	EBX,10
   793 0000081D EB C6                           	JMP	L109
   794 0000081F                                 	GLOBAL	_setdec8
   795 0000081F                                 _setdec8:
   796 0000081F 55                              	PUSH	EBP
   797 00000820 B9 00000007                     	MOV	ECX,7
   798 00000825 89 E5                           	MOV	EBP,ESP
   799 00000827 57                              	PUSH	EDI
   800 00000828 56                              	PUSH	ESI
   801 00000829 53                              	PUSH	EBX
   802 0000082A 8B 5D 08                        	MOV	EBX,DWORD [8+EBP]
   803 0000082D                                 L123:
   804 0000082D 8B 45 0C                        	MOV	EAX,DWORD [12+EBP]
   805 00000830 BA 0000000A                     	MOV	EDX,10
   806 00000835 89 D7                           	MOV	EDI,EDX
   807 00000837 99                              	CDQ
   808 00000838 F7 FF                           	IDIV	EDI
   809 0000083A 83 C2 30                        	ADD	EDX,48
   810 0000083D 88 14 19                        	MOV	BYTE [ECX+EBX*1],DL
   811 00000840 49                              	DEC	ECX
   812 00000841 89 45 0C                        	MOV	DWORD [12+EBP],EAX
   813 00000844 79 E7                           	JNS	L123
   814 00000846 C6 43 08 00                     	MOV	BYTE [8+EBX],0
   815 0000084A 5B                              	POP	EBX
   816 0000084B 5E                              	POP	ESI
   817 0000084C 5F                              	POP	EDI
   818 0000084D 5D                              	POP	EBP
   819 0000084E C3                              	RET
