     1 00000000                                 [FORMAT "WCOFF"]
     2 00000000                                 [INSTRSET "i486p"]
     3 00000000                                 [OPTIMIZE 1]
     4 00000000                                 [OPTION 1]
     5 00000000                                 [BITS 32]
     6 00000000                                 	EXTERN	_api_putchar
     7 00000000                                 	EXTERN	_api_end
     8 00000000                                 	EXTERN	_vsprintf
     9 00000000                                 	EXTERN	_api_putstr0
    10 00000000                                 [FILE "help-cn.c"]
    11                                          [SECTION .text]
    12 00000000                                 	GLOBAL	_putchar
    13 00000000                                 _putchar:
    14 00000000 55                              	PUSH	EBP
    15 00000001 89 E5                           	MOV	EBP,ESP
    16 00000003 53                              	PUSH	EBX
    17 00000004 8B 5D 08                        	MOV	EBX,DWORD [8+EBP]
    18 00000007 53                              	PUSH	EBX
    19 00000008 E8 [00000000]                   	CALL	_api_putchar
    20 0000000D 89 D8                           	MOV	EAX,EBX
    21 0000000F 8B 5D FC                        	MOV	EBX,DWORD [-4+EBP]
    22 00000012 C9                              	LEAVE
    23 00000013 C3                              	RET
    24 00000014                                 	GLOBAL	_exit
    25 00000014                                 _exit:
    26 00000014 55                              	PUSH	EBP
    27 00000015 89 E5                           	MOV	EBP,ESP
    28 00000017 5D                              	POP	EBP
    29 00000018 E9 [00000000]                   	JMP	_api_end
    30 0000001D                                 	GLOBAL	_printf
    31 0000001D                                 _printf:
    32 0000001D 55                              	PUSH	EBP
    33 0000001E 89 E5                           	MOV	EBP,ESP
    34 00000020 56                              	PUSH	ESI
    35 00000021 53                              	PUSH	EBX
    36 00000022 81 EC 000003F0                  	SUB	ESP,1008
    37 00000028 8D 45 0C                        	LEA	EAX,DWORD [12+EBP]
    38 0000002B 8D 9D FFFFFC08                  	LEA	EBX,DWORD [-1016+EBP]
    39 00000031 50                              	PUSH	EAX
    40 00000032 FF 75 08                        	PUSH	DWORD [8+EBP]
    41 00000035 53                              	PUSH	EBX
    42 00000036 E8 [00000000]                   	CALL	_vsprintf
    43 0000003B 53                              	PUSH	EBX
    44 0000003C 89 C6                           	MOV	ESI,EAX
    45 0000003E E8 [00000000]                   	CALL	_api_putstr0
    46 00000043 8D 65 F8                        	LEA	ESP,DWORD [-8+EBP]
    47 00000046 89 F0                           	MOV	EAX,ESI
    48 00000048 5B                              	POP	EBX
    49 00000049 5E                              	POP	ESI
    50 0000004A 5D                              	POP	EBP
    51 0000004B C3                              	RET
    52 0000004C                                 	GLOBAL	_puts
    53 0000004C                                 _puts:
    54 0000004C 55                              	PUSH	EBP
    55 0000004D 89 E5                           	MOV	EBP,ESP
    56 0000004F 56                              	PUSH	ESI
    57 00000050 53                              	PUSH	EBX
    58 00000051 81 EC 000003F0                  	SUB	ESP,1008
    59 00000057 8D 45 0C                        	LEA	EAX,DWORD [12+EBP]
    60 0000005A 8D 9D FFFFFC08                  	LEA	EBX,DWORD [-1016+EBP]
    61 00000060 50                              	PUSH	EAX
    62 00000061 FF 75 08                        	PUSH	DWORD [8+EBP]
    63 00000064 53                              	PUSH	EBX
    64 00000065 E8 [00000000]                   	CALL	_vsprintf
    65 0000006A 53                              	PUSH	EBX
    66 0000006B 89 C6                           	MOV	ESI,EAX
    67 0000006D E8 [00000000]                   	CALL	_api_putstr0
    68 00000072 8D 65 F8                        	LEA	ESP,DWORD [-8+EBP]
    69 00000075 89 F0                           	MOV	EAX,ESI
    70 00000077 5B                              	POP	EBX
    71 00000078 5E                              	POP	ESI
    72 00000079 5D                              	POP	EBP
    73 0000007A C3                              	RET
    74                                          [SECTION .data]
    75 00000000                                 LC0:
    76 00000000 BB B6 D3 AD C0 B4 B5 BD 48 6F   	DB	0xBB,0xB6,0xD3,0xAD,0xC0,0xB4,0xB5,0xBD,"Horizon",0xB2,0xD9,0xD7,0xF7,0xCF,0xB5,0xCD,0xB3,0xC4,0xDA,0xBA,0xCB,0xC3,0xFC,0xC1,0xEE,0xD6,0xFA,0xCA,0xD6,0x0A,0x00
       0000000A 72 69 7A 6F 6E B2 D9 D7 F7 CF 
       00000014 B5 CD B3 C4 DA BA CB C3 FC C1 
       0000001E EE D6 FA CA D6 0A 00 
    77 00000025                                 LC1:
    78 00000025 2A 2E 68 69 67 20 CA C7 48 6F   	DB	"*.hig ",0xCA,0xC7,"Horizon",0xB2,0xD9,0xD7,0xF7,0xCF,0xB5,0xCD,0xB3,0xBF,0xC9,0xD6,0xB4,0xD0,0xD0,0xCE,0xC4,0xBC,0xFE,0x0A,0x00
       0000002F 72 69 7A 6F 6E B2 D9 D7 F7 CF 
       00000039 B5 CD B3 BF C9 D6 B4 D0 D0 CE 
       00000043 C4 BC FE 0A 00 
    79 00000048                                 LC2:
    80 00000048 66 6C 20 2D 20 CF D4 CA BE CE   	DB	"fl - ",0xCF,0xD4,0xCA,0xBE,0xCE,0xC4,0xBC,0xFE,0xC1,0xD0,0xB1,0xED,0x0A,0x00
       00000052 C4 BC FE C1 D0 B1 ED 0A 00 
    81 0000005B                                 LC3:
    82 0000005B 6D 65 6D 20 2D 20 CF D4 CA BE   	DB	"mem - ",0xCF,0xD4,0xCA,0xBE,0xC4,0xDA,0xB4,0xE6,0xD7,0xB4,0xCC,0xAC,0x0A,0x00
       00000065 C4 DA B4 E6 D7 B4 CC AC 0A 00 
    83 0000006F                                 LC4:
    84 0000006F 63 6C 73 20 2D 20 C7 E5 B3 FD   	DB	"cls - ",0xC7,0xE5,0xB3,0xFD,0xC6,0xC1,0xC4,0xBB,0x0A,0x00
       00000079 C6 C1 C4 BB 0A 00 
    85 0000007F                                 LC5:
    86 0000007F 65 78 69 74 20 2D 20 CD CB B3   	DB	"exit - ",0xCD,0xCB,0xB3,0xF6,0xC3,0xFC,0xC1,0xEE,0xD0,0xD0,0x0A,0x00
       00000089 F6 C3 FC C1 EE D0 D0 0A 00 
    87 00000092                                 LC6:
    88 00000092 73 74 61 72 74 20 5B 48 69 67   	DB	"start [Hig Name] - ",0xD3,0xC3,0xD2,0xBB,0xB8,0xF6,0xD0,0xC2,0xB4,0xB0,0xBF,0xDA,0xBF,0xAA,0xCA,0xBC,0xD3,0xA6,0xD3,0xC3,0xB3,0xCC,0xD0,0xF2,0x0A,0x00
       0000009C 20 4E 61 6D 65 5D 20 2D 20 D3 
       000000A6 C3 D2 BB B8 F6 D0 C2 B4 B0 BF 
       000000B0 DA BF AA CA BC D3 A6 D3 C3 B3 
       000000BA CC D0 F2 0A 00 
    89 000000BF                                 LC7:
    90 000000BF 6E 63 73 74 20 5B 48 69 67 20   	DB	"ncst [Hig Name] - ",0xB2,0xBB,0xD3,0xC3,0xD0,0xC2,0xB4,0xB0,0xBF,0xDA,0xBF,0xAA,0xCA,0xBC,0xD3,0xA6,0xD3,0xC3,0xB3,0xCC,0xD0,0xF2,0x0A,0x00
       000000C9 4E 61 6D 65 5D 20 2D 20 B2 BB 
       000000D3 D3 C3 D0 C2 B4 B0 BF DA BF AA 
       000000DD CA BC D3 A6 D3 C3 B3 CC D0 F2 
       000000E7 0A 00 
    91 000000E9                                 LC8:
    92 000000E9 5B 48 69 67 20 4E 61 6D 65 5D   	DB	"[Hig Name] - ",0xD4,0xDA,0xB5,0xB1,0xC7,0xB0,0xC3,0xFC,0xC1,0xEE,0xD0,0xD0,0xBF,0xAA,0xCA,0xBC,0xD3,0xA6,0xD3,0xC3,0xB3,0xCC,0xD0,0xF2,0x0A,0x00
       000000F3 20 2D 20 D4 DA B5 B1 C7 B0 C3 
       000000FD FC C1 EE D0 D0 BF AA CA BC D3 
       00000107 A6 D3 C3 B3 CC D0 F2 0A 00 
    93                                          [SECTION .text]
    94 0000007B                                 	GLOBAL	_HighMain
    95 0000007B                                 _HighMain:
    96 0000007B 55                              	PUSH	EBP
    97 0000007C 89 E5                           	MOV	EBP,ESP
    98 0000007E 68 [00000000]                   	PUSH	LC0
    99 00000083 E8 FFFFFF95                     	CALL	_printf
   100 00000088 68 [00000025]                   	PUSH	LC1
   101 0000008D E8 FFFFFF8B                     	CALL	_printf
   102 00000092 68 [00000048]                   	PUSH	LC2
   103 00000097 E8 FFFFFF81                     	CALL	_printf
   104 0000009C 68 [0000005B]                   	PUSH	LC3
   105 000000A1 E8 FFFFFF77                     	CALL	_printf
   106 000000A6 68 [0000006F]                   	PUSH	LC4
   107 000000AB E8 FFFFFF6D                     	CALL	_printf
   108 000000B0 68 [0000007F]                   	PUSH	LC5
   109 000000B5 E8 FFFFFF63                     	CALL	_printf
   110 000000BA 68 [00000092]                   	PUSH	LC6
   111 000000BF E8 FFFFFF59                     	CALL	_printf
   112 000000C4 68 [000000BF]                   	PUSH	LC7
   113 000000C9 E8 FFFFFF4F                     	CALL	_printf
   114 000000CE 83 C4 20                        	ADD	ESP,32
   115 000000D1 68 [000000E9]                   	PUSH	LC8
   116 000000D6 E8 FFFFFF42                     	CALL	_printf
   117 000000DB 6A 00                           	PUSH	0
   118 000000DD E8 FFFFFF32                     	CALL	_exit
