     1 00000000                                 ; func
     2 00000000                                 ; TAB=4
     3 00000000                                 
     4 00000000                                 [FORMAT "WCOFF"]	
     5 00000000                                 [INSTRSET "i486p"]
     6 00000000                                 [BITS 32]
     7 00000000                                 [FILE "func.asm"]
     8 00000000                                 
     9 00000000                                 		GLOBAL	_io_hlt, _io_cli, _io_sti, _io_stihlt
    10 00000000                                 		GLOBAL	_io_in8,  _io_in16,  _io_in32
    11 00000000                                 		GLOBAL	_io_out8, _io_out16, _io_out32
    12 00000000                                 		GLOBAL	_io_load_eflags, _io_store_eflags
    13 00000000                                 		GLOBAL	_load_gdtr, _load_idtr
    14 00000000                                 		GLOBAL	_load_cr0, _store_cr0
    15 00000000                                 		GLOBAL	_load_tr
    16 00000000                                 		GLOBAL	_asm_inthandler20, _asm_inthandler21
    17 00000000                                 		GLOBAL	_asm_inthandler2c, _asm_inthandler0c
    18 00000000                                 		GLOBAL	_asm_inthandler0d, _asm_end_app
    19 00000000                                 		GLOBAL	_memtest_sub
    20 00000000                                 		GLOBAL	_farjmp, _farcall
    21 00000000                                 		GLOBAL	_asm_hig_api, _start_app
    22 00000000                                 		GLOBAL  _asm_rdtsc, _asm_cpuid
    23 00000000                                 		EXTERN	_inthandler20, _inthandler21
    24 00000000                                 		EXTERN	_inthandler2c, _inthandler0d
    25 00000000                                 		EXTERN	_inthandler0c
    26 00000000                                 		EXTERN	_hig_api
    27 00000000                                 
    28                                          [SECTION .text]
    29 00000000                                 
    30 00000000                                 _io_hlt:	; void io_hlt(void);
    31 00000000 F4                              		HLT
    32 00000001 C3                              		RET
    33 00000002                                 
    34 00000002                                 _io_cli:	; void io_cli(void);
    35 00000002 FA                              		CLI
    36 00000003 C3                              		RET
    37 00000004                                 
    38 00000004                                 _io_sti:	; void io_sti(void);
    39 00000004 FB                              		STI
    40 00000005 C3                              		RET
    41 00000006                                 
    42 00000006                                 _io_stihlt:	; void io_stihlt(void);
    43 00000006 FB                              		STI
    44 00000007 F4                              		HLT
    45 00000008 C3                              		RET
    46 00000009                                 
    47 00000009                                 _io_in8:	; int io_in8(int port);
    48 00000009 8B 54 24 04                     		MOV		EDX,[ESP+4]		; port
    49 0000000D B8 00000000                     		MOV		EAX,0
    50 00000012 EC                              		IN		AL,DX
    51 00000013 C3                              		RET
    52 00000014                                 
    53 00000014                                 _io_in16:	; int io_in16(int port);
    54 00000014 8B 54 24 04                     		MOV		EDX,[ESP+4]		; port
    55 00000018 B8 00000000                     		MOV		EAX,0
    56 0000001D 66 ED                           		IN		AX,DX
    57 0000001F C3                              		RET
    58 00000020                                 
    59 00000020                                 _io_in32:	; int io_in32(int port);
    60 00000020 8B 54 24 04                     		MOV		EDX,[ESP+4]		; port
    61 00000024 ED                              		IN		EAX,DX
    62 00000025 C3                              		RET
    63 00000026                                 
    64 00000026                                 _io_out8:	; void io_out8(int port, int data);
    65 00000026 8B 54 24 04                     		MOV		EDX,[ESP+4]		; port
    66 0000002A 8A 44 24 08                     		MOV		AL,[ESP+8]		; data
    67 0000002E EE                              		OUT		DX,AL
    68 0000002F C3                              		RET
    69 00000030                                 
    70 00000030                                 _io_out16:	; void io_out16(int port, int data);
    71 00000030 8B 54 24 04                     		MOV		EDX,[ESP+4]		; port
    72 00000034 8B 44 24 08                     		MOV		EAX,[ESP+8]		; data
    73 00000038 66 EF                           		OUT		DX,AX
    74 0000003A C3                              		RET
    75 0000003B                                 
    76 0000003B                                 _io_out32:	; void io_out32(int port, int data);
    77 0000003B 8B 54 24 04                     		MOV		EDX,[ESP+4]		; port
    78 0000003F 8B 44 24 08                     		MOV		EAX,[ESP+8]		; data
    79 00000043 EF                              		OUT		DX,EAX
    80 00000044 C3                              		RET
    81 00000045                                 
    82 00000045                                 _io_load_eflags:	; int io_load_eflags(void);
    83 00000045 9C                              		PUSHFD
    84 00000046 58                              		POP		EAX
    85 00000047 C3                              		RET
    86 00000048                                 
    87 00000048                                 _io_store_eflags:	; void io_store_eflags(int eflags);
    88 00000048 8B 44 24 04                     		MOV		EAX,[ESP+4]
    89 0000004C 50                              		PUSH	EAX
    90 0000004D 9D                              		POPFD
    91 0000004E C3                              		RET
    92 0000004F                                 
    93 0000004F                                 _load_gdtr:		; void load_gdtr(int limit, int addr);
    94 0000004F 66 8B 44 24 04                  		MOV		AX,[ESP+4]		; limit
    95 00000054 66 89 44 24 06                  		MOV		[ESP+6],AX
    96 00000059 0F 01 54 24 06                  		LGDT	[ESP+6]
    97 0000005E C3                              		RET
    98 0000005F                                 
    99 0000005F                                 _load_idtr:		; void load_idtr(int limit, int addr);
   100 0000005F 66 8B 44 24 04                  		MOV		AX,[ESP+4]		; limit
   101 00000064 66 89 44 24 06                  		MOV		[ESP+6],AX
   102 00000069 0F 01 5C 24 06                  		LIDT	[ESP+6]
   103 0000006E C3                              		RET
   104 0000006F                                 
   105 0000006F                                 _load_cr0:		; int load_cr0(void);
   106 0000006F 0F 20 C0                        		MOV		EAX,CR0
   107 00000072 C3                              		RET
   108 00000073                                 
   109 00000073                                 _store_cr0:		; void store_cr0(int cr0);
   110 00000073 8B 44 24 04                     		MOV		EAX,[ESP+4]
   111 00000077 0F 22 C0                        		MOV		CR0,EAX
   112 0000007A C3                              		RET
   113 0000007B                                 
   114 0000007B                                 _load_tr:		; void load_tr(int tr);
   115 0000007B 0F 00 5C 24 04                  		LTR		[ESP+4]			; tr
   116 00000080 C3                              		RET
   117 00000081                                 
   118 00000081                                 _asm_inthandler20:
   119 00000081 06                              		PUSH	ES
   120 00000082 1E                              		PUSH	DS
   121 00000083 60                              		PUSHAD
   122 00000084 89 E0                           		MOV		EAX,ESP
   123 00000086 50                              		PUSH	EAX
   124 00000087 66 8C D0                        		MOV		AX,SS
   125 0000008A 8E D8                           		MOV		DS,AX
   126 0000008C 8E C0                           		MOV		ES,AX
   127 0000008E E8 [00000000]                   		CALL	_inthandler20
   128 00000093 58                              		POP		EAX
   129 00000094 61                              		POPAD
   130 00000095 1F                              		POP		DS
   131 00000096 07                              		POP		ES
   132 00000097 CF                              		IRETD
   133 00000098                                 
   134 00000098                                 _asm_inthandler21:
   135 00000098 06                              		PUSH	ES
   136 00000099 1E                              		PUSH	DS
   137 0000009A 60                              		PUSHAD
   138 0000009B 89 E0                           		MOV		EAX,ESP
   139 0000009D 50                              		PUSH	EAX
   140 0000009E 66 8C D0                        		MOV		AX,SS
   141 000000A1 8E D8                           		MOV		DS,AX
   142 000000A3 8E C0                           		MOV		ES,AX
   143 000000A5 E8 [00000000]                   		CALL	_inthandler21
   144 000000AA 58                              		POP		EAX
   145 000000AB 61                              		POPAD
   146 000000AC 1F                              		POP		DS
   147 000000AD 07                              		POP		ES
   148 000000AE CF                              		IRETD
   149 000000AF                                 
   150 000000AF                                 _asm_inthandler2c:
   151 000000AF 06                              		PUSH	ES
   152 000000B0 1E                              		PUSH	DS
   153 000000B1 60                              		PUSHAD
   154 000000B2 89 E0                           		MOV		EAX,ESP
   155 000000B4 50                              		PUSH	EAX
   156 000000B5 66 8C D0                        		MOV		AX,SS
   157 000000B8 8E D8                           		MOV		DS,AX
   158 000000BA 8E C0                           		MOV		ES,AX
   159 000000BC E8 [00000000]                   		CALL	_inthandler2c
   160 000000C1 58                              		POP		EAX
   161 000000C2 61                              		POPAD
   162 000000C3 1F                              		POP		DS
   163 000000C4 07                              		POP		ES
   164 000000C5 CF                              		IRETD
   165 000000C6                                 
   166 000000C6                                 _asm_inthandler0c:
   167 000000C6 FB                              		STI
   168 000000C7 06                              		PUSH	ES
   169 000000C8 1E                              		PUSH	DS
   170 000000C9 60                              		PUSHAD
   171 000000CA 89 E0                           		MOV		EAX,ESP
   172 000000CC 50                              		PUSH	EAX
   173 000000CD 66 8C D0                        		MOV		AX,SS
   174 000000D0 8E D8                           		MOV		DS,AX
   175 000000D2 8E C0                           		MOV		ES,AX
   176 000000D4 E8 [00000000]                   		CALL	_inthandler0c
   177 000000D9 83 F8 00                        		CMP		EAX,0
   178 000000DC 0F 85 00000091                  		JNE		_asm_end_app
   179 000000E2 58                              		POP		EAX
   180 000000E3 61                              		POPAD
   181 000000E4 1F                              		POP		DS
   182 000000E5 07                              		POP		ES
   183 000000E6 83 C4 04                        		ADD		ESP,4
   184 000000E9 CF                              		IRETD
   185 000000EA                                 
   186 000000EA                                 _asm_inthandler0d:
   187 000000EA FB                              		STI
   188 000000EB 06                              		PUSH	ES
   189 000000EC 1E                              		PUSH	DS
   190 000000ED 60                              		PUSHAD
   191 000000EE 89 E0                           		MOV		EAX,ESP
   192 000000F0 50                              		PUSH	EAX
   193 000000F1 66 8C D0                        		MOV		AX,SS
   194 000000F4 8E D8                           		MOV		DS,AX
   195 000000F6 8E C0                           		MOV		ES,AX
   196 000000F8 E8 [00000000]                   		CALL	_inthandler0d
   197 000000FD 83 F8 00                        		CMP		EAX,0
   198 00000100 75 71                           		JNE		_asm_end_app
   199 00000102 58                              		POP		EAX
   200 00000103 61                              		POPAD
   201 00000104 1F                              		POP		DS
   202 00000105 07                              		POP		ES
   203 00000106 83 C4 04                        		ADD		ESP,4
   204 00000109 CF                              		IRETD
   205 0000010A                                 
   206 0000010A                                 _memtest_sub:	; unsigned int memtest_sub(unsigned int start, unsigned int end)
   207 0000010A 57                              		PUSH	EDI
   208 0000010B 56                              		PUSH	ESI
   209 0000010C 53                              		PUSH	EBX
   210 0000010D BE AA55AA55                     		MOV		ESI,0xaa55aa55			; pat0 = 0xaa55aa55;
   211 00000112 BF 55AA55AA                     		MOV		EDI,0x55aa55aa			; pat1 = 0x55aa55aa;
   212 00000117 8B 44 24 10                     		MOV		EAX,[ESP+12+4]			; i = start;
   213 0000011B                                 mts_loop:
   214 0000011B 89 C3                           		MOV		EBX,EAX
   215 0000011D 81 C3 00000FFC                  		ADD		EBX,0xffc				; p = i + 0xffc;
   216 00000123 8B 13                           		MOV		EDX,[EBX]				; old = *p;
   217 00000125 89 33                           		MOV		[EBX],ESI				; *p = pat0;
   218 00000127 83 33 FF                        		XOR		DWORD [EBX],0xffffffff	; *p ^= 0xffffffff;
   219 0000012A 3B 3B                           		CMP		EDI,[EBX]				; if (*p != pat1) goto fin;
   220 0000012C 75 18                           		JNE		mts_fin
   221 0000012E 83 33 FF                        		XOR		DWORD [EBX],0xffffffff	; *p ^= 0xffffffff;
   222 00000131 3B 33                           		CMP		ESI,[EBX]				; if (*p != pat0) goto fin;
   223 00000133 75 11                           		JNE		mts_fin
   224 00000135 89 13                           		MOV		[EBX],EDX				; *p = old;
   225 00000137 05 00001000                     		ADD		EAX,0x1000				; i += 0x1000;
   226 0000013C 3B 44 24 14                     		CMP		EAX,[ESP+12+8]			; if (i <= end) goto mts_loop;
   227 00000140 76 D9                           		JBE		mts_loop
   228 00000142 5B                              		POP		EBX
   229 00000143 5E                              		POP		ESI
   230 00000144 5F                              		POP		EDI
   231 00000145 C3                              		RET
   232 00000146                                 mts_fin:
   233 00000146 89 13                           		MOV		[EBX],EDX				; *p = old;
   234 00000148 5B                              		POP		EBX
   235 00000149 5E                              		POP		ESI
   236 0000014A 5F                              		POP		EDI
   237 0000014B C3                              		RET
   238 0000014C                                 
   239 0000014C                                 _farjmp:		; void farjmp(int eip, int cs);
   240 0000014C FF 6C 24 04                     		JMP		FAR	[ESP+4]				; eip, cs
   241 00000150 C3                              		RET
   242 00000151                                 
   243 00000151                                 _farcall:		; void farcall(int eip, int cs);
   244 00000151 FF 5C 24 04                     		CALL	FAR	[ESP+4]				; eip, cs
   245 00000155 C3                              		RET
   246 00000156                                 
   247 00000156                                 _asm_hig_api:
   248 00000156 FB                              		STI
   249 00000157 1E                              		PUSH	DS
   250 00000158 06                              		PUSH	ES
   251 00000159 60                              		PUSHAD
   252 0000015A 60                              		PUSHAD
   253 0000015B 66 8C D0                        		MOV		AX,SS
   254 0000015E 8E D8                           		MOV		DS,AX
   255 00000160 8E C0                           		MOV		ES,AX
   256 00000162 E8 [00000000]                   		CALL	_hig_api
   257 00000167 83 F8 00                        		CMP		EAX,0
   258 0000016A 75 07                           		JNE		_asm_end_app
   259 0000016C 83 C4 20                        		ADD		ESP,32
   260 0000016F 61                              		POPAD
   261 00000170 07                              		POP		ES
   262 00000171 1F                              		POP		DS
   263 00000172 CF                              		IRETD
   264 00000173                                 _asm_end_app:
   265 00000173 8B 20                           		MOV		ESP,[EAX]
   266 00000175 C7 40 04 00000000               		MOV		DWORD [EAX+4],0
   267 0000017C 61                              		POPAD
   268 0000017D C3                              		RET
   269 0000017E                                 
   270 0000017E                                 _start_app:		; void start_app(int eip, int cs, int esp, int ds, int *tss_esp0);
   271 0000017E 60                              		PUSHAD
   272 0000017F 8B 44 24 24                     		MOV		EAX,[ESP+36]
   273 00000183 8B 4C 24 28                     		MOV		ECX,[ESP+40]
   274 00000187 8B 54 24 2C                     		MOV		EDX,[ESP+44]
   275 0000018B 8B 5C 24 30                     		MOV		EBX,[ESP+48]
   276 0000018F 8B 6C 24 34                     		MOV		EBP,[ESP+52]
   277 00000193 89 65 00                        		MOV		[EBP  ],ESP
   278 00000196 8C 55 04                        		MOV		[EBP+4],SS
   279 00000199 8E C3                           		MOV		ES,BX
   280 0000019B 8E DB                           		MOV		DS,BX
   281 0000019D 8E E3                           		MOV		FS,BX
   282 0000019F 8E EB                           		MOV		GS,BX
   283 000001A1 83 C9 03                        		OR		ECX,3
   284 000001A4 83 CB 03                        		OR		EBX,3
   285 000001A7 53                              		PUSH	EBX
   286 000001A8 52                              		PUSH	EDX
   287 000001A9 51                              		PUSH	ECX
   288 000001AA 50                              		PUSH	EAX
   289 000001AB CB                              		RETF
   290 000001AC                                 
   291 000001AC                                 _asm_rdtsc:	; void asm_rdtsc(int *high, int *low);
   292 000001AC 60                              	pushad
   293 000001AD 0F 31                           	db		0x0F, 0x31			; RDTSC
   294 000001AF 8B 7C 24 24                     	mov edi, [esp + 36]
   295 000001B3 89 17                           	mov dword [edi], EDX
   296 000001B5 8B 7C 24 28                     	mov edi, [esp + 40]
   297 000001B9 89 07                           	mov dword [edi], eax
   298 000001BB 61                              	popad
   299 000001BC C3                              	ret
   300 000001BD                                 
   301 000001BD                                 _asm_cpuid:	; void asm_cpuid(int id_eax, int id_ecx, int *eax, int *ebx, int *ecx, int *edx);
   302 000001BD 60                              	PUSHAD
   303 000001BE 8B 44 24 24                     	MOV		EAX,[ESP+36]		; id_eax
   304 000001C2 8B 4C 24 28                     	MOV		ECX,[ESP+40]		; id_ecx
   305 000001C6 0F A2                           	DB		0x0F, 0xA2			; CPUID
   306 000001C8 8B 7C 24 2C                     	MOV EDI,[ESP+44]
   307 000001CC 89 07                           	MOV [EDI], EAX
   308 000001CE 8B 7C 24 30                     	MOV EDI,[ESP+48]
   309 000001D2 89 1F                           	MOV DWORD [EDI], ebx
   310 000001D4 8B 7C 24 34                     	MOV EDI,[ESP+52]
   311 000001D8 89 0F                           	MOV DWORD [EDI], ecx
   312 000001DA 8B 7C 24 38                     	MOV EDI,[ESP+56]
   313 000001DE 89 17                           	MOV DWORD [EDI], edx
   314 000001E0                                 
   315 000001E0 61                              	POPAD
   316 000001E1 C3                              	RET
