     1 00000000                                 ; high os-ipl
     2 00000000                                 ; TAB=4
     3 00000000                                 
     4  = 00000035                              CYLS	EQU		53
     5 00000000                                 
     6                                          		ORG		0x7c00
     7 00007C00                                 
     8 00007C00 EB 4E                           		JMP		entry
     9 00007C02 90                              		DB		0x90
    10 00007C03 48 4F 52 49 5A 4F 4E 20         		DB		"HORIZON "
    11 00007C0B 0200                            		DW		512
    12 00007C0D 01                              		DB		1
    13 00007C0E 0001                            		DW		1
    14 00007C10 02                              		DB		2
    15 00007C11 00E0                            		DW		224
    16 00007C13 0B40                            		DW		2880
    17 00007C15 F0                              		DB		0xf0
    18 00007C16 0009                            		DW		9
    19 00007C18 0012                            		DW		18
    20 00007C1A 0002                            		DW		2
    21 00007C1C 00000000                        		DD		0
    22 00007C20 00000B40                        		DD		2880
    23 00007C24 00 00 29                        		DB		0,0,0x29
    24 00007C27 FFFFFFFF                        		DD		0xffffffff
    25 00007C2B 53 4D 41 52 54 2D 48 49 47 48   		DB		"SMART-HIGH "
       00007C35 20 
    26 00007C36 46 41 54 31 32 20 20 20         		DB		"FAT12   "
    27 00007C3E 00 00 00 00 00 00 00 00 00 00   		RESB	18
       00007C48 00 00 00 00 00 00 00 00 
    28 00007C50                                 
    29 00007C50                                 entry:
    30 00007C50 B8 0000                         		MOV		AX,0
    31 00007C53 8E D0                           		MOV		SS,AX
    32 00007C55 BC 7C00                         		MOV		SP,0x7c00
    33 00007C58 8E D8                           		MOV		DS,AX
    34 00007C5A                                 
    35 00007C5A B8 0820                         		MOV		AX,0x0820
    36 00007C5D 8E C0                           		MOV		ES,AX
    37 00007C5F B5 00                           		MOV		CH,0
    38 00007C61 B6 00                           		MOV		DH,0
    39 00007C63 B1 02                           		MOV		CL,2
    40 00007C65                                 readloop:
    41 00007C65 BE 0000                         		MOV		SI,0
    42 00007C68                                 retry:
    43 00007C68 B4 02                           		MOV		AH,0x02
    44 00007C6A B0 01                           		MOV		AL,1
    45 00007C6C BB 0000                         		MOV		BX,0
    46 00007C6F B2 00                           		MOV		DL,0x00
    47 00007C71 CD 13                           		INT		0x13
    48 00007C73 73 10                           		JNC		next
    49 00007C75 83 C6 01                        		ADD		SI,1
    50 00007C78 83 FE 05                        		CMP		SI,5
    51 00007C7B 73 32                           		JAE		error
    52 00007C7D B4 00                           		MOV		AH,0x00
    53 00007C7F B2 00                           		MOV		DL,0x00
    54 00007C81 CD 13                           		INT		0x13
    55 00007C83 EB E3                           		JMP		retry
    56 00007C85                                 next:
    57 00007C85 8C C0                           		MOV		AX,ES
    58 00007C87 05 0020                         		ADD		AX,0x0020
    59 00007C8A 8E C0                           		MOV		ES,AX
    60 00007C8C 80 C1 01                        		ADD		CL,1
    61 00007C8F 80 F9 12                        		CMP		CL,18
    62 00007C92 76 D1                           		JBE		readloop
    63 00007C94 B1 01                           		MOV		CL,1
    64 00007C96 80 C6 01                        		ADD		DH,1
    65 00007C99 80 FE 02                        		CMP		DH,2
    66 00007C9C 72 C7                           		JB		readloop
    67 00007C9E B6 00                           		MOV		DH,0
    68 00007CA0 80 C5 01                        		ADD		CH,1
    69 00007CA3 80 FD 35                        		CMP		CH,CYLS
    70 00007CA6 72 BD                           		JB		readloop
    71 00007CA8                                 
    72 00007CA8 88 2E 0FF0                      		MOV		[0x0ff0],CH
    73 00007CAC E9 4551                         		JMP		0xc200
    74 00007CAF                                 
    75 00007CAF                                 error:
    76 00007CAF B8 0000                         		MOV		AX,0
    77 00007CB2 8E C0                           		MOV		ES,AX
    78 00007CB4 BE 7CCC                         		MOV		SI,msg
    79 00007CB7                                 putloop:
    80 00007CB7 8A 04                           		MOV		AL,[SI]
    81 00007CB9 83 C6 01                        		ADD		SI,1
    82 00007CBC 3C 00                           		CMP		AL,0
    83 00007CBE 74 09                           		JE		fin
    84 00007CC0 B4 0E                           		MOV		AH,0x0e
    85 00007CC2 BB 000F                         		MOV		BX,15
    86 00007CC5 CD 10                           		INT		0x10
    87 00007CC7 EB EE                           		JMP		putloop
    88 00007CC9                                 fin:
    89 00007CC9 F4                              		HLT
    90 00007CCA EB FD                           		JMP		fin
    91 00007CCC                                 msg:
    92 00007CCC 0A 0A                           		DB		0x0a, 0x0a
    93 00007CCE 6C 6F 61 64 20 65 72 72 6F 72   		DB		"load error"
    94 00007CD8 0A                              		DB		0x0a
    95 00007CD9 00                              		DB		0
    96 00007CDA                                 
    97 00007CDA 00 00 00 00 00 00 00 00 00 00   		RESB	0x7dfe-$
       00007CE4 00 00 00 00 00 00 00 00 00 00 
       00007CEE 00 00 00 00 00 00 00 00 00 00 
       00007CF8 00 00 00 00 00 00 00 00 00 00 
       00007D02 00 00 00 00 00 00 00 00 00 00 
       00007D0C 00 00 00 00 00 00 00 00 00 00 
       00007D16 00 00 00 00 00 00 00 00 00 00 
       00007D20 00 00 00 00 00 00 00 00 00 00 
       00007D2A 00 00 00 00 00 00 00 00 00 00 
       00007D34 00 00 00 00 00 00 00 00 00 00 
       00007D3E 00 00 00 00 00 00 00 00 00 00 
       00007D48 00 00 00 00 00 00 00 00 00 00 
       00007D52 00 00 00 00 00 00 00 00 00 00 
       00007D5C 00 00 00 00 00 00 00 00 00 00 
       00007D66 00 00 00 00 00 00 00 00 00 00 
       00007D70 00 00 00 00 00 00 00 00 00 00 
       00007D7A 00 00 00 00 00 00 00 00 00 00 
       00007D84 00 00 00 00 00 00 00 00 00 00 
       00007D8E 00 00 00 00 00 00 00 00 00 00 
       00007D98 00 00 00 00 00 00 00 00 00 00 
       00007DA2 00 00 00 00 00 00 00 00 00 00 
       00007DAC 00 00 00 00 00 00 00 00 00 00 
       00007DB6 00 00 00 00 00 00 00 00 00 00 
       00007DC0 00 00 00 00 00 00 00 00 00 00 
       00007DCA 00 00 00 00 00 00 00 00 00 00 
       00007DD4 00 00 00 00 00 00 00 00 00 00 
       00007DDE 00 00 00 00 00 00 00 00 00 00 
       00007DE8 00 00 00 00 00 00 00 00 00 00 
       00007DF2 00 00 00 00 00 00 00 00 00 00 
       00007DFC 00 00 
    98 00007DFE                                 
    99 00007DFE 55 AA                           		DB		0x55, 0xaa
