     1 00000000                                 [FORMAT "WCOFF"]
     2 00000000                                 [INSTRSET "i486p"]
     3 00000000                                 [OPTIMIZE 1]
     4 00000000                                 [OPTION 1]
     5 00000000                                 [BITS 32]
     6 00000000                                 	EXTERN	_boxfill8
     7 00000000                                 	EXTERN	_put_dot
     8 00000000                                 	EXTERN	_boxfill8_tp50
     9 00000000                                 	EXTERN	_putfonts8_asc
    10 00000000                                 	EXTERN	_rgb2pal
    11 00000000                                 	EXTERN	_task_now
    12 00000000                                 	EXTERN	_sheet_refresh
    13 00000000                                 [FILE "window.c"]
    14                                          [SECTION .text]
    15 00000000                                 	GLOBAL	_make_window8
    16 00000000                                 _make_window8:
    17 00000000 55                              	PUSH	EBP
    18 00000001 89 E5                           	MOV	EBP,ESP
    19 00000003 57                              	PUSH	EDI
    20 00000004 56                              	PUSH	ESI
    21 00000005 53                              	PUSH	EBX
    22 00000006 83 EC 24                        	SUB	ESP,36
    23 00000009 8B 5D 0C                        	MOV	EBX,DWORD [12+EBP]
    24 0000000C 8B 45 10                        	MOV	EAX,DWORD [16+EBP]
    25 0000000F 89 45 F0                        	MOV	DWORD [-16+EBP],EAX
    26 00000012 8B 75 08                        	MOV	ESI,DWORD [8+EBP]
    27 00000015 8B 45 14                        	MOV	EAX,DWORD [20+EBP]
    28 00000018 0F BE 7D 18                     	MOVSX	EDI,BYTE [24+EBP]
    29 0000001C 89 45 EC                        	MOV	DWORD [-20+EBP],EAX
    30 0000001F 8D 43 FF                        	LEA	EAX,DWORD [-1+EBX]
    31 00000022 6A 00                           	PUSH	0
    32 00000024 89 45 E8                        	MOV	DWORD [-24+EBP],EAX
    33 00000027 50                              	PUSH	EAX
    34 00000028 6A 00                           	PUSH	0
    35 0000002A 6A 00                           	PUSH	0
    36 0000002C 6A 07                           	PUSH	7
    37 0000002E 53                              	PUSH	EBX
    38 0000002F 56                              	PUSH	ESI
    39 00000030 E8 [00000000]                   	CALL	_boxfill8
    40 00000035 6A 00                           	PUSH	0
    41 00000037 FF 75 E8                        	PUSH	DWORD [-24+EBP]
    42 0000003A 6A 00                           	PUSH	0
    43 0000003C 6A 00                           	PUSH	0
    44 0000003E 68 000000D0                     	PUSH	208
    45 00000043 53                              	PUSH	EBX
    46 00000044 56                              	PUSH	ESI
    47 00000045 E8 [00000000]                   	CALL	_boxfill8
    48 0000004A 8D 43 FE                        	LEA	EAX,DWORD [-2+EBX]
    49 0000004D 83 C4 38                        	ADD	ESP,56
    50 00000050 6A 01                           	PUSH	1
    51 00000052 89 45 E4                        	MOV	DWORD [-28+EBP],EAX
    52 00000055 50                              	PUSH	EAX
    53 00000056 6A 01                           	PUSH	1
    54 00000058 6A 01                           	PUSH	1
    55 0000005A 68 000000FF                     	PUSH	255
    56 0000005F 53                              	PUSH	EBX
    57 00000060 56                              	PUSH	ESI
    58 00000061 E8 [00000000]                   	CALL	_boxfill8
    59 00000066 8B 45 F0                        	MOV	EAX,DWORD [-16+EBP]
    60 00000069 48                              	DEC	EAX
    61 0000006A 89 45 E0                        	MOV	DWORD [-32+EBP],EAX
    62 0000006D 50                              	PUSH	EAX
    63 0000006E 6A 00                           	PUSH	0
    64 00000070 6A 00                           	PUSH	0
    65 00000072 6A 00                           	PUSH	0
    66 00000074 68 000000D0                     	PUSH	208
    67 00000079 53                              	PUSH	EBX
    68 0000007A 56                              	PUSH	ESI
    69 0000007B E8 [00000000]                   	CALL	_boxfill8
    70 00000080 8B 45 F0                        	MOV	EAX,DWORD [-16+EBP]
    71 00000083 83 C4 38                        	ADD	ESP,56
    72 00000086 83 E8 02                        	SUB	EAX,2
    73 00000089 89 45 DC                        	MOV	DWORD [-36+EBP],EAX
    74 0000008C 50                              	PUSH	EAX
    75 0000008D 6A 01                           	PUSH	1
    76 0000008F 6A 01                           	PUSH	1
    77 00000091 6A 01                           	PUSH	1
    78 00000093 68 000000FF                     	PUSH	255
    79 00000098 53                              	PUSH	EBX
    80 00000099 56                              	PUSH	ESI
    81 0000009A E8 [00000000]                   	CALL	_boxfill8
    82 0000009F FF 75 DC                        	PUSH	DWORD [-36+EBP]
    83 000000A2 FF 75 E4                        	PUSH	DWORD [-28+EBP]
    84 000000A5 6A 01                           	PUSH	1
    85 000000A7 FF 75 E4                        	PUSH	DWORD [-28+EBP]
    86 000000AA 68 000000D0                     	PUSH	208
    87 000000AF 53                              	PUSH	EBX
    88 000000B0 56                              	PUSH	ESI
    89 000000B1 E8 [00000000]                   	CALL	_boxfill8
    90 000000B6 83 C4 38                        	ADD	ESP,56
    91 000000B9 FF 75 E0                        	PUSH	DWORD [-32+EBP]
    92 000000BC FF 75 E8                        	PUSH	DWORD [-24+EBP]
    93 000000BF 6A 00                           	PUSH	0
    94 000000C1 FF 75 E8                        	PUSH	DWORD [-24+EBP]
    95 000000C4 68 000000FF                     	PUSH	255
    96 000000C9 53                              	PUSH	EBX
    97 000000CA 56                              	PUSH	ESI
    98 000000CB E8 [00000000]                   	CALL	_boxfill8
    99 000000D0 8B 45 F0                        	MOV	EAX,DWORD [-16+EBP]
   100 000000D3 83 E8 03                        	SUB	EAX,3
   101 000000D6 89 45 D8                        	MOV	DWORD [-40+EBP],EAX
   102 000000D9 50                              	PUSH	EAX
   103 000000DA 8D 43 FD                        	LEA	EAX,DWORD [-3+EBX]
   104 000000DD 89 45 D4                        	MOV	DWORD [-44+EBP],EAX
   105 000000E0 50                              	PUSH	EAX
   106 000000E1 6A 02                           	PUSH	2
   107 000000E3 6A 02                           	PUSH	2
   108 000000E5 6A 07                           	PUSH	7
   109 000000E7 53                              	PUSH	EBX
   110 000000E8 56                              	PUSH	ESI
   111 000000E9 E8 [00000000]                   	CALL	_boxfill8
   112 000000EE 8D 43 FC                        	LEA	EAX,DWORD [-4+EBX]
   113 000000F1 83 C4 38                        	ADD	ESP,56
   114 000000F4 6A 14                           	PUSH	20
   115 000000F6 89 45 D0                        	MOV	DWORD [-48+EBP],EAX
   116 000000F9 50                              	PUSH	EAX
   117 000000FA 6A 03                           	PUSH	3
   118 000000FC 6A 03                           	PUSH	3
   119 000000FE 6A 07                           	PUSH	7
   120 00000100 53                              	PUSH	EBX
   121 00000101 56                              	PUSH	ESI
   122 00000102 E8 [00000000]                   	CALL	_boxfill8
   123 00000107 FF 75 DC                        	PUSH	DWORD [-36+EBP]
   124 0000010A FF 75 E4                        	PUSH	DWORD [-28+EBP]
   125 0000010D FF 75 DC                        	PUSH	DWORD [-36+EBP]
   126 00000110 6A 01                           	PUSH	1
   127 00000112 68 000000D0                     	PUSH	208
   128 00000117 53                              	PUSH	EBX
   129 00000118 56                              	PUSH	ESI
   130 00000119 E8 [00000000]                   	CALL	_boxfill8
   131 0000011E 83 C4 38                        	ADD	ESP,56
   132 00000121 FF 75 E0                        	PUSH	DWORD [-32+EBP]
   133 00000124 FF 75 E8                        	PUSH	DWORD [-24+EBP]
   134 00000127 FF 75 E0                        	PUSH	DWORD [-32+EBP]
   135 0000012A 6A 00                           	PUSH	0
   136 0000012C 68 000000FF                     	PUSH	255
   137 00000131 53                              	PUSH	EBX
   138 00000132 56                              	PUSH	ESI
   139 00000133 E8 [00000000]                   	CALL	_boxfill8
   140 00000138 57                              	PUSH	EDI
   141 00000139 FF 75 EC                        	PUSH	DWORD [-20+EBP]
   142 0000013C 53                              	PUSH	EBX
   143 0000013D 8D 7B FB                        	LEA	EDI,DWORD [-5+EBX]
   144 00000140 56                              	PUSH	ESI
   145 00000141 E8 000001ED                     	CALL	_make_wtitle8
   146 00000146 83 C4 2C                        	ADD	ESP,44
   147 00000149 6A 02                           	PUSH	2
   148 0000014B 6A 02                           	PUSH	2
   149 0000014D 6A 00                           	PUSH	0
   150 0000014F 6A 00                           	PUSH	0
   151 00000151 68 000000FF                     	PUSH	255
   152 00000156 53                              	PUSH	EBX
   153 00000157 56                              	PUSH	ESI
   154 00000158 E8 [00000000]                   	CALL	_boxfill8
   155 0000015D 6A 01                           	PUSH	1
   156 0000015F 6A 04                           	PUSH	4
   157 00000161 6A 00                           	PUSH	0
   158 00000163 6A 03                           	PUSH	3
   159 00000165 68 000000FF                     	PUSH	255
   160 0000016A 53                              	PUSH	EBX
   161 0000016B 56                              	PUSH	ESI
   162 0000016C E8 [00000000]                   	CALL	_boxfill8
   163 00000171 83 C4 38                        	ADD	ESP,56
   164 00000174 6A 01                           	PUSH	1
   165 00000176 6A 04                           	PUSH	4
   166 00000178 6A 01                           	PUSH	1
   167 0000017A 6A 03                           	PUSH	3
   168 0000017C 68 000000D0                     	PUSH	208
   169 00000181 53                              	PUSH	EBX
   170 00000182 56                              	PUSH	ESI
   171 00000183 E8 [00000000]                   	CALL	_boxfill8
   172 00000188 6A 04                           	PUSH	4
   173 0000018A 6A 01                           	PUSH	1
   174 0000018C 6A 03                           	PUSH	3
   175 0000018E 6A 00                           	PUSH	0
   176 00000190 68 000000FF                     	PUSH	255
   177 00000195 53                              	PUSH	EBX
   178 00000196 56                              	PUSH	ESI
   179 00000197 E8 [00000000]                   	CALL	_boxfill8
   180 0000019C 83 C4 38                        	ADD	ESP,56
   181 0000019F 6A 04                           	PUSH	4
   182 000001A1 6A 01                           	PUSH	1
   183 000001A3 6A 03                           	PUSH	3
   184 000001A5 6A 01                           	PUSH	1
   185 000001A7 68 000000D0                     	PUSH	208
   186 000001AC 53                              	PUSH	EBX
   187 000001AD 56                              	PUSH	ESI
   188 000001AE E8 [00000000]                   	CALL	_boxfill8
   189 000001B3 6A 02                           	PUSH	2
   190 000001B5 6A 02                           	PUSH	2
   191 000001B7 68 000000D0                     	PUSH	208
   192 000001BC 53                              	PUSH	EBX
   193 000001BD 56                              	PUSH	ESI
   194 000001BE E8 [00000000]                   	CALL	_put_dot
   195 000001C3 83 C4 30                        	ADD	ESP,48
   196 000001C6 6A 02                           	PUSH	2
   197 000001C8 FF 75 E8                        	PUSH	DWORD [-24+EBP]
   198 000001CB 6A 00                           	PUSH	0
   199 000001CD FF 75 D4                        	PUSH	DWORD [-44+EBP]
   200 000001D0 68 000000FF                     	PUSH	255
   201 000001D5 53                              	PUSH	EBX
   202 000001D6 56                              	PUSH	ESI
   203 000001D7 E8 [00000000]                   	CALL	_boxfill8
   204 000001DC 6A 01                           	PUSH	1
   205 000001DE FF 75 D0                        	PUSH	DWORD [-48+EBP]
   206 000001E1 6A 00                           	PUSH	0
   207 000001E3 57                              	PUSH	EDI
   208 000001E4 68 000000FF                     	PUSH	255
   209 000001E9 53                              	PUSH	EBX
   210 000001EA 56                              	PUSH	ESI
   211 000001EB E8 [00000000]                   	CALL	_boxfill8
   212 000001F0 83 C4 38                        	ADD	ESP,56
   213 000001F3 6A 01                           	PUSH	1
   214 000001F5 FF 75 D0                        	PUSH	DWORD [-48+EBP]
   215 000001F8 6A 01                           	PUSH	1
   216 000001FA 57                              	PUSH	EDI
   217 000001FB 68 000000D0                     	PUSH	208
   218 00000200 53                              	PUSH	EBX
   219 00000201 56                              	PUSH	ESI
   220 00000202 E8 [00000000]                   	CALL	_boxfill8
   221 00000207 6A 04                           	PUSH	4
   222 00000209 FF 75 E8                        	PUSH	DWORD [-24+EBP]
   223 0000020C 6A 03                           	PUSH	3
   224 0000020E FF 75 E4                        	PUSH	DWORD [-28+EBP]
   225 00000211 68 000000FF                     	PUSH	255
   226 00000216 53                              	PUSH	EBX
   227 00000217 56                              	PUSH	ESI
   228 00000218 E8 [00000000]                   	CALL	_boxfill8
   229 0000021D 83 C4 38                        	ADD	ESP,56
   230 00000220 6A 04                           	PUSH	4
   231 00000222 FF 75 E4                        	PUSH	DWORD [-28+EBP]
   232 00000225 6A 03                           	PUSH	3
   233 00000227 FF 75 E4                        	PUSH	DWORD [-28+EBP]
   234 0000022A 68 000000D0                     	PUSH	208
   235 0000022F 53                              	PUSH	EBX
   236 00000230 56                              	PUSH	ESI
   237 00000231 E8 [00000000]                   	CALL	_boxfill8
   238 00000236 6A 02                           	PUSH	2
   239 00000238 FF 75 D4                        	PUSH	DWORD [-44+EBP]
   240 0000023B 68 000000D0                     	PUSH	208
   241 00000240 53                              	PUSH	EBX
   242 00000241 56                              	PUSH	ESI
   243 00000242 E8 [00000000]                   	CALL	_put_dot
   244 00000247 83 C4 30                        	ADD	ESP,48
   245 0000024A FF 75 E0                        	PUSH	DWORD [-32+EBP]
   246 0000024D 6A 02                           	PUSH	2
   247 0000024F FF 75 D8                        	PUSH	DWORD [-40+EBP]
   248 00000252 6A 00                           	PUSH	0
   249 00000254 68 000000FF                     	PUSH	255
   250 00000259 53                              	PUSH	EBX
   251 0000025A 56                              	PUSH	ESI
   252 0000025B E8 [00000000]                   	CALL	_boxfill8
   253 00000260 8B 7D F0                        	MOV	EDI,DWORD [-16+EBP]
   254 00000263 83 EF 04                        	SUB	EDI,4
   255 00000266 57                              	PUSH	EDI
   256 00000267 6A 00                           	PUSH	0
   257 00000269 68 000000FF                     	PUSH	255
   258 0000026E 53                              	PUSH	EBX
   259 0000026F 56                              	PUSH	ESI
   260 00000270 E8 [00000000]                   	CALL	_put_dot
   261 00000275 83 C4 30                        	ADD	ESP,48
   262 00000278 FF 75 E0                        	PUSH	DWORD [-32+EBP]
   263 0000027B 6A 03                           	PUSH	3
   264 0000027D 68 000000FF                     	PUSH	255
   265 00000282 53                              	PUSH	EBX
   266 00000283 56                              	PUSH	ESI
   267 00000284 E8 [00000000]                   	CALL	_put_dot
   268 00000289 FF 75 DC                        	PUSH	DWORD [-36+EBP]
   269 0000028C 6A 02                           	PUSH	2
   270 0000028E FF 75 D8                        	PUSH	DWORD [-40+EBP]
   271 00000291 6A 01                           	PUSH	1
   272 00000293 68 000000D0                     	PUSH	208
   273 00000298 53                              	PUSH	EBX
   274 00000299 56                              	PUSH	ESI
   275 0000029A E8 [00000000]                   	CALL	_boxfill8
   276 0000029F 83 C4 30                        	ADD	ESP,48
   277 000002A2 FF 75 DC                        	PUSH	DWORD [-36+EBP]
   278 000002A5 6A 01                           	PUSH	1
   279 000002A7 68 000000FF                     	PUSH	255
   280 000002AC 53                              	PUSH	EBX
   281 000002AD 56                              	PUSH	ESI
   282 000002AE E8 [00000000]                   	CALL	_put_dot
   283 000002B3 FF 75 E0                        	PUSH	DWORD [-32+EBP]
   284 000002B6 FF 75 E8                        	PUSH	DWORD [-24+EBP]
   285 000002B9 FF 75 D8                        	PUSH	DWORD [-40+EBP]
   286 000002BC FF 75 D4                        	PUSH	DWORD [-44+EBP]
   287 000002BF 68 000000FF                     	PUSH	255
   288 000002C4 53                              	PUSH	EBX
   289 000002C5 56                              	PUSH	ESI
   290 000002C6 E8 [00000000]                   	CALL	_boxfill8
   291 000002CB 83 C4 30                        	ADD	ESP,48
   292 000002CE FF 75 E0                        	PUSH	DWORD [-32+EBP]
   293 000002D1 FF 75 D0                        	PUSH	DWORD [-48+EBP]
   294 000002D4 68 000000FF                     	PUSH	255
   295 000002D9 53                              	PUSH	EBX
   296 000002DA 56                              	PUSH	ESI
   297 000002DB E8 [00000000]                   	CALL	_put_dot
   298 000002E0 57                              	PUSH	EDI
   299 000002E1 FF 75 E8                        	PUSH	DWORD [-24+EBP]
   300 000002E4 68 000000FF                     	PUSH	255
   301 000002E9 53                              	PUSH	EBX
   302 000002EA 56                              	PUSH	ESI
   303 000002EB E8 [00000000]                   	CALL	_put_dot
   304 000002F0 83 C4 28                        	ADD	ESP,40
   305 000002F3 FF 75 DC                        	PUSH	DWORD [-36+EBP]
   306 000002F6 FF 75 E4                        	PUSH	DWORD [-28+EBP]
   307 000002F9 FF 75 D8                        	PUSH	DWORD [-40+EBP]
   308 000002FC FF 75 D4                        	PUSH	DWORD [-44+EBP]
   309 000002FF 68 000000D0                     	PUSH	208
   310 00000304 53                              	PUSH	EBX
   311 00000305 56                              	PUSH	ESI
   312 00000306 E8 [00000000]                   	CALL	_boxfill8
   313 0000030B 89 75 08                        	MOV	DWORD [8+EBP],ESI
   314 0000030E 8B 45 DC                        	MOV	EAX,DWORD [-36+EBP]
   315 00000311 89 5D 0C                        	MOV	DWORD [12+EBP],EBX
   316 00000314 89 45 18                        	MOV	DWORD [24+EBP],EAX
   317 00000317 83 C4 1C                        	ADD	ESP,28
   318 0000031A 8B 45 E4                        	MOV	EAX,DWORD [-28+EBP]
   319 0000031D 89 45 14                        	MOV	DWORD [20+EBP],EAX
   320 00000320 C7 45 10 000000FF               	MOV	DWORD [16+EBP],255
   321 00000327 8D 65 F4                        	LEA	ESP,DWORD [-12+EBP]
   322 0000032A 5B                              	POP	EBX
   323 0000032B 5E                              	POP	ESI
   324 0000032C 5F                              	POP	EDI
   325 0000032D 5D                              	POP	EBP
   326 0000032E E9 [00000000]                   	JMP	_put_dot
   327                                          [SECTION .data]
   328 00000000                                 _closebtn.0:
   329 00000000 2E 2E 2E 2E 2E 2E 51 51 51 51   	DB	"......QQQQ......"
       0000000A 2E 2E 2E 2E 2E 2E 
   330 00000010 2E 2E 2E 2E 51 51 51 51 51 51   	DB	"....QQQQQQQQQ..."
       0000001A 51 51 51 2E 2E 2E 
   331 00000020 2E 2E 2E 51 51 51 51 51 51 51   	DB	"...QQQQQQQQQQ..."
       0000002A 51 51 51 2E 2E 2E 
   332 00000030 2E 2E 51 51 40 40 51 51 51 51   	DB	"..QQ@@QQQQ@@QQ.."
       0000003A 40 40 51 51 2E 2E 
   333 00000040 2E 2E 51 51 51 40 40 51 51 40   	DB	"..QQQ@@QQ@@QQQ.."
       0000004A 40 51 51 51 2E 2E 
   334 00000050 2E 51 51 51 51 51 40 40 40 40   	DB	".QQQQQ@@@@QQQQQ."
       0000005A 51 51 51 51 51 2E 
   335 00000060 2E 51 51 51 51 51 51 40 40 51   	DB	".QQQQQQ@@QQQQQQ."
       0000006A 51 51 51 51 51 2E 
   336 00000070 2E 51 51 51 51 51 51 40 40 51   	DB	".QQQQQQ@@QQQQQQ."
       0000007A 51 51 51 51 51 2E 
   337 00000080 2E 51 51 51 51 51 40 40 40 40   	DB	".QQQQQ@@@@QQQQQ."
       0000008A 51 51 51 51 51 2E 
   338 00000090 2E 2E 51 51 51 40 40 51 51 40   	DB	"..QQQ@@QQ@@QQQ.."
       0000009A 40 51 51 51 2E 2E 
   339 000000A0 2E 2E 51 51 40 40 51 51 51 51   	DB	"..QQ@@QQQQ@@QQ.."
       000000AA 40 40 51 51 2E 2E 
   340 000000B0 2E 2E 2E 51 51 51 51 51 51 51   	DB	"...QQQQQQQQQQ..."
       000000BA 51 51 51 2E 2E 2E 
   341 000000C0 2E 2E 2E 2E 51 51 51 51 51 51   	DB	"....QQQQQQQQ...."
       000000CA 51 51 2E 2E 2E 2E 
   342 000000D0 2E 2E 2E 2E 2E 2E 51 51 51 51   	DB	"......QQQQ......"
       000000DA 2E 2E 2E 2E 2E 2E 
   343                                          [SECTION .text]
   344 00000333                                 	GLOBAL	_make_wtitle8
   345 00000333                                 _make_wtitle8:
   346 00000333 55                              	PUSH	EBP
   347 00000334 89 E5                           	MOV	EBP,ESP
   348 00000336 57                              	PUSH	EDI
   349 00000337 56                              	PUSH	ESI
   350 00000338 53                              	PUSH	EBX
   351 00000339 50                              	PUSH	EAX
   352 0000033A 8B 5D 0C                        	MOV	EBX,DWORD [12+EBP]
   353 0000033D 80 7D 14 00                     	CMP	BYTE [20+EBP],0
   354 00000341 0F 85 00000097                  	JNE	L23
   355 00000347 BE 00000007                     	MOV	ESI,7
   356 0000034C B2 0F                           	MOV	DL,15
   357 0000034E                                 L4:
   358 0000034E 6A 14                           	PUSH	20
   359 00000350 8D 43 FD                        	LEA	EAX,DWORD [-3+EBX]
   360 00000353 50                              	PUSH	EAX
   361 00000354 31 FF                           	XOR	EDI,EDI
   362 00000356 6A 01                           	PUSH	1
   363 00000358 6A 01                           	PUSH	1
   364 0000035A 0F B6 C2                        	MOVZX	EAX,DL
   365 0000035D 50                              	PUSH	EAX
   366 0000035E 53                              	PUSH	EBX
   367 0000035F FF 75 08                        	PUSH	DWORD [8+EBP]
   368 00000362 E8 [00000000]                   	CALL	_boxfill8_tp50
   369 00000367 89 F2                           	MOV	EDX,ESI
   370 00000369 FF 75 10                        	PUSH	DWORD [16+EBP]
   371 0000036C 0F BE C2                        	MOVSX	EAX,DL
   372 0000036F 50                              	PUSH	EAX
   373 00000370 BA 00000002                     	MOV	EDX,2
   374 00000375 89 D8                           	MOV	EAX,EBX
   375 00000377 89 D6                           	MOV	ESI,EDX
   376 00000379 99                              	CDQ
   377 0000037A F7 FE                           	IDIV	ESI
   378 0000037C 6A 04                           	PUSH	4
   379 0000037E 8D 40 E4                        	LEA	EAX,DWORD [-28+EAX]
   380 00000381 50                              	PUSH	EAX
   381 00000382 53                              	PUSH	EBX
   382 00000383 FF 75 08                        	PUSH	DWORD [8+EBP]
   383 00000386 E8 [00000000]                   	CALL	_putfonts8_asc
   384 0000038B 83 C4 34                        	ADD	ESP,52
   385 0000038E 6B CB 05                        	IMUL	ECX,EBX,5
   386 00000391 C7 45 F0 00000000               	MOV	DWORD [-16+EBP],0
   387 00000398                                 L18:
   388 00000398 8D 14 19                        	LEA	EDX,DWORD [ECX+EBX*1]
   389 0000039B 8B 45 08                        	MOV	EAX,DWORD [8+EBP]
   390 0000039E 31 F6                           	XOR	ESI,ESI
   391 000003A0 8D 54 10 EB                     	LEA	EDX,DWORD [-21+EAX+EDX*1]
   392 000003A4                                 L17:
   393 000003A4 8A 84 3E [00000000]             	MOV	AL,BYTE [_closebtn.0+ESI+EDI*1]
   394 000003AB 3C 40                           	CMP	AL,64
   395 000003AD 74 2B                           	JE	L24
   396 000003AF 3C 51                           	CMP	AL,81
   397 000003B1 74 23                           	JE	L25
   398 000003B3                                 L14:
   399 000003B3 3C 2E                           	CMP	AL,46
   400 000003B5 74 02                           	JE	L11
   401 000003B7 88 02                           	MOV	BYTE [EDX],AL
   402 000003B9                                 L11:
   403 000003B9 46                              	INC	ESI
   404 000003BA 42                              	INC	EDX
   405 000003BB 83 FE 0F                        	CMP	ESI,15
   406 000003BE 7E E4                           	JLE	L17
   407 000003C0 FF 45 F0                        	INC	DWORD [-16+EBP]
   408 000003C3 01 D9                           	ADD	ECX,EBX
   409 000003C5 83 C7 10                        	ADD	EDI,16
   410 000003C8 83 7D F0 0D                     	CMP	DWORD [-16+EBP],13
   411 000003CC 7E CA                           	JLE	L18
   412 000003CE 8D 65 F4                        	LEA	ESP,DWORD [-12+EBP]
   413 000003D1 5B                              	POP	EBX
   414 000003D2 5E                              	POP	ESI
   415 000003D3 5F                              	POP	EDI
   416 000003D4 5D                              	POP	EBP
   417 000003D5 C3                              	RET
   418 000003D6                                 L25:
   419 000003D6 B0 01                           	MOV	AL,1
   420 000003D8 EB D9                           	JMP	L14
   421 000003DA                                 L24:
   422 000003DA B0 07                           	MOV	AL,7
   423 000003DC EB D5                           	JMP	L14
   424 000003DE                                 L23:
   425 000003DE 6A 00                           	PUSH	0
   426 000003E0 31 F6                           	XOR	ESI,ESI
   427 000003E2 6A 00                           	PUSH	0
   428 000003E4 68 000000FF                     	PUSH	255
   429 000003E9 68 00000099                     	PUSH	153
   430 000003EE 6A 00                           	PUSH	0
   431 000003F0 E8 [00000000]                   	CALL	_rgb2pal
   432 000003F5 83 C4 14                        	ADD	ESP,20
   433 000003F8 88 C2                           	MOV	DL,AL
   434 000003FA E9 FFFFFF4F                     	JMP	L4
   435 000003FF                                 	GLOBAL	_putfonts8_asc_sht
   436 000003FF                                 _putfonts8_asc_sht:
   437 000003FF 55                              	PUSH	EBP
   438 00000400 89 E5                           	MOV	EBP,ESP
   439 00000402 57                              	PUSH	EDI
   440 00000403 56                              	PUSH	ESI
   441 00000404 53                              	PUSH	EBX
   442 00000405 83 EC 14                        	SUB	ESP,20
   443 00000408 8B 45 0C                        	MOV	EAX,DWORD [12+EBP]
   444 0000040B 8B 75 08                        	MOV	ESI,DWORD [8+EBP]
   445 0000040E 89 45 F0                        	MOV	DWORD [-16+EBP],EAX
   446 00000411 8B 7D 10                        	MOV	EDI,DWORD [16+EBP]
   447 00000414 8B 45 14                        	MOV	EAX,DWORD [20+EBP]
   448 00000417 8B 5D 20                        	MOV	EBX,DWORD [32+EBP]
   449 0000041A 89 45 EC                        	MOV	DWORD [-20+EBP],EAX
   450 0000041D 8B 45 18                        	MOV	EAX,DWORD [24+EBP]
   451 00000420 89 45 E8                        	MOV	DWORD [-24+EBP],EAX
   452 00000423 8B 45 1C                        	MOV	EAX,DWORD [28+EBP]
   453 00000426 89 45 E4                        	MOV	DWORD [-28+EBP],EAX
   454 00000429 E8 [00000000]                   	CALL	_task_now
   455 0000042E 89 45 E0                        	MOV	DWORD [-32+EBP],EAX
   456 00000431 8D 47 0F                        	LEA	EAX,DWORD [15+EDI]
   457 00000434 50                              	PUSH	EAX
   458 00000435 8B 45 F0                        	MOV	EAX,DWORD [-16+EBP]
   459 00000438 8D 1C D8                        	LEA	EBX,DWORD [EAX+EBX*8]
   460 0000043B 8D 43 FF                        	LEA	EAX,DWORD [-1+EBX]
   461 0000043E 50                              	PUSH	EAX
   462 0000043F 57                              	PUSH	EDI
   463 00000440 FF 75 F0                        	PUSH	DWORD [-16+EBP]
   464 00000443 FF 75 E8                        	PUSH	DWORD [-24+EBP]
   465 00000446 FF 76 04                        	PUSH	DWORD [4+ESI]
   466 00000449 FF 36                           	PUSH	DWORD [ESI]
   467 0000044B E8 [00000000]                   	CALL	_boxfill8
   468 00000450 8B 45 E0                        	MOV	EAX,DWORD [-32+EBP]
   469 00000453 83 C4 1C                        	ADD	ESP,28
   470 00000456 80 B8 000000BC 00               	CMP	BYTE [188+EAX],0
   471 0000045D 74 3D                           	JE	L27
   472 0000045F FF 75 E4                        	PUSH	DWORD [-28+EBP]
   473 00000462 0F BE 45 EC                     	MOVSX	EAX,BYTE [-20+EBP]
   474 00000466 50                              	PUSH	EAX
   475 00000467 57                              	PUSH	EDI
   476 00000468 FF 75 F0                        	PUSH	DWORD [-16+EBP]
   477 0000046B FF 76 04                        	PUSH	DWORD [4+ESI]
   478 0000046E FF 36                           	PUSH	DWORD [ESI]
   479 00000470 E8 [00000000]                   	CALL	_putfonts8_asc
   480 00000475 89 7D 10                        	MOV	DWORD [16+EBP],EDI
   481 00000478 8D 47 10                        	LEA	EAX,DWORD [16+EDI]
   482 0000047B 83 C4 18                        	ADD	ESP,24
   483 0000047E 89 45 18                        	MOV	DWORD [24+EBP],EAX
   484 00000481 89 5D 14                        	MOV	DWORD [20+EBP],EBX
   485 00000484 8B 45 F0                        	MOV	EAX,DWORD [-16+EBP]
   486 00000487 83 E8 08                        	SUB	EAX,8
   487 0000048A                                 L29:
   488 0000048A 89 45 0C                        	MOV	DWORD [12+EBP],EAX
   489 0000048D 89 75 08                        	MOV	DWORD [8+EBP],ESI
   490 00000490 8D 65 F4                        	LEA	ESP,DWORD [-12+EBP]
   491 00000493 5B                              	POP	EBX
   492 00000494 5E                              	POP	ESI
   493 00000495 5F                              	POP	EDI
   494 00000496 5D                              	POP	EBP
   495 00000497 E9 [00000000]                   	JMP	_sheet_refresh
   496 0000049C                                 L27:
   497 0000049C FF 75 E4                        	PUSH	DWORD [-28+EBP]
   498 0000049F 0F BE 45 EC                     	MOVSX	EAX,BYTE [-20+EBP]
   499 000004A3 50                              	PUSH	EAX
   500 000004A4 57                              	PUSH	EDI
   501 000004A5 FF 75 F0                        	PUSH	DWORD [-16+EBP]
   502 000004A8 FF 76 04                        	PUSH	DWORD [4+ESI]
   503 000004AB FF 36                           	PUSH	DWORD [ESI]
   504 000004AD E8 [00000000]                   	CALL	_putfonts8_asc
   505 000004B2 89 7D 10                        	MOV	DWORD [16+EBP],EDI
   506 000004B5 8D 47 10                        	LEA	EAX,DWORD [16+EDI]
   507 000004B8 83 C4 18                        	ADD	ESP,24
   508 000004BB 89 45 18                        	MOV	DWORD [24+EBP],EAX
   509 000004BE 89 5D 14                        	MOV	DWORD [20+EBP],EBX
   510 000004C1 8B 45 F0                        	MOV	EAX,DWORD [-16+EBP]
   511 000004C4 EB C4                           	JMP	L29
   512 000004C6                                 	GLOBAL	_make_textbox8
   513 000004C6                                 _make_textbox8:
   514 000004C6 55                              	PUSH	EBP
   515 000004C7 89 E5                           	MOV	EBP,ESP
   516 000004C9 57                              	PUSH	EDI
   517 000004CA 56                              	PUSH	ESI
   518 000004CB 53                              	PUSH	EBX
   519 000004CC 83 EC 14                        	SUB	ESP,20
   520 000004CF 8B 45 0C                        	MOV	EAX,DWORD [12+EBP]
   521 000004D2 8B 75 10                        	MOV	ESI,DWORD [16+EBP]
   522 000004D5 03 45 14                        	ADD	EAX,DWORD [20+EBP]
   523 000004D8 83 EE 03                        	SUB	ESI,3
   524 000004DB 56                              	PUSH	ESI
   525 000004DC 89 45 F0                        	MOV	DWORD [-16+EBP],EAX
   526 000004DF 8B 45 10                        	MOV	EAX,DWORD [16+EBP]
   527 000004E2 03 45 18                        	ADD	EAX,DWORD [24+EBP]
   528 000004E5 89 45 EC                        	MOV	DWORD [-20+EBP],EAX
   529 000004E8 8B 45 F0                        	MOV	EAX,DWORD [-16+EBP]
   530 000004EB 40                              	INC	EAX
   531 000004EC 50                              	PUSH	EAX
   532 000004ED 89 45 E8                        	MOV	DWORD [-24+EBP],EAX
   533 000004F0 8B 45 0C                        	MOV	EAX,DWORD [12+EBP]
   534 000004F3 56                              	PUSH	ESI
   535 000004F4 83 E8 02                        	SUB	EAX,2
   536 000004F7 50                              	PUSH	EAX
   537 000004F8 89 45 E4                        	MOV	DWORD [-28+EBP],EAX
   538 000004FB 8B 45 08                        	MOV	EAX,DWORD [8+EBP]
   539 000004FE 6A 0F                           	PUSH	15
   540 00000500 FF 70 04                        	PUSH	DWORD [4+EAX]
   541 00000503 FF 30                           	PUSH	DWORD [EAX]
   542 00000505 E8 [00000000]                   	CALL	_boxfill8
   543 0000050A 8B 7D 0C                        	MOV	EDI,DWORD [12+EBP]
   544 0000050D 8B 45 EC                        	MOV	EAX,DWORD [-20+EBP]
   545 00000510 83 EF 03                        	SUB	EDI,3
   546 00000513 40                              	INC	EAX
   547 00000514 50                              	PUSH	EAX
   548 00000515 89 45 E0                        	MOV	DWORD [-32+EBP],EAX
   549 00000518 57                              	PUSH	EDI
   550 00000519 8B 45 08                        	MOV	EAX,DWORD [8+EBP]
   551 0000051C 56                              	PUSH	ESI
   552 0000051D 57                              	PUSH	EDI
   553 0000051E 6A 0F                           	PUSH	15
   554 00000520 FF 70 04                        	PUSH	DWORD [4+EAX]
   555 00000523 FF 30                           	PUSH	DWORD [EAX]
   556 00000525 E8 [00000000]                   	CALL	_boxfill8
   557 0000052A 8B 45 08                        	MOV	EAX,DWORD [8+EBP]
   558 0000052D 83 C4 38                        	ADD	ESP,56
   559 00000530 8B 5D EC                        	MOV	EBX,DWORD [-20+EBP]
   560 00000533 83 C3 02                        	ADD	EBX,2
   561 00000536 53                              	PUSH	EBX
   562 00000537 FF 75 E8                        	PUSH	DWORD [-24+EBP]
   563 0000053A 53                              	PUSH	EBX
   564 0000053B 57                              	PUSH	EDI
   565 0000053C 6A 07                           	PUSH	7
   566 0000053E FF 70 04                        	PUSH	DWORD [4+EAX]
   567 00000541 FF 30                           	PUSH	DWORD [EAX]
   568 00000543 E8 [00000000]                   	CALL	_boxfill8
   569 00000548 8B 45 F0                        	MOV	EAX,DWORD [-16+EBP]
   570 0000054B 53                              	PUSH	EBX
   571 0000054C 83 C0 02                        	ADD	EAX,2
   572 0000054F 50                              	PUSH	EAX
   573 00000550 56                              	PUSH	ESI
   574 00000551 50                              	PUSH	EAX
   575 00000552 8B 45 08                        	MOV	EAX,DWORD [8+EBP]
   576 00000555 6A 07                           	PUSH	7
   577 00000557 FF 70 04                        	PUSH	DWORD [4+EAX]
   578 0000055A FF 30                           	PUSH	DWORD [EAX]
   579 0000055C E8 [00000000]                   	CALL	_boxfill8
   580 00000561 8B 45 08                        	MOV	EAX,DWORD [8+EBP]
   581 00000564 83 C4 38                        	ADD	ESP,56
   582 00000567 8B 5D 10                        	MOV	EBX,DWORD [16+EBP]
   583 0000056A 83 EB 02                        	SUB	EBX,2
   584 0000056D 8B 7D 0C                        	MOV	EDI,DWORD [12+EBP]
   585 00000570 53                              	PUSH	EBX
   586 00000571 4F                              	DEC	EDI
   587 00000572 FF 75 F0                        	PUSH	DWORD [-16+EBP]
   588 00000575 53                              	PUSH	EBX
   589 00000576 57                              	PUSH	EDI
   590 00000577 6A 00                           	PUSH	0
   591 00000579 FF 70 04                        	PUSH	DWORD [4+EAX]
   592 0000057C FF 30                           	PUSH	DWORD [EAX]
   593 0000057E E8 [00000000]                   	CALL	_boxfill8
   594 00000583 8B 45 08                        	MOV	EAX,DWORD [8+EBP]
   595 00000586 FF 75 EC                        	PUSH	DWORD [-20+EBP]
   596 00000589 FF 75 E4                        	PUSH	DWORD [-28+EBP]
   597 0000058C 53                              	PUSH	EBX
   598 0000058D FF 75 E4                        	PUSH	DWORD [-28+EBP]
   599 00000590 6A 00                           	PUSH	0
   600 00000592 FF 70 04                        	PUSH	DWORD [4+EAX]
   601 00000595 FF 30                           	PUSH	DWORD [EAX]
   602 00000597 E8 [00000000]                   	CALL	_boxfill8
   603 0000059C 8B 45 08                        	MOV	EAX,DWORD [8+EBP]
   604 0000059F 83 C4 38                        	ADD	ESP,56
   605 000005A2 FF 75 E0                        	PUSH	DWORD [-32+EBP]
   606 000005A5 FF 75 F0                        	PUSH	DWORD [-16+EBP]
   607 000005A8 FF 75 E0                        	PUSH	DWORD [-32+EBP]
   608 000005AB FF 75 E4                        	PUSH	DWORD [-28+EBP]
   609 000005AE 6A 08                           	PUSH	8
   610 000005B0 FF 70 04                        	PUSH	DWORD [4+EAX]
   611 000005B3 FF 30                           	PUSH	DWORD [EAX]
   612 000005B5 E8 [00000000]                   	CALL	_boxfill8
   613 000005BA 8B 45 08                        	MOV	EAX,DWORD [8+EBP]
   614 000005BD FF 75 E0                        	PUSH	DWORD [-32+EBP]
   615 000005C0 FF 75 E8                        	PUSH	DWORD [-24+EBP]
   616 000005C3 53                              	PUSH	EBX
   617 000005C4 FF 75 E8                        	PUSH	DWORD [-24+EBP]
   618 000005C7 6A 08                           	PUSH	8
   619 000005C9 FF 70 04                        	PUSH	DWORD [4+EAX]
   620 000005CC FF 30                           	PUSH	DWORD [EAX]
   621 000005CE E8 [00000000]                   	CALL	_boxfill8
   622 000005D3 8B 45 10                        	MOV	EAX,DWORD [16+EBP]
   623 000005D6 83 C4 38                        	ADD	ESP,56
   624 000005D9 48                              	DEC	EAX
   625 000005DA FF 75 EC                        	PUSH	DWORD [-20+EBP]
   626 000005DD FF 75 F0                        	PUSH	DWORD [-16+EBP]
   627 000005E0 50                              	PUSH	EAX
   628 000005E1 8B 45 08                        	MOV	EAX,DWORD [8+EBP]
   629 000005E4 57                              	PUSH	EDI
   630 000005E5 FF 75 1C                        	PUSH	DWORD [28+EBP]
   631 000005E8 FF 70 04                        	PUSH	DWORD [4+EAX]
   632 000005EB FF 30                           	PUSH	DWORD [EAX]
   633 000005ED E8 [00000000]                   	CALL	_boxfill8
   634 000005F2 8D 65 F4                        	LEA	ESP,DWORD [-12+EBP]
   635 000005F5 5B                              	POP	EBX
   636 000005F6 5E                              	POP	ESI
   637 000005F7 5F                              	POP	EDI
   638 000005F8 5D                              	POP	EBP
   639 000005F9 C3                              	RET
   640 000005FA                                 	GLOBAL	_change_wtitle8
   641 000005FA                                 _change_wtitle8:
   642 000005FA 55                              	PUSH	EBP
   643 000005FB 89 E5                           	MOV	EBP,ESP
   644 000005FD 57                              	PUSH	EDI
   645 000005FE 56                              	PUSH	ESI
   646 000005FF 53                              	PUSH	EBX
   647 00000600 83 EC 14                        	SUB	ESP,20
   648 00000603 8B 45 08                        	MOV	EAX,DWORD [8+EBP]
   649 00000606 80 7D 0C 00                     	CMP	BYTE [12+EBP],0
   650 0000060A 8B 10                           	MOV	EDX,DWORD [EAX]
   651 0000060C 8B 58 04                        	MOV	EBX,DWORD [4+EAX]
   652 0000060F 89 55 E4                        	MOV	DWORD [-28+EBP],EDX
   653 00000612 0F 84 0000009F                  	JE	L32
   654 00000618 6A 00                           	PUSH	0
   655 0000061A 6A 00                           	PUSH	0
   656 0000061C 68 000000FF                     	PUSH	255
   657 00000621 68 00000099                     	PUSH	153
   658 00000626 6A 00                           	PUSH	0
   659 00000628 C6 45 EB 00                     	MOV	BYTE [-21+EBP],0
   660 0000062C E8 [00000000]                   	CALL	_rgb2pal
   661 00000631 C6 45 E9 08                     	MOV	BYTE [-23+EBP],8
   662 00000635 88 45 EA                        	MOV	BYTE [-22+EBP],AL
   663 00000638 C6 45 E8 0F                     	MOV	BYTE [-24+EBP],15
   664 0000063C                                 L51:
   665 0000063C 6B FB 03                        	IMUL	EDI,EBX,3
   666 0000063F 83 C4 14                        	ADD	ESP,20
   667 00000642 89 7D E0                        	MOV	DWORD [-32+EBP],EDI
   668 00000645 C7 45 EC 00000011               	MOV	DWORD [-20+EBP],17
   669 0000064C                                 L46:
   670 0000064C C7 45 F0 00000003               	MOV	DWORD [-16+EBP],3
   671 00000653 8D 43 FC                        	LEA	EAX,DWORD [-4+EBX]
   672 00000656 39 45 F0                        	CMP	DWORD [-16+EBP],EAX
   673 00000659 7F 29                           	JG	L50
   674 0000065B 8B 45 E4                        	MOV	EAX,DWORD [-28+EBP]
   675 0000065E 8B 55 E0                        	MOV	EDX,DWORD [-32+EBP]
   676 00000661 8D 74 38 03                     	LEA	ESI,DWORD [3+EAX+EDI*1]
   677 00000665 8D 4C 10 03                     	LEA	ECX,DWORD [3+EAX+EDX*1]
   678 00000669                                 L45:
   679 00000669 8A 11                           	MOV	DL,BYTE [ECX]
   680 0000066B 3A 55 E9                        	CMP	DL,BYTE [-23+EBP]
   681 0000066E 74 3A                           	JE	L52
   682 00000670                                 L42:
   683 00000670 3A 55 E8                        	CMP	DL,BYTE [-24+EBP]
   684 00000673 74 30                           	JE	L53
   685 00000675                                 L43:
   686 00000675 88 16                           	MOV	BYTE [ESI],DL
   687 00000677 8D 43 FC                        	LEA	EAX,DWORD [-4+EBX]
   688 0000067A FF 45 F0                        	INC	DWORD [-16+EBP]
   689 0000067D 46                              	INC	ESI
   690 0000067E 41                              	INC	ECX
   691 0000067F 39 45 F0                        	CMP	DWORD [-16+EBP],EAX
   692 00000682 7E E5                           	JLE	L45
   693 00000684                                 L50:
   694 00000684 01 DF                           	ADD	EDI,EBX
   695 00000686 01 5D E0                        	ADD	DWORD [-32+EBP],EBX
   696 00000689 FF 4D EC                        	DEC	DWORD [-20+EBP]
   697 0000068C 79 BE                           	JNS	L46
   698 0000068E 6A 15                           	PUSH	21
   699 00000690 53                              	PUSH	EBX
   700 00000691 6A 03                           	PUSH	3
   701 00000693 6A 03                           	PUSH	3
   702 00000695 FF 75 08                        	PUSH	DWORD [8+EBP]
   703 00000698 E8 [00000000]                   	CALL	_sheet_refresh
   704 0000069D 8D 65 F4                        	LEA	ESP,DWORD [-12+EBP]
   705 000006A0 5B                              	POP	EBX
   706 000006A1 5E                              	POP	ESI
   707 000006A2 5F                              	POP	EDI
   708 000006A3 5D                              	POP	EBP
   709 000006A4 C3                              	RET
   710 000006A5                                 L53:
   711 000006A5 8A 55 EA                        	MOV	DL,BYTE [-22+EBP]
   712 000006A8 EB CB                           	JMP	L43
   713 000006AA                                 L52:
   714 000006AA 8D 43 EA                        	LEA	EAX,DWORD [-22+EBX]
   715 000006AD 39 45 F0                        	CMP	DWORD [-16+EBP],EAX
   716 000006B0 7F BE                           	JG	L42
   717 000006B2 8A 55 EB                        	MOV	DL,BYTE [-21+EBP]
   718 000006B5 EB BE                           	JMP	L43
   719 000006B7                                 L32:
   720 000006B7 6A 00                           	PUSH	0
   721 000006B9 6A 00                           	PUSH	0
   722 000006BB 68 000000FF                     	PUSH	255
   723 000006C0 68 00000099                     	PUSH	153
   724 000006C5 6A 00                           	PUSH	0
   725 000006C7 C6 45 EB 08                     	MOV	BYTE [-21+EBP],8
   726 000006CB C6 45 EA 0F                     	MOV	BYTE [-22+EBP],15
   727 000006CF C6 45 E9 00                     	MOV	BYTE [-23+EBP],0
   728 000006D3 E8 [00000000]                   	CALL	_rgb2pal
   729 000006D8 88 45 E8                        	MOV	BYTE [-24+EBP],AL
   730 000006DB E9 FFFFFF5C                     	JMP	L51
