     1 00000000                                 [FORMAT "WCOFF"]
     2 00000000                                 [INSTRSET "i486p"]
     3 00000000                                 [OPTIMIZE 1]
     4 00000000                                 [OPTION 1]
     5 00000000                                 [BITS 32]
     6 00000000                                 	EXTERN	__alloca
     7 00000000                                 	EXTERN	_api_cmdline
     8 00000000                                 	EXTERN	_api_fopen
     9 00000000                                 	EXTERN	_api_fsize
    10 00000000                                 	EXTERN	_api_fread
    11 00000000                                 	EXTERN	_api_fclose
    12 00000000                                 	EXTERN	_info_BMP
    13 00000000                                 	EXTERN	_info_JPEG
    14 00000000                                 	EXTERN	_api_putstr0
    15 00000000                                 	EXTERN	_api_end
    16 00000000                                 	EXTERN	_api_openwin
    17 00000000                                 	EXTERN	_decode0_JPEG
    18 00000000                                 	EXTERN	_api_refreshwin
    19 00000000                                 	EXTERN	_api_getkey
    20 00000000                                 	EXTERN	_decode0_BMP
    21 00000000                                 [FILE "gview.c"]
    22                                          [SECTION .data]
    23 00000000                                 LC0:
    24 00000000 66 69 6C 65 20 6E 6F 74 20 66   	DB	"file not found.",0x0A,0x00
       0000000A 6F 75 6E 64 2E 0A 00 
    25 00000011                                 LC1:
    26 00000011 66 69 6C 65 20 74 6F 6F 20 6C   	DB	"file too large.",0x0A,0x00
       0000001B 61 72 67 65 2E 0A 00 
    27 00000022                                 LC2:
    28 00000022 66 69 6C 65 20 74 79 70 65 20   	DB	"file type unknown.",0x0A,0x00
       0000002C 75 6E 6B 6E 6F 77 6E 2E 0A 00 
    29 00000036                                 LC3:
    30 00000036 70 69 63 74 75 72 65 20 74 6F   	DB	"picture too large.",0x0A,0x00
       00000040 6F 20 6C 61 72 67 65 2E 0A 00 
    31 0000004A                                 LC4:
    32 0000004A 67 76 69 65 77 00               	DB	"gview",0x00
    33 00000050                                 LC5:
    34 00000050 64 65 63 6F 64 65 20 65 72 72   	DB	"decode error.",0x0A,0x00
       0000005A 6F 72 2E 0A 00 
    35                                          [SECTION .text]
    36 00000000                                 	GLOBAL	_HighMain
    37 00000000                                 _HighMain:
    38 00000000 55                              	PUSH	EBP
    39 00000001 B8 0045C6A8                     	MOV	EAX,4572840
    40 00000006 89 E5                           	MOV	EBP,ESP
    41 00000008 57                              	PUSH	EDI
    42 00000009 56                              	PUSH	ESI
    43 0000000A 53                              	PUSH	EBX
    44 0000000B 8D 9D FFEA3984                  	LEA	EBX,DWORD [-1427068+EBP]
    45 00000011 89 DF                           	MOV	EDI,EBX
    46 00000013 E8 [00000000]                   	CALL	__alloca
    47 00000018 6A 1E                           	PUSH	30
    48 0000001A 53                              	PUSH	EBX
    49 0000001B E8 [00000000]                   	CALL	_api_cmdline
    50 00000020 5E                              	POP	ESI
    51 00000021 58                              	POP	EAX
    52 00000022 80 BD FFEA3984 20               	CMP	BYTE [-1427068+EBP],32
    53 00000029 7E 06                           	JLE	L38
    54 0000002B                                 L6:
    55 0000002B 47                              	INC	EDI
    56 0000002C 80 3F 20                        	CMP	BYTE [EDI],32
    57 0000002F 7F FA                           	JG	L6
    58 00000031                                 L38:
    59 00000031 80 3F 20                        	CMP	BYTE [EDI],32
    60 00000034 0F 84 00000254                  	JE	L11
    61 0000003A                                 L40:
    62 0000003A 57                              	PUSH	EDI
    63 0000003B E8 [00000000]                   	CALL	_api_fopen
    64 00000040 5B                              	POP	EBX
    65 00000041 89 C6                           	MOV	ESI,EAX
    66 00000043 85 C0                           	TEST	EAX,EAX
    67 00000045 75 0B                           	JNE	L12
    68 00000047 68 [00000000]                   	PUSH	LC0
    69 0000004C E8 000002CF                     	CALL	_error
    70 00000051 59                              	POP	ECX
    71 00000052                                 L12:
    72 00000052 6A 00                           	PUSH	0
    73 00000054 56                              	PUSH	ESI
    74 00000055 E8 [00000000]                   	CALL	_api_fsize
    75 0000005A 89 C7                           	MOV	EDI,EAX
    76 0000005C 58                              	POP	EAX
    77 0000005D 5A                              	POP	EDX
    78 0000005E 81 FF 00080000                  	CMP	EDI,524288
    79 00000064 7E 0B                           	JLE	L13
    80 00000066 68 [00000011]                   	PUSH	LC1
    81 0000006B E8 000002B0                     	CALL	_error
    82 00000070 58                              	POP	EAX
    83 00000071                                 L13:
    84 00000071 56                              	PUSH	ESI
    85 00000072 8D 9D FFF6FFF4                  	LEA	EBX,DWORD [-589836+EBP]
    86 00000078 57                              	PUSH	EDI
    87 00000079 53                              	PUSH	EBX
    88 0000007A E8 [00000000]                   	CALL	_api_fread
    89 0000007F 56                              	PUSH	ESI
    90 00000080 8D B5 FFFEFFF4                  	LEA	ESI,DWORD [-65548+EBP]
    91 00000086 E8 [00000000]                   	CALL	_api_fclose
    92 0000008B 53                              	PUSH	EBX
    93 0000008C 8D 85 FFEA3964                  	LEA	EAX,DWORD [-1427100+EBP]
    94 00000092 57                              	PUSH	EDI
    95 00000093 50                              	PUSH	EAX
    96 00000094 56                              	PUSH	ESI
    97 00000095 E8 [00000000]                   	CALL	_info_BMP
    98 0000009A 83 C4 20                        	ADD	ESP,32
    99 0000009D 85 C0                           	TEST	EAX,EAX
   100 0000009F 75 26                           	JNE	L14
   101 000000A1 53                              	PUSH	EBX
   102 000000A2 8D 95 FFEA3964                  	LEA	EDX,DWORD [-1427100+EBP]
   103 000000A8 57                              	PUSH	EDI
   104 000000A9 52                              	PUSH	EDX
   105 000000AA 56                              	PUSH	ESI
   106 000000AB E8 [00000000]                   	CALL	_info_JPEG
   107 000000B0 83 C4 10                        	ADD	ESP,16
   108 000000B3 85 C0                           	TEST	EAX,EAX
   109 000000B5 75 10                           	JNE	L14
   110 000000B7 68 [00000022]                   	PUSH	LC2
   111 000000BC E8 [00000000]                   	CALL	_api_putstr0
   112 000000C1 E8 [00000000]                   	CALL	_api_end
   113 000000C6 5B                              	POP	EBX
   114 000000C7                                 L14:
   115 000000C7 81 BD FFEA396C 00000400         	CMP	DWORD [-1427092+EBP],1024
   116 000000D1 7F 0C                           	JG	L17
   117 000000D3 81 BD FFEA3970 00000300         	CMP	DWORD [-1427088+EBP],768
   118 000000DD 7E 0B                           	JLE	L16
   119 000000DF                                 L17:
   120 000000DF 68 [00000036]                   	PUSH	LC3
   121 000000E4 E8 00000237                     	CALL	_error
   122 000000E9 59                              	POP	ECX
   123 000000EA                                 L16:
   124 000000EA 8B 85 FFEA396C                  	MOV	EAX,DWORD [-1427092+EBP]
   125 000000F0 83 C0 10                        	ADD	EAX,16
   126 000000F3 89 85 FFBA395C                  	MOV	DWORD [-4572836+EBP],EAX
   127 000000F9 3D 00000087                     	CMP	EAX,135
   128 000000FE 7F 0A                           	JG	L18
   129 00000100 C7 85 FFBA395C 00000088         	MOV	DWORD [-4572836+EBP],136
   130 0000010A                                 L18:
   131 0000010A 8B 85 FFEA3970                  	MOV	EAX,DWORD [-1427088+EBP]
   132 00000110 68 [0000004A]                   	PUSH	LC4
   133 00000115 83 C0 25                        	ADD	EAX,37
   134 00000118 50                              	PUSH	EAX
   135 00000119 8D 85 FFEA39A4                  	LEA	EAX,DWORD [-1427036+EBP]
   136 0000011F FF B5 FFBA395C                  	PUSH	DWORD [-4572836+EBP]
   137 00000125 50                              	PUSH	EAX
   138 00000126 E8 [00000000]                   	CALL	_api_openwin
   139 0000012B 83 C4 10                        	ADD	ESP,16
   140 0000012E 83 BD FFEA3964 01               	CMP	DWORD [-1427100+EBP],1
   141 00000135 89 85 FFBA3960                  	MOV	DWORD [-4572832+EBP],EAX
   142 0000013B 0F 84 00000129                  	JE	L46
   143 00000141 6A 00                           	PUSH	0
   144 00000143 8D 85 FFBA3964                  	LEA	EAX,DWORD [-4572828+EBP]
   145 00000149 50                              	PUSH	EAX
   146 0000014A 8D 85 FFF6FFF4                  	LEA	EAX,DWORD [-589836+EBP]
   147 00000150 6A 04                           	PUSH	4
   148 00000152 50                              	PUSH	EAX
   149 00000153 8D 85 FFFEFFF4                  	LEA	EAX,DWORD [-65548+EBP]
   150 00000159 57                              	PUSH	EDI
   151 0000015A 50                              	PUSH	EAX
   152 0000015B E8 [00000000]                   	CALL	_decode0_JPEG
   153 00000160                                 L45:
   154 00000160 83 C4 18                        	ADD	ESP,24
   155 00000163 85 C0                           	TEST	EAX,EAX
   156 00000165 74 0B                           	JE	L21
   157 00000167 68 [00000050]                   	PUSH	LC5
   158 0000016C E8 000001AF                     	CALL	_error
   159 00000171 5A                              	POP	EDX
   160 00000172                                 L21:
   161 00000172 31 F6                           	XOR	ESI,ESI
   162 00000174 3B B5 FFEA3970                  	CMP	ESI,DWORD [-1427088+EBP]
   163 0000017A 0F 8D 00000091                  	JGE	L42
   164 00000180 6B 95 FFBA395C 1D               	IMUL	EDX,DWORD [-4572836+EBP],29
   165 00000187 89 95 FFBA394C                  	MOV	DWORD [-4572852+EBP],EDX
   166 0000018D                                 L31:
   167 0000018D 8B 8D FFEA396C                  	MOV	ECX,DWORD [-1427092+EBP]
   168 00000193 8B BD FFBA394C                  	MOV	EDI,DWORD [-4572852+EBP]
   169 00000199 8B 85 FFBA395C                  	MOV	EAX,DWORD [-4572836+EBP]
   170 0000019F 29 C8                           	SUB	EAX,ECX
   171 000001A1 8D 9C 2F FFEA39A4               	LEA	EBX,DWORD [-1427036+EDI+EBP*1]
   172 000001A8 99                              	CDQ
   173 000001A9 BF 00000002                     	MOV	EDI,2
   174 000001AE F7 FF                           	IDIV	EDI
   175 000001B0 8D 3C 18                        	LEA	EDI,DWORD [EAX+EBX*1]
   176 000001B3 31 DB                           	XOR	EBX,EBX
   177 000001B5 89 F0                           	MOV	EAX,ESI
   178 000001B7 0F AF C1                        	IMUL	EAX,ECX
   179 000001BA 39 CB                           	CMP	EBX,ECX
   180 000001BC 8D 84 85 FFBA3964               	LEA	EAX,DWORD [-4572828+EBP+EAX*4]
   181 000001C3 89 85 FFBA3958                  	MOV	DWORD [-4572840+EBP],EAX
   182 000001C9 7D 2D                           	JGE	L44
   183 000001CB                                 L30:
   184 000001CB 56                              	PUSH	ESI
   185 000001CC 8B 95 FFBA3958                  	MOV	EDX,DWORD [-4572840+EBP]
   186 000001D2 53                              	PUSH	EBX
   187 000001D3 0F B6 04 9A                     	MOVZX	EAX,BYTE [EDX+EBX*4]
   188 000001D7 50                              	PUSH	EAX
   189 000001D8 0F B6 44 9A 01                  	MOVZX	EAX,BYTE [1+EDX+EBX*4]
   190 000001DD 50                              	PUSH	EAX
   191 000001DE 0F B6 44 9A 02                  	MOVZX	EAX,BYTE [2+EDX+EBX*4]
   192 000001E3 50                              	PUSH	EAX
   193 000001E4 E8 000000B0                     	CALL	_rgb2pal
   194 000001E9 83 C4 14                        	ADD	ESP,20
   195 000001EC 88 04 3B                        	MOV	BYTE [EBX+EDI*1],AL
   196 000001EF 43                              	INC	EBX
   197 000001F0 3B 9D FFEA396C                  	CMP	EBX,DWORD [-1427092+EBP]
   198 000001F6 7C D3                           	JL	L30
   199 000001F8                                 L44:
   200 000001F8 8B BD FFBA395C                  	MOV	EDI,DWORD [-4572836+EBP]
   201 000001FE 46                              	INC	ESI
   202 000001FF 01 BD FFBA394C                  	ADD	DWORD [-4572852+EBP],EDI
   203 00000205 3B B5 FFEA3970                  	CMP	ESI,DWORD [-1427088+EBP]
   204 0000020B 0F 8C FFFFFF7C                  	JL	L31
   205 00000211                                 L42:
   206 00000211 8B 85 FFEA3970                  	MOV	EAX,DWORD [-1427088+EBP]
   207 00000217 B9 00000002                     	MOV	ECX,2
   208 0000021C 83 C0 1D                        	ADD	EAX,29
   209 0000021F 50                              	PUSH	EAX
   210 00000220 8B 85 FFEA396C                  	MOV	EAX,DWORD [-1427092+EBP]
   211 00000226 29 85 FFBA395C                  	SUB	DWORD [-4572836+EBP],EAX
   212 0000022C 8B 85 FFBA395C                  	MOV	EAX,DWORD [-4572836+EBP]
   213 00000232 99                              	CDQ
   214 00000233 F7 F9                           	IDIV	ECX
   215 00000235 8B 95 FFEA396C                  	MOV	EDX,DWORD [-1427092+EBP]
   216 0000023B 01 C2                           	ADD	EDX,EAX
   217 0000023D 52                              	PUSH	EDX
   218 0000023E 6A 1D                           	PUSH	29
   219 00000240 50                              	PUSH	EAX
   220 00000241 FF B5 FFBA3960                  	PUSH	DWORD [-4572832+EBP]
   221 00000247 E8 [00000000]                   	CALL	_api_refreshwin
   222 0000024C 83 C4 14                        	ADD	ESP,20
   223 0000024F                                 L32:
   224 0000024F 6A 01                           	PUSH	1
   225 00000251 E8 [00000000]                   	CALL	_api_getkey
   226 00000256 89 C6                           	MOV	ESI,EAX
   227 00000258 58                              	POP	EAX
   228 00000259 83 FE 51                        	CMP	ESI,81
   229 0000025C 74 05                           	JE	L36
   230 0000025E 83 FE 71                        	CMP	ESI,113
   231 00000261 75 EC                           	JNE	L32
   232 00000263                                 L36:
   233 00000263 E8 [00000000]                   	CALL	_api_end
   234 00000268 EB E5                           	JMP	L32
   235 0000026A                                 L46:
   236 0000026A 6A 00                           	PUSH	0
   237 0000026C 8D 85 FFBA3964                  	LEA	EAX,DWORD [-4572828+EBP]
   238 00000272 50                              	PUSH	EAX
   239 00000273 8D 85 FFF6FFF4                  	LEA	EAX,DWORD [-589836+EBP]
   240 00000279 6A 04                           	PUSH	4
   241 0000027B 50                              	PUSH	EAX
   242 0000027C 8D 85 FFFEFFF4                  	LEA	EAX,DWORD [-65548+EBP]
   243 00000282 57                              	PUSH	EDI
   244 00000283 50                              	PUSH	EAX
   245 00000284 E8 [00000000]                   	CALL	_decode0_BMP
   246 00000289 E9 FFFFFED2                     	JMP	L45
   247 0000028E                                 L11:
   248 0000028E 47                              	INC	EDI
   249 0000028F 80 3F 20                        	CMP	BYTE [EDI],32
   250 00000292 74 FA                           	JE	L11
   251 00000294 E9 FFFFFDA1                     	JMP	L40
   252                                          [SECTION .data]
   253 0000005F 00                              	ALIGNB	4
   254 00000060                                 _table.0:
   255 00000060 00000003                        	DD	3
   256 00000064 00000001                        	DD	1
   257 00000068 00000000                        	DD	0
   258 0000006C 00000002                        	DD	2
   259                                          [SECTION .text]
   260 00000299                                 	GLOBAL	_rgb2pal
   261 00000299                                 _rgb2pal:
   262 00000299 55                              	PUSH	EBP
   263 0000029A 89 E5                           	MOV	EBP,ESP
   264 0000029C 57                              	PUSH	EDI
   265 0000029D 56                              	PUSH	ESI
   266 0000029E BF 00000100                     	MOV	EDI,256
   267 000002A3 53                              	PUSH	EBX
   268 000002A4 BE 00000100                     	MOV	ESI,256
   269 000002A9 83 EC 14                        	SUB	ESP,20
   270 000002AC 6B 4D 08 15                     	IMUL	ECX,DWORD [8+EBP],21
   271 000002B0 8B 55 14                        	MOV	EDX,DWORD [20+EBP]
   272 000002B3 8B 45 18                        	MOV	EAX,DWORD [24+EBP]
   273 000002B6 83 E2 01                        	AND	EDX,1
   274 000002B9 83 E0 01                        	AND	EAX,1
   275 000002BC 8D 04 42                        	LEA	EAX,DWORD [EDX+EAX*2]
   276 000002BF 8B 1C 85 [00000060]             	MOV	EBX,DWORD [_table.0+EAX*4]
   277 000002C6 89 C8                           	MOV	EAX,ECX
   278 000002C8 99                              	CDQ
   279 000002C9 F7 FE                           	IDIV	ESI
   280 000002CB 6B 75 0C 15                     	IMUL	ESI,DWORD [12+EBP],21
   281 000002CF 89 C1                           	MOV	ECX,EAX
   282 000002D1 89 F0                           	MOV	EAX,ESI
   283 000002D3 99                              	CDQ
   284 000002D4 F7 FF                           	IDIV	EDI
   285 000002D6 6B 75 10 15                     	IMUL	ESI,DWORD [16+EBP],21
   286 000002DA 89 45 E0                        	MOV	DWORD [-32+EBP],EAX
   287 000002DD 01 D9                           	ADD	ECX,EBX
   288 000002DF 89 F0                           	MOV	EAX,ESI
   289 000002E1 99                              	CDQ
   290 000002E2 F7 FF                           	IDIV	EDI
   291 000002E4 89 C6                           	MOV	ESI,EAX
   292 000002E6 BF 00000004                     	MOV	EDI,4
   293 000002EB 89 C8                           	MOV	EAX,ECX
   294 000002ED 99                              	CDQ
   295 000002EE F7 FF                           	IDIV	EDI
   296 000002F0 89 C1                           	MOV	ECX,EAX
   297 000002F2 8B 45 E0                        	MOV	EAX,DWORD [-32+EBP]
   298 000002F5 01 D8                           	ADD	EAX,EBX
   299 000002F7 8D 1C 33                        	LEA	EBX,DWORD [EBX+ESI*1]
   300 000002FA 99                              	CDQ
   301 000002FB F7 FF                           	IDIV	EDI
   302 000002FD 89 45 E0                        	MOV	DWORD [-32+EBP],EAX
   303 00000300 89 D8                           	MOV	EAX,EBX
   304 00000302 99                              	CDQ
   305 00000303 F7 FF                           	IDIV	EDI
   306 00000305 89 C3                           	MOV	EBX,EAX
   307 00000307 6B 45 E0 06                     	IMUL	EAX,DWORD [-32+EBP],6
   308 0000030B 6B D3 24                        	IMUL	EDX,EBX,36
   309 0000030E 83 C4 14                        	ADD	ESP,20
   310 00000311 8D 04 08                        	LEA	EAX,DWORD [EAX+ECX*1]
   311 00000314 5B                              	POP	EBX
   312 00000315 5E                              	POP	ESI
   313 00000316 8D 44 02 10                     	LEA	EAX,DWORD [16+EDX+EAX*1]
   314 0000031A 5F                              	POP	EDI
   315 0000031B 0F B6 C0                        	MOVZX	EAX,AL
   316 0000031E 5D                              	POP	EBP
   317 0000031F C3                              	RET
   318 00000320                                 	GLOBAL	_error
   319 00000320                                 _error:
   320 00000320 55                              	PUSH	EBP
   321 00000321 89 E5                           	MOV	EBP,ESP
   322 00000323 FF 75 08                        	PUSH	DWORD [8+EBP]
   323 00000326 E8 [00000000]                   	CALL	_api_putstr0
   324 0000032B 58                              	POP	EAX
   325 0000032C C9                              	LEAVE
   326 0000032D E9 [00000000]                   	JMP	_api_end
