     1 00000000                                 [FORMAT "WCOFF"]
     2 00000000                                 [INSTRSET "i486p"]
     3 00000000                                 [OPTIMIZE 1]
     4 00000000                                 [OPTION 1]
     5 00000000                                 [BITS 32]
     6 00000000                                 	EXTERN	_api_putchar
     7 00000000                                 	EXTERN	_api_end
     8 00000000                                 	EXTERN	_vsprintf
     9 00000000                                 	EXTERN	_api_putstr0
    10 00000000                                 	EXTERN	__alloca
    11 00000000                                 	EXTERN	_api_cmdline
    12 00000000                                 	EXTERN	_strtol
    13 00000000                                 	EXTERN	_api_openwin
    14 00000000                                 	EXTERN	_api_boxfilwin
    15 00000000                                 	EXTERN	_api_fopen
    16 00000000                                 	EXTERN	_api_fsize
    17 00000000                                 	EXTERN	_api_fread
    18 00000000                                 	EXTERN	_api_fclose
    19 00000000                                 	EXTERN	_api_getkey
    20 00000000                                 	EXTERN	_api_refreshwin
    21 00000000                                 	EXTERN	_api_putstrwin
    22 00000000                                 [FILE "tview.c"]
    23                                          [SECTION .text]
    24 00000000                                 	GLOBAL	_putchar
    25 00000000                                 _putchar:
    26 00000000 55                              	PUSH	EBP
    27 00000001 89 E5                           	MOV	EBP,ESP
    28 00000003 53                              	PUSH	EBX
    29 00000004 8B 5D 08                        	MOV	EBX,DWORD [8+EBP]
    30 00000007 53                              	PUSH	EBX
    31 00000008 E8 [00000000]                   	CALL	_api_putchar
    32 0000000D 89 D8                           	MOV	EAX,EBX
    33 0000000F 8B 5D FC                        	MOV	EBX,DWORD [-4+EBP]
    34 00000012 C9                              	LEAVE
    35 00000013 C3                              	RET
    36 00000014                                 	GLOBAL	_exit
    37 00000014                                 _exit:
    38 00000014 55                              	PUSH	EBP
    39 00000015 89 E5                           	MOV	EBP,ESP
    40 00000017 5D                              	POP	EBP
    41 00000018 E9 [00000000]                   	JMP	_api_end
    42 0000001D                                 	GLOBAL	_printf
    43 0000001D                                 _printf:
    44 0000001D 55                              	PUSH	EBP
    45 0000001E 89 E5                           	MOV	EBP,ESP
    46 00000020 56                              	PUSH	ESI
    47 00000021 53                              	PUSH	EBX
    48 00000022 81 EC 000003F0                  	SUB	ESP,1008
    49 00000028 8D 45 0C                        	LEA	EAX,DWORD [12+EBP]
    50 0000002B 8D 9D FFFFFC08                  	LEA	EBX,DWORD [-1016+EBP]
    51 00000031 50                              	PUSH	EAX
    52 00000032 FF 75 08                        	PUSH	DWORD [8+EBP]
    53 00000035 53                              	PUSH	EBX
    54 00000036 E8 [00000000]                   	CALL	_vsprintf
    55 0000003B 53                              	PUSH	EBX
    56 0000003C 89 C6                           	MOV	ESI,EAX
    57 0000003E E8 [00000000]                   	CALL	_api_putstr0
    58 00000043 8D 65 F8                        	LEA	ESP,DWORD [-8+EBP]
    59 00000046 89 F0                           	MOV	EAX,ESI
    60 00000048 5B                              	POP	EBX
    61 00000049 5E                              	POP	ESI
    62 0000004A 5D                              	POP	EBP
    63 0000004B C3                              	RET
    64 0000004C                                 	GLOBAL	_puts
    65 0000004C                                 _puts:
    66 0000004C 55                              	PUSH	EBP
    67 0000004D 89 E5                           	MOV	EBP,ESP
    68 0000004F 56                              	PUSH	ESI
    69 00000050 53                              	PUSH	EBX
    70 00000051 81 EC 000003F0                  	SUB	ESP,1008
    71 00000057 8D 45 0C                        	LEA	EAX,DWORD [12+EBP]
    72 0000005A 8D 9D FFFFFC08                  	LEA	EBX,DWORD [-1016+EBP]
    73 00000060 50                              	PUSH	EAX
    74 00000061 FF 75 08                        	PUSH	DWORD [8+EBP]
    75 00000064 53                              	PUSH	EBX
    76 00000065 E8 [00000000]                   	CALL	_vsprintf
    77 0000006A 53                              	PUSH	EBX
    78 0000006B 89 C6                           	MOV	ESI,EAX
    79 0000006D E8 [00000000]                   	CALL	_api_putstr0
    80 00000072 8D 65 F8                        	LEA	ESP,DWORD [-8+EBP]
    81 00000075 89 F0                           	MOV	EAX,ESI
    82 00000077 5B                              	POP	EBX
    83 00000078 5E                              	POP	ESI
    84 00000079 5D                              	POP	EBP
    85 0000007A C3                              	RET
    86                                          [SECTION .data]
    87 00000000                                 LC0:
    88 00000000 20 3E 74 76 69 65 77 20 66 69   	DB	" >tview filename [-w 60 -h 20 -t 4]",0x0A,0x00
       0000000A 6C 65 6E 61 6D 65 20 5B 2D 77 
       00000014 20 36 30 20 2D 68 20 32 30 20 
       0000001E 2D 74 20 34 5D 0A 00 
    89 00000025                                 LC1:
    90 00000025 74 76 69 65 77 00               	DB	"tview",0x00
    91 0000002B                                 LC2:
    92 0000002B 66 69 6C 65 20 6F 70 65 6E 20   	DB	"file open error.",0x0A,0x00
       00000035 65 72 72 6F 72 2E 0A 00 
    93                                          [SECTION .text]
    94 0000007B                                 	GLOBAL	_HighMain
    95 0000007B                                 _HighMain:
    96 0000007B 55                              	PUSH	EBP
    97 0000007C B8 000F9444                     	MOV	EAX,1020996
    98 00000081 89 E5                           	MOV	EBP,ESP
    99 00000083 57                              	PUSH	EDI
   100 00000084 56                              	PUSH	ESI
   101 00000085 31 FF                           	XOR	EDI,EDI
   102 00000087 53                              	PUSH	EBX
   103 00000088 8D 9D FFF06BD4                  	LEA	EBX,DWORD [-1020972+EBP]
   104 0000008E E8 [00000000]                   	CALL	__alloca
   105 00000093 6A 1E                           	PUSH	30
   106 00000095 53                              	PUSH	EBX
   107 00000096 C7 85 FFF06BCC 0000003C         	MOV	DWORD [-1020980+EBP],60
   108 000000A0 C7 85 FFF06BC8 00000014         	MOV	DWORD [-1020984+EBP],20
   109 000000AA C7 85 FFF06BC4 00000004         	MOV	DWORD [-1020988+EBP],4
   110 000000B4 C7 85 FFF06BC0 00000001         	MOV	DWORD [-1020992+EBP],1
   111 000000BE C7 85 FFF06BBC 00000001         	MOV	DWORD [-1020996+EBP],1
   112 000000C8 C7 85 FFF06BB4 00000000         	MOV	DWORD [-1021004+EBP],0
   113 000000D2 C7 85 FFF06BB0 00000000         	MOV	DWORD [-1021008+EBP],0
   114 000000DC E8 [00000000]                   	CALL	_api_cmdline
   115 000000E1 89 D9                           	MOV	ECX,EBX
   116 000000E3 5E                              	POP	ESI
   117 000000E4 89 9D FFF06BD0                  	MOV	DWORD [-1020976+EBP],EBX
   118 000000EA 58                              	POP	EAX
   119 000000EB 80 BD FFF06BD4 20               	CMP	BYTE [-1020972+EBP],32
   120 000000F2 7E 19                           	JLE	L99
   121 000000F4 8D 95 FFF06BD5                  	LEA	EDX,DWORD [-1020971+EBP]
   122 000000FA                                 L10:
   123 000000FA 89 D0                           	MOV	EAX,EDX
   124 000000FC 89 95 FFF06BD0                  	MOV	DWORD [-1020976+EBP],EDX
   125 00000102 8D 51 02                        	LEA	EDX,DWORD [2+ECX]
   126 00000105 89 C1                           	MOV	ECX,EAX
   127 00000107 80 7A FF 20                     	CMP	BYTE [-1+EDX],32
   128 0000010B 7F ED                           	JG	L10
   129 0000010D                                 L99:
   130 0000010D 8B 85 FFF06BD0                  	MOV	EAX,DWORD [-1020976+EBP]
   131 00000113 80 38 00                        	CMP	BYTE [EAX],0
   132 00000116 0F 84 0000012D                  	JE	L101
   133 0000011C FF B5 FFF06BD0                  	PUSH	DWORD [-1020976+EBP]
   134 00000122 E8 000003FD                     	CALL	_skipspace
   135 00000127 5B                              	POP	EBX
   136 00000128 89 C2                           	MOV	EDX,EAX
   137 0000012A 89 85 FFF06BD0                  	MOV	DWORD [-1020976+EBP],EAX
   138 00000130 8A 08                           	MOV	CL,BYTE [EAX]
   139 00000132 80 F9 2D                        	CMP	CL,45
   140 00000135 74 40                           	JE	L112
   141 00000137 85 FF                           	TEST	EDI,EDI
   142 00000139 74 12                           	JE	L113
   143 0000013B                                 L27:
   144 0000013B 68 [00000000]                   	PUSH	LC0
   145 00000140 E8 [00000000]                   	CALL	_api_putstr0
   146 00000145 E8 [00000000]                   	CALL	_api_end
   147 0000014A 5E                              	POP	ESI
   148 0000014B EB C0                           	JMP	L99
   149 0000014D                                 L113:
   150 0000014D 89 C7                           	MOV	EDI,EAX
   151 0000014F 80 F9 20                        	CMP	CL,32
   152 00000152 7E 15                           	JLE	L103
   153 00000154                                 L34:
   154 00000154 8B 95 FFF06BD0                  	MOV	EDX,DWORD [-1020976+EBP]
   155 0000015A 8D 42 01                        	LEA	EAX,DWORD [1+EDX]
   156 0000015D 89 85 FFF06BD0                  	MOV	DWORD [-1020976+EBP],EAX
   157 00000163 80 7A 01 20                     	CMP	BYTE [1+EDX],32
   158 00000167 7F EB                           	JG	L34
   159 00000169                                 L103:
   160 00000169 8B 85 FFF06BD0                  	MOV	EAX,DWORD [-1020976+EBP]
   161 0000016F 89 85 FFF06BB0                  	MOV	DWORD [-1021008+EBP],EAX
   162 00000175 EB 96                           	JMP	L99
   163 00000177                                 L112:
   164 00000177 8A 40 01                        	MOV	AL,BYTE [1+EAX]
   165 0000017A 3C 77                           	CMP	AL,119
   166 0000017C 0F 84 00000081                  	JE	L114
   167 00000182 3C 68                           	CMP	AL,104
   168 00000184 74 36                           	JE	L115
   169 00000186 3C 74                           	CMP	AL,116
   170 00000188 75 B1                           	JNE	L27
   171 0000018A 6A 00                           	PUSH	0
   172 0000018C 8D 85 FFF06BD0                  	LEA	EAX,DWORD [-1020976+EBP]
   173 00000192 50                              	PUSH	EAX
   174 00000193 8D 42 02                        	LEA	EAX,DWORD [2+EDX]
   175 00000196 50                              	PUSH	EAX
   176 00000197 E8 [00000000]                   	CALL	_strtol
   177 0000019C 83 C4 0C                        	ADD	ESP,12
   178 0000019F 85 C0                           	TEST	EAX,EAX
   179 000001A1 89 85 FFF06BC4                  	MOV	DWORD [-1020988+EBP],EAX
   180 000001A7 0F 8F FFFFFF60                  	JG	L99
   181 000001AD C7 85 FFF06BC4 00000004         	MOV	DWORD [-1020988+EBP],4
   182 000001B7 E9 FFFFFF51                     	JMP	L99
   183 000001BC                                 L115:
   184 000001BC 6A 00                           	PUSH	0
   185 000001BE 8D 85 FFF06BD0                  	LEA	EAX,DWORD [-1020976+EBP]
   186 000001C4 50                              	PUSH	EAX
   187 000001C5 8D 42 02                        	LEA	EAX,DWORD [2+EDX]
   188 000001C8 50                              	PUSH	EAX
   189 000001C9 E8 [00000000]                   	CALL	_strtol
   190 000001CE 83 C4 0C                        	ADD	ESP,12
   191 000001D1 85 C0                           	TEST	EAX,EAX
   192 000001D3 89 85 FFF06BC8                  	MOV	DWORD [-1020984+EBP],EAX
   193 000001D9 7E 1C                           	JLE	L116
   194 000001DB                                 L21:
   195 000001DB 83 BD FFF06BC8 2D               	CMP	DWORD [-1020984+EBP],45
   196 000001E2 0F 8E FFFFFF25                  	JLE	L99
   197 000001E8 C7 85 FFF06BC8 0000002D         	MOV	DWORD [-1020984+EBP],45
   198 000001F2 E9 FFFFFF16                     	JMP	L99
   199 000001F7                                 L116:
   200 000001F7 C7 85 FFF06BC8 00000001         	MOV	DWORD [-1020984+EBP],1
   201 00000201 EB D8                           	JMP	L21
   202 00000203                                 L114:
   203 00000203 6A 00                           	PUSH	0
   204 00000205 8D 85 FFF06BD0                  	LEA	EAX,DWORD [-1020976+EBP]
   205 0000020B 50                              	PUSH	EAX
   206 0000020C 8D 42 02                        	LEA	EAX,DWORD [2+EDX]
   207 0000020F 50                              	PUSH	EAX
   208 00000210 E8 [00000000]                   	CALL	_strtol
   209 00000215 83 C4 0C                        	ADD	ESP,12
   210 00000218 83 F8 13                        	CMP	EAX,19
   211 0000021B 89 85 FFF06BCC                  	MOV	DWORD [-1020980+EBP],EAX
   212 00000221 7F 0A                           	JG	L17
   213 00000223 C7 85 FFF06BCC 00000014         	MOV	DWORD [-1020980+EBP],20
   214 0000022D                                 L17:
   215 0000022D 83 BD FFF06BCC 7E               	CMP	DWORD [-1020980+EBP],126
   216 00000234 0F 8E FFFFFED3                  	JLE	L99
   217 0000023A C7 85 FFF06BCC 0000007E         	MOV	DWORD [-1020980+EBP],126
   218 00000244 E9 FFFFFEC4                     	JMP	L99
   219 00000249                                 L101:
   220 00000249 85 FF                           	TEST	EDI,EDI
   221 0000024B 0F 84 FFFFFEEA                  	JE	L27
   222 00000251 8B B5 FFF06BC8                  	MOV	ESI,DWORD [-1020984+EBP]
   223 00000257 8B 9D FFF06BCC                  	MOV	EBX,DWORD [-1020980+EBP]
   224 0000025D C1 E6 04                        	SAL	ESI,4
   225 00000260 68 [00000025]                   	PUSH	LC1
   226 00000265 C1 E3 03                        	SAL	EBX,3
   227 00000268 8D 46 25                        	LEA	EAX,DWORD [37+ESI]
   228 0000026B 83 C6 1E                        	ADD	ESI,30
   229 0000026E 50                              	PUSH	EAX
   230 0000026F 8D 43 10                        	LEA	EAX,DWORD [16+EBX]
   231 00000272 50                              	PUSH	EAX
   232 00000273 83 C3 09                        	ADD	EBX,9
   233 00000276 8D 85 FFF42BF4                  	LEA	EAX,DWORD [-775180+EBP]
   234 0000027C 50                              	PUSH	EAX
   235 0000027D E8 [00000000]                   	CALL	_api_openwin
   236 00000282 6A 07                           	PUSH	7
   237 00000284 56                              	PUSH	ESI
   238 00000285 53                              	PUSH	EBX
   239 00000286 89 85 FFF06BB8                  	MOV	DWORD [-1021000+EBP],EAX
   240 0000028C 6A 1B                           	PUSH	27
   241 0000028E 6A 06                           	PUSH	6
   242 00000290 50                              	PUSH	EAX
   243 00000291 E8 [00000000]                   	CALL	_api_boxfilwin
   244 00000296 83 C4 28                        	ADD	ESP,40
   245 00000299 8B 8D FFF06BB0                  	MOV	ECX,DWORD [-1021008+EBP]
   246 0000029F C6 01 00                        	MOV	BYTE [ECX],0
   247 000002A2 57                              	PUSH	EDI
   248 000002A3 E8 [00000000]                   	CALL	_api_fopen
   249 000002A8 5B                              	POP	EBX
   250 000002A9 89 C7                           	MOV	EDI,EAX
   251 000002AB 85 C0                           	TEST	EAX,EAX
   252 000002AD 75 10                           	JNE	L37
   253 000002AF 68 [0000002B]                   	PUSH	LC2
   254 000002B4 E8 [00000000]                   	CALL	_api_putstr0
   255 000002B9 E8 [00000000]                   	CALL	_api_end
   256 000002BE 59                              	POP	ECX
   257 000002BF                                 L37:
   258 000002BF 6A 00                           	PUSH	0
   259 000002C1 57                              	PUSH	EDI
   260 000002C2 E8 [00000000]                   	CALL	_api_fsize
   261 000002C7 89 C6                           	MOV	ESI,EAX
   262 000002C9 58                              	POP	EAX
   263 000002CA 5A                              	POP	EDX
   264 000002CB 81 FE 0003BFFE                  	CMP	ESI,245758
   265 000002D1 7E 05                           	JLE	L38
   266 000002D3 BE 0003BFFE                     	MOV	ESI,245758
   267 000002D8                                 L38:
   268 000002D8 57                              	PUSH	EDI
   269 000002D9 8D 9D FFF06BF5                  	LEA	EBX,DWORD [-1020939+EBP]
   270 000002DF 56                              	PUSH	ESI
   271 000002E0 53                              	PUSH	EBX
   272 000002E1 C6 85 FFF06BF4 0A               	MOV	BYTE [-1020940+EBP],10
   273 000002E8 E8 [00000000]                   	CALL	_api_fread
   274 000002ED 57                              	PUSH	EDI
   275 000002EE 89 DF                           	MOV	EDI,EBX
   276 000002F0 E8 [00000000]                   	CALL	_api_fclose
   277 000002F5 C6 84 35 FFF06BF5 00            	MOV	BYTE [-1020939+EBP+ESI*1],0
   278 000002FD 83 C4 10                        	ADD	ESP,16
   279 00000300 89 9D FFF06BD0                  	MOV	DWORD [-1020976+EBP],EBX
   280 00000306 80 BD FFF06BF5 00               	CMP	BYTE [-1020939+EBP],0
   281 0000030D 74 24                           	JE	L105
   282 0000030F                                 L44:
   283 0000030F 8B 85 FFF06BD0                  	MOV	EAX,DWORD [-1020976+EBP]
   284 00000315 8A 00                           	MOV	AL,BYTE [EAX]
   285 00000317 3C 0D                           	CMP	AL,13
   286 00000319 74 03                           	JE	L41
   287 0000031B 88 07                           	MOV	BYTE [EDI],AL
   288 0000031D 47                              	INC	EDI
   289 0000031E                                 L41:
   290 0000031E 8B 95 FFF06BD0                  	MOV	EDX,DWORD [-1020976+EBP]
   291 00000324 8D 42 01                        	LEA	EAX,DWORD [1+EDX]
   292 00000327 89 85 FFF06BD0                  	MOV	DWORD [-1020976+EBP],EAX
   293 0000032D 80 7A 01 00                     	CMP	BYTE [1+EDX],0
   294 00000331 75 DC                           	JNE	L44
   295 00000333                                 L105:
   296 00000333 8D 85 FFF06BF5                  	LEA	EAX,DWORD [-1020939+EBP]
   297 00000339 C6 07 00                        	MOV	BYTE [EDI],0
   298 0000033C 89 85 FFF06BD0                  	MOV	DWORD [-1020976+EBP],EAX
   299 00000342                                 L45:
   300 00000342 6A 00                           	PUSH	0
   301 00000344 FF B5 FFF06BC4                  	PUSH	DWORD [-1020988+EBP]
   302 0000034A FF B5 FFF06BD0                  	PUSH	DWORD [-1020976+EBP]
   303 00000350 FF B5 FFF06BB4                  	PUSH	DWORD [-1021004+EBP]
   304 00000356 FF B5 FFF06BC8                  	PUSH	DWORD [-1020984+EBP]
   305 0000035C FF B5 FFF06BCC                  	PUSH	DWORD [-1020980+EBP]
   306 00000362 FF B5 FFF06BB8                  	PUSH	DWORD [-1021000+EBP]
   307 00000368 E8 000001CC                     	CALL	_textview
   308 0000036D 6A 01                           	PUSH	1
   309 0000036F E8 [00000000]                   	CALL	_api_getkey
   310 00000374 83 C4 20                        	ADD	ESP,32
   311 00000377 89 C7                           	MOV	EDI,EAX
   312 00000379 83 F8 51                        	CMP	EAX,81
   313 0000037C 0F 84 00000198                  	JE	L49
   314 00000382 83 F8 71                        	CMP	EAX,113
   315 00000385 0F 84 0000018F                  	JE	L49
   316 0000038B                                 L48:
   317 0000038B 8D 4F BF                        	LEA	ECX,DWORD [-65+EDI]
   318 0000038E 83 F9 05                        	CMP	ECX,5
   319 00000391 77 10                           	JA	L50
   320 00000393 C7 85 FFF06BC0 00000001         	MOV	DWORD [-1020992+EBP],1
   321 0000039D D3 A5 FFF06BC0                  	SAL	DWORD [-1020992+EBP],CL
   322 000003A3                                 L50:
   323 000003A3 8D 4F 9F                        	LEA	ECX,DWORD [-97+EDI]
   324 000003A6 83 F9 05                        	CMP	ECX,5
   325 000003A9 77 10                           	JA	L51
   326 000003AB C7 85 FFF06BBC 00000001         	MOV	DWORD [-1020996+EBP],1
   327 000003B5 D3 A5 FFF06BBC                  	SAL	DWORD [-1020996+EBP],CL
   328 000003BB                                 L51:
   329 000003BB 83 FF 3C                        	CMP	EDI,60
   330 000003BE 0F 84 0000012E                  	JE	L117
   331 000003C4                                 L52:
   332 000003C4 83 FF 3E                        	CMP	EDI,62
   333 000003C7 0F 84 0000010A                  	JE	L118
   334 000003CD                                 L53:
   335 000003CD 83 FF 34                        	CMP	EDI,52
   336 000003D0 0F 84 000000D5                  	JE	L55
   337 000003D6                                 L54:
   338 000003D6 83 FF 36                        	CMP	EDI,54
   339 000003D9 0F 84 000000AE                  	JE	L61
   340 000003DF                                 L60:
   341 000003DF 83 FF 38                        	CMP	EDI,56
   342 000003E2 74 52                           	JE	L66
   343 000003E4                                 L65:
   344 000003E4 83 FF 32                        	CMP	EDI,50
   345 000003E7                                 L111:
   346 000003E7 0F 85 FFFFFF55                  	JNE	L45
   347 000003ED 31 F6                           	XOR	ESI,ESI
   348 000003EF 3B B5 FFF06BBC                  	CMP	ESI,DWORD [-1020996+EBP]
   349 000003F5 7D 32                           	JGE	L86
   350 000003F7                                 L96:
   351 000003F7 8B BD FFF06BD0                  	MOV	EDI,DWORD [-1020976+EBP]
   352 000003FD 8A 07                           	MOV	AL,BYTE [EDI]
   353 000003FF 84 C0                           	TEST	AL,AL
   354 00000401 74 0F                           	JE	L90
   355 00000403 3C 0A                           	CMP	AL,10
   356 00000405 74 0B                           	JE	L90
   357 00000407                                 L94:
   358 00000407 47                              	INC	EDI
   359 00000408 8A 07                           	MOV	AL,BYTE [EDI]
   360 0000040A 84 C0                           	TEST	AL,AL
   361 0000040C 74 04                           	JE	L90
   362 0000040E 3C 0A                           	CMP	AL,10
   363 00000410 75 F5                           	JNE	L94
   364 00000412                                 L90:
   365 00000412 80 3F 00                        	CMP	BYTE [EDI],0
   366 00000415 74 12                           	JE	L86
   367 00000417 8D 47 01                        	LEA	EAX,DWORD [1+EDI]
   368 0000041A 46                              	INC	ESI
   369 0000041B 89 85 FFF06BD0                  	MOV	DWORD [-1020976+EBP],EAX
   370 00000421 3B B5 FFF06BBC                  	CMP	ESI,DWORD [-1020996+EBP]
   371 00000427 7C CE                           	JL	L96
   372 00000429                                 L86:
   373 00000429 6A 00                           	PUSH	0
   374 0000042B E8 [00000000]                   	CALL	_api_getkey
   375 00000430 5A                              	POP	EDX
   376 00000431 83 F8 32                        	CMP	EAX,50
   377 00000434 EB B1                           	JMP	L111
   378 00000436                                 L66:
   379 00000436 31 F6                           	XOR	ESI,ESI
   380 00000438 3B B5 FFF06BBC                  	CMP	ESI,DWORD [-1020996+EBP]
   381 0000043E 7D 3B                           	JGE	L70
   382 00000440                                 L79:
   383 00000440 8D 85 FFF06BF5                  	LEA	EAX,DWORD [-1020939+EBP]
   384 00000446 8B 95 FFF06BD0                  	MOV	EDX,DWORD [-1020976+EBP]
   385 0000044C 39 C2                           	CMP	EDX,EAX
   386 0000044E 74 2B                           	JE	L70
   387 00000450 8D 42 FF                        	LEA	EAX,DWORD [-1+EDX]
   388 00000453 89 85 FFF06BD0                  	MOV	DWORD [-1020976+EBP],EAX
   389 00000459 80 78 FF 0A                     	CMP	BYTE [-1+EAX],10
   390 0000045D 74 13                           	JE	L108
   391 0000045F                                 L78:
   392 0000045F 8B 85 FFF06BD0                  	MOV	EAX,DWORD [-1020976+EBP]
   393 00000465 48                              	DEC	EAX
   394 00000466 89 85 FFF06BD0                  	MOV	DWORD [-1020976+EBP],EAX
   395 0000046C 80 78 FF 0A                     	CMP	BYTE [-1+EAX],10
   396 00000470 75 ED                           	JNE	L78
   397 00000472                                 L108:
   398 00000472 46                              	INC	ESI
   399 00000473 3B B5 FFF06BBC                  	CMP	ESI,DWORD [-1020996+EBP]
   400 00000479 7C C5                           	JL	L79
   401 0000047B                                 L70:
   402 0000047B 6A 00                           	PUSH	0
   403 0000047D E8 [00000000]                   	CALL	_api_getkey
   404 00000482 59                              	POP	ECX
   405 00000483 83 F8 38                        	CMP	EAX,56
   406 00000486 74 AE                           	JE	L66
   407 00000488 E9 FFFFFF57                     	JMP	L65
   408 0000048D                                 L61:
   409 0000048D 8B 8D FFF06BC0                  	MOV	ECX,DWORD [-1020992+EBP]
   410 00000493 6A 00                           	PUSH	0
   411 00000495 01 8D FFF06BB4                  	ADD	DWORD [-1021004+EBP],ECX
   412 0000049B E8 [00000000]                   	CALL	_api_getkey
   413 000004A0 83 F8 36                        	CMP	EAX,54
   414 000004A3 5B                              	POP	EBX
   415 000004A4 74 E7                           	JE	L61
   416 000004A6 E9 FFFFFF34                     	JMP	L60
   417 000004AB                                 L55:
   418 000004AB 8B 85 FFF06BC0                  	MOV	EAX,DWORD [-1020992+EBP]
   419 000004B1 29 85 FFF06BB4                  	SUB	DWORD [-1021004+EBP],EAX
   420 000004B7 78 12                           	JS	L119
   421 000004B9                                 L58:
   422 000004B9 6A 00                           	PUSH	0
   423 000004BB E8 [00000000]                   	CALL	_api_getkey
   424 000004C0 5E                              	POP	ESI
   425 000004C1 83 F8 34                        	CMP	EAX,52
   426 000004C4 74 E5                           	JE	L55
   427 000004C6 E9 FFFFFF0B                     	JMP	L54
   428 000004CB                                 L119:
   429 000004CB C7 85 FFF06BB4 00000000         	MOV	DWORD [-1021004+EBP],0
   430 000004D5 EB E2                           	JMP	L58
   431 000004D7                                 L118:
   432 000004D7 81 BD FFF06BC4 000000FF         	CMP	DWORD [-1020988+EBP],255
   433 000004E1 0F 8F FFFFFEE6                  	JG	L53
   434 000004E7 D1 A5 FFF06BC4                  	SAL	DWORD [-1020988+EBP],1
   435 000004ED E9 FFFFFEDB                     	JMP	L53
   436 000004F2                                 L117:
   437 000004F2 83 BD FFF06BC4 01               	CMP	DWORD [-1020988+EBP],1
   438 000004F9 0F 8E FFFFFEC5                  	JLE	L52
   439 000004FF 8B 85 FFF06BC4                  	MOV	EAX,DWORD [-1020988+EBP]
   440 00000505 BA 00000002                     	MOV	EDX,2
   441 0000050A 89 D1                           	MOV	ECX,EDX
   442 0000050C 99                              	CDQ
   443 0000050D F7 F9                           	IDIV	ECX
   444 0000050F 89 85 FFF06BC4                  	MOV	DWORD [-1020988+EBP],EAX
   445 00000515 E9 FFFFFEAA                     	JMP	L52
   446 0000051A                                 L49:
   447 0000051A E8 [00000000]                   	CALL	_api_end
   448 0000051F E9 FFFFFE67                     	JMP	L48
   449 00000524                                 	GLOBAL	_skipspace
   450 00000524                                 _skipspace:
   451 00000524 55                              	PUSH	EBP
   452 00000525 89 E5                           	MOV	EBP,ESP
   453 00000527 8B 45 08                        	MOV	EAX,DWORD [8+EBP]
   454 0000052A 80 38 20                        	CMP	BYTE [EAX],32
   455 0000052D 74 02                           	JE	L125
   456 0000052F                                 L127:
   457 0000052F 5D                              	POP	EBP
   458 00000530 C3                              	RET
   459 00000531                                 L125:
   460 00000531 40                              	INC	EAX
   461 00000532 80 38 20                        	CMP	BYTE [EAX],32
   462 00000535 74 FA                           	JE	L125
   463 00000537 EB F6                           	JMP	L127
   464 00000539                                 	GLOBAL	_textview
   465 00000539                                 _textview:
   466 00000539 55                              	PUSH	EBP
   467 0000053A 89 E5                           	MOV	EBP,ESP
   468 0000053C 57                              	PUSH	EDI
   469 0000053D 56                              	PUSH	ESI
   470 0000053E 53                              	PUSH	EBX
   471 0000053F 83 EC 18                        	SUB	ESP,24
   472 00000542 8B 45 08                        	MOV	EAX,DWORD [8+EBP]
   473 00000545 8B 55 0C                        	MOV	EDX,DWORD [12+EBP]
   474 00000548 89 45 F0                        	MOV	DWORD [-16+EBP],EAX
   475 0000054B 8B 75 10                        	MOV	ESI,DWORD [16+EBP]
   476 0000054E 8B 45 14                        	MOV	EAX,DWORD [20+EBP]
   477 00000551 89 55 EC                        	MOV	DWORD [-20+EBP],EDX
   478 00000554 89 45 E8                        	MOV	DWORD [-24+EBP],EAX
   479 00000557 8B 55 18                        	MOV	EDX,DWORD [24+EBP]
   480 0000055A 8B 45 1C                        	MOV	EAX,DWORD [28+EBP]
   481 0000055D 89 55 E4                        	MOV	DWORD [-28+EBP],EDX
   482 00000560 89 45 E0                        	MOV	DWORD [-32+EBP],EAX
   483 00000563 8B 55 20                        	MOV	EDX,DWORD [32+EBP]
   484 00000566 89 F0                           	MOV	EAX,ESI
   485 00000568 89 55 DC                        	MOV	DWORD [-36+EBP],EDX
   486 0000056B C1 E0 04                        	SAL	EAX,4
   487 0000056E 6A 07                           	PUSH	7
   488 00000570 83 C0 1C                        	ADD	EAX,28
   489 00000573 50                              	PUSH	EAX
   490 00000574 8B 55 EC                        	MOV	EDX,DWORD [-20+EBP]
   491 00000577 8D 04 D5 00000007               	LEA	EAX,DWORD [7+EDX*8]
   492 0000057E 50                              	PUSH	EAX
   493 0000057F 6A 1D                           	PUSH	29
   494 00000581 6A 08                           	PUSH	8
   495 00000583 8B 45 F0                        	MOV	EAX,DWORD [-16+EBP]
   496 00000586 40                              	INC	EAX
   497 00000587 50                              	PUSH	EAX
   498 00000588 E8 [00000000]                   	CALL	_api_boxfilwin
   499 0000058D 83 C4 18                        	ADD	ESP,24
   500 00000590 85 F6                           	TEST	ESI,ESI
   501 00000592 7E 2B                           	JLE	L135
   502 00000594 BF 0000001D                     	MOV	EDI,29
   503 00000599 89 F3                           	MOV	EBX,ESI
   504 0000059B                                 L133:
   505 0000059B FF 75 DC                        	PUSH	DWORD [-36+EBP]
   506 0000059E FF 75 E0                        	PUSH	DWORD [-32+EBP]
   507 000005A1 FF 75 E4                        	PUSH	DWORD [-28+EBP]
   508 000005A4 FF 75 E8                        	PUSH	DWORD [-24+EBP]
   509 000005A7 57                              	PUSH	EDI
   510 000005A8 83 C7 10                        	ADD	EDI,16
   511 000005AB FF 75 EC                        	PUSH	DWORD [-20+EBP]
   512 000005AE FF 75 F0                        	PUSH	DWORD [-16+EBP]
   513 000005B1 E8 0000003F                     	CALL	_lineview
   514 000005B6 83 C4 1C                        	ADD	ESP,28
   515 000005B9 4B                              	DEC	EBX
   516 000005BA 89 45 E4                        	MOV	DWORD [-28+EBP],EAX
   517 000005BD 75 DC                           	JNE	L133
   518 000005BF                                 L135:
   519 000005BF C1 E6 04                        	SAL	ESI,4
   520 000005C2 8B 55 EC                        	MOV	EDX,DWORD [-20+EBP]
   521 000005C5 C7 45 10 0000001D               	MOV	DWORD [16+EBP],29
   522 000005CC 8D 46 1D                        	LEA	EAX,DWORD [29+ESI]
   523 000005CF 89 45 18                        	MOV	DWORD [24+EBP],EAX
   524 000005D2 8D 04 D5 00000008               	LEA	EAX,DWORD [8+EDX*8]
   525 000005D9 89 45 14                        	MOV	DWORD [20+EBP],EAX
   526 000005DC 8B 45 F0                        	MOV	EAX,DWORD [-16+EBP]
   527 000005DF C7 45 0C 00000008               	MOV	DWORD [12+EBP],8
   528 000005E6 89 45 08                        	MOV	DWORD [8+EBP],EAX
   529 000005E9 8D 65 F4                        	LEA	ESP,DWORD [-12+EBP]
   530 000005EC 5B                              	POP	EBX
   531 000005ED 5E                              	POP	ESI
   532 000005EE 5F                              	POP	EDI
   533 000005EF 5D                              	POP	EBP
   534 000005F0 E9 [00000000]                   	JMP	_api_refreshwin
   535 000005F5                                 	GLOBAL	_lineview
   536 000005F5                                 _lineview:
   537 000005F5 55                              	PUSH	EBP
   538 000005F6 89 E5                           	MOV	EBP,ESP
   539 000005F8 57                              	PUSH	EDI
   540 000005F9 56                              	PUSH	ESI
   541 000005FA 53                              	PUSH	EBX
   542 000005FB 81 EC 00000090                  	SUB	ESP,144
   543 00000601 8B 7D 14                        	MOV	EDI,DWORD [20+EBP]
   544 00000604 8B 75 0C                        	MOV	ESI,DWORD [12+EBP]
   545 00000607 89 FA                           	MOV	EDX,EDI
   546 00000609 8B 5D 18                        	MOV	EBX,DWORD [24+EBP]
   547 0000060C F7 DA                           	NEG	EDX
   548 0000060E                                 L137:
   549 0000060E 8A 03                           	MOV	AL,BYTE [EBX]
   550 00000610 84 C0                           	TEST	AL,AL
   551 00000612 74 3B                           	JE	L138
   552 00000614 3C 0A                           	CMP	AL,10
   553 00000616 74 36                           	JE	L148
   554 00000618 83 7D 20 00                     	CMP	DWORD [32+EBP],0
   555 0000061C 75 F0                           	JNE	L137
   556 0000061E 3C 09                           	CMP	AL,9
   557 00000620 74 13                           	JE	L149
   558 00000622 85 D2                           	TEST	EDX,EDX
   559 00000624 78 0B                           	JS	L145
   560 00000626 39 F2                           	CMP	EDX,ESI
   561 00000628 7D 07                           	JGE	L145
   562 0000062A 88 84 15 FFFFFF64               	MOV	BYTE [-156+EBP+EDX*1],AL
   563 00000631                                 L145:
   564 00000631 42                              	INC	EDX
   565 00000632                                 L144:
   566 00000632 43                              	INC	EBX
   567 00000633 EB D9                           	JMP	L137
   568 00000635                                 L149:
   569 00000635 FF 75 1C                        	PUSH	DWORD [28+EBP]
   570 00000638 8D 85 FFFFFF64                  	LEA	EAX,DWORD [-156+EBP]
   571 0000063E 50                              	PUSH	EAX
   572 0000063F 57                              	PUSH	EDI
   573 00000640 56                              	PUSH	ESI
   574 00000641 52                              	PUSH	EDX
   575 00000642 E8 00000040                     	CALL	_puttab
   576 00000647 83 C4 14                        	ADD	ESP,20
   577 0000064A 89 C2                           	MOV	EDX,EAX
   578 0000064C EB E4                           	JMP	L144
   579 0000064E                                 L148:
   580 0000064E 43                              	INC	EBX
   581 0000064F                                 L138:
   582 0000064F 39 F2                           	CMP	EDX,ESI
   583 00000651 7E 02                           	JLE	L146
   584 00000653 89 F2                           	MOV	EDX,ESI
   585 00000655                                 L146:
   586 00000655 85 D2                           	TEST	EDX,EDX
   587 00000657 7E 24                           	JLE	L147
   588 00000659 8D 85 FFFFFF64                  	LEA	EAX,DWORD [-156+EBP]
   589 0000065F 50                              	PUSH	EAX
   590 00000660 8B 45 08                        	MOV	EAX,DWORD [8+EBP]
   591 00000663 52                              	PUSH	EDX
   592 00000664 40                              	INC	EAX
   593 00000665 6A 00                           	PUSH	0
   594 00000667 FF 75 10                        	PUSH	DWORD [16+EBP]
   595 0000066A 6A 08                           	PUSH	8
   596 0000066C 50                              	PUSH	EAX
   597 0000066D C6 84 15 FFFFFF64 00            	MOV	BYTE [-156+EBP+EDX*1],0
   598 00000675 E8 [00000000]                   	CALL	_api_putstrwin
   599 0000067A 83 C4 18                        	ADD	ESP,24
   600 0000067D                                 L147:
   601 0000067D 8D 65 F4                        	LEA	ESP,DWORD [-12+EBP]
   602 00000680 89 D8                           	MOV	EAX,EBX
   603 00000682 5B                              	POP	EBX
   604 00000683 5E                              	POP	ESI
   605 00000684 5F                              	POP	EDI
   606 00000685 5D                              	POP	EBP
   607 00000686 C3                              	RET
   608 00000687                                 	GLOBAL	_puttab
   609 00000687                                 _puttab:
   610 00000687 55                              	PUSH	EBP
   611 00000688 89 E5                           	MOV	EBP,ESP
   612 0000068A 57                              	PUSH	EDI
   613 0000068B 56                              	PUSH	ESI
   614 0000068C 53                              	PUSH	EBX
   615 0000068D 8B 4D 08                        	MOV	ECX,DWORD [8+EBP]
   616 00000690 8B 7D 10                        	MOV	EDI,DWORD [16+EBP]
   617 00000693 8B 75 14                        	MOV	ESI,DWORD [20+EBP]
   618 00000696 8B 5D 18                        	MOV	EBX,DWORD [24+EBP]
   619 00000699                                 L151:
   620 00000699 85 C9                           	TEST	ECX,ECX
   621 0000069B 78 09                           	JS	L154
   622 0000069D 3B 4D 0C                        	CMP	ECX,DWORD [12+EBP]
   623 000006A0 7D 04                           	JGE	L154
   624 000006A2 C6 04 31 20                     	MOV	BYTE [ECX+ESI*1],32
   625 000006A6                                 L154:
   626 000006A6 41                              	INC	ECX
   627 000006A7 8D 04 0F                        	LEA	EAX,DWORD [EDI+ECX*1]
   628 000006AA 99                              	CDQ
   629 000006AB F7 FB                           	IDIV	EBX
   630 000006AD 85 D2                           	TEST	EDX,EDX
   631 000006AF 75 E8                           	JNE	L151
   632 000006B1 5B                              	POP	EBX
   633 000006B2 89 C8                           	MOV	EAX,ECX
   634 000006B4 5E                              	POP	ESI
   635 000006B5 5F                              	POP	EDI
   636 000006B6 5D                              	POP	EBP
   637 000006B7 C3                              	RET
